# JRE version: Java(TM) SE Runtime Environment (17.0.9+11) (build 17.0.9+11-LTS-201)
# Java VM: Java HotSpot(TM) 64-Bit Server VM (17.0.9+11-LTS-201, mixed mode, sharing, tiered, compressed oops, compressed class ptrs, g1 gc, windows-amd64)
GC Precious Log:
 CPUs: 8 total, 8 available
 Memory: 32494M
 Large Page Support: Disabled
 NUMA Support: Disabled
 Compressed Oops: Enabled (Zero based)
 Heap Region Size: 4M
 Heap Min Capacity: 8M
 Heap Initial Capacity: 508M
 Heap Max Capacity: 8124M
 Pre-touch: Disabled
 Parallel Workers: 8
 Concurrent Workers: 2
 Concurrent Refinement Workers: 8
 Periodic GC: Disabled
Heap:
 garbage-first heap   total 307200K, used 197657K [0x0000000604400000, 0x0000000800000000)
  region size 4096K, 39 young (159744K), 3 survivors (12288K)
 Metaspace       used 89162K, committed 89856K, reserved 1179648K
  class space    used 11593K, committed 11968K, reserved 1048576K
GC Heap History (20 events):
Event: 14.593 GC heap before
{Heap before GC invocations=23 (full 0):
 garbage-first heap   total 81920K, used 62009K [0x0000000604400000, 0x0000000800000000)
  region size 4096K, 6 young (24576K), 1 survivors (4096K)
 Metaspace       used 69156K, committed 69696K, reserved 1114112K
  class space    used 9279K, committed 9536K, reserved 1048576K
}
Event: 14.598 GC heap after
{Heap after GC invocations=24 (full 0):
 garbage-first heap   total 81920K, used 43126K [0x0000000604400000, 0x0000000800000000)
  region size 4096K, 1 young (4096K), 1 survivors (4096K)
 Metaspace       used 69156K, committed 69696K, reserved 1114112K
  class space    used 9279K, committed 9536K, reserved 1048576K
}
Event: 14.977 GC heap before
{Heap before GC invocations=25 (full 0):
 garbage-first heap   total 81920K, used 63606K [0x0000000604400000, 0x0000000800000000)
  region size 4096K, 6 young (24576K), 1 survivors (4096K)
 Metaspace       used 70411K, committed 70912K, reserved 1114112K
  class space    used 9447K, committed 9664K, reserved 1048576K
}
Event: 14.982 GC heap after
{Heap after GC invocations=26 (full 0):
 garbage-first heap   total 81920K, used 44531K [0x0000000604400000, 0x0000000800000000)
  region size 4096K, 1 young (4096K), 1 survivors (4096K)
 Metaspace       used 70411K, committed 70912K, reserved 1114112K
  class space    used 9447K, committed 9664K, reserved 1048576K
}
Event: 15.476 GC heap before
{Heap before GC invocations=26 (full 0):
 garbage-first heap   total 81920K, used 60915K [0x0000000604400000, 0x0000000800000000)
  region size 4096K, 5 young (20480K), 1 survivors (4096K)
 Metaspace       used 71082K, committed 71616K, reserved 1114112K
  class space    used 9518K, committed 9792K, reserved 1048576K
}
Event: 15.480 GC heap after
{Heap after GC invocations=27 (full 0):
 garbage-first heap   total 81920K, used 45534K [0x0000000604400000, 0x0000000800000000)
  region size 4096K, 1 young (4096K), 1 survivors (4096K)
 Metaspace       used 71082K, committed 71616K, reserved 1114112K
  class space    used 9518K, committed 9792K, reserved 1048576K
}
Event: 15.890 GC heap before
{Heap before GC invocations=28 (full 0):
 garbage-first heap   total 90112K, used 61918K [0x0000000604400000, 0x0000000800000000)
  region size 4096K, 5 young (20480K), 1 survivors (4096K)
 Metaspace       used 71560K, committed 72128K, reserved 1114112K
  class space    used 9604K, committed 9920K, reserved 1048576K
}
Event: 15.895 GC heap after
{Heap after GC invocations=29 (full 0):
 garbage-first heap   total 90112K, used 46561K [0x0000000604400000, 0x0000000800000000)
  region size 4096K, 1 young (4096K), 1 survivors (4096K)
 Metaspace       used 71560K, committed 72128K, reserved 1114112K
  class space    used 9604K, committed 9920K, reserved 1048576K
}
Event: 15.984 GC heap before
{Heap before GC invocations=29 (full 0):
 garbage-first heap   total 90112K, used 50657K [0x0000000604400000, 0x0000000800000000)
  region size 4096K, 2 young (8192K), 1 survivors (4096K)
 Metaspace       used 71652K, committed 72256K, reserved 1114112K
  class space    used 9616K, committed 9920K, reserved 1048576K
}
Event: 15.991 GC heap after
{Heap after GC invocations=30 (full 0):
 garbage-first heap   total 307200K, used 46322K [0x0000000604400000, 0x0000000800000000)
  region size 4096K, 1 young (4096K), 1 survivors (4096K)
 Metaspace       used 71652K, committed 72256K, reserved 1114112K
  class space    used 9616K, committed 9920K, reserved 1048576K
}
Event: 1794.101 GC heap before
{Heap before GC invocations=30 (full 0):
 garbage-first heap   total 307200K, used 222450K [0x0000000604400000, 0x0000000800000000)
  region size 4096K, 45 young (184320K), 1 survivors (4096K)
 Metaspace       used 86486K, committed 87168K, reserved 1179648K
  class space    used 11547K, committed 11840K, reserved 1048576K
}
Event: 1794.112 GC heap after
{Heap after GC invocations=31 (full 0):
 garbage-first heap   total 307200K, used 54328K [0x0000000604400000, 0x0000000800000000)
  region size 4096K, 3 young (12288K), 3 survivors (12288K)
 Metaspace       used 86486K, committed 87168K, reserved 1179648K
  class space    used 11547K, committed 11840K, reserved 1048576K
}
Event: 7106.131 GC heap before
{Heap before GC invocations=31 (full 0):
 garbage-first heap   total 307200K, used 226360K [0x0000000604400000, 0x0000000800000000)
  region size 4096K, 45 young (184320K), 3 survivors (12288K)
 Metaspace       used 87800K, committed 88448K, reserved 1179648K
  class space    used 11579K, committed 11904K, reserved 1048576K
}
Event: 7106.141 GC heap after
{Heap after GC invocations=32 (full 0):
 garbage-first heap   total 307200K, used 57098K [0x0000000604400000, 0x0000000800000000)
  region size 4096K, 4 young (16384K), 4 survivors (16384K)
 Metaspace       used 87800K, committed 88448K, reserved 1179648K
  class space    used 11579K, committed 11904K, reserved 1048576K
}
Event: 155883.116 GC heap before
{Heap before GC invocations=32 (full 0):
 garbage-first heap   total 307200K, used 225034K [0x0000000604400000, 0x0000000800000000)
  region size 4096K, 45 young (184320K), 4 survivors (16384K)
 Metaspace       used 88453K, committed 89216K, reserved 1179648K
  class space    used 11591K, committed 11968K, reserved 1048576K
}
Event: 155883.218 GC heap after
{Heap after GC invocations=33 (full 0):
 garbage-first heap   total 307200K, used 58642K [0x0000000604400000, 0x0000000800000000)
  region size 4096K, 4 young (16384K), 4 survivors (16384K)
 Metaspace       used 88453K, committed 89216K, reserved 1179648K
  class space    used 11591K, committed 11968K, reserved 1048576K
}
Event: 161403.913 GC heap before
{Heap before GC invocations=33 (full 0):
 garbage-first heap   total 307200K, used 226578K [0x0000000604400000, 0x0000000800000000)
  region size 4096K, 45 young (184320K), 4 survivors (16384K)
 Metaspace       used 88866K, committed 89536K, reserved 1179648K
  class space    used 11592K, committed 11968K, reserved 1048576K
}
Event: 161404.021 GC heap after
{Heap after GC invocations=34 (full 0):
 garbage-first heap   total 307200K, used 54378K [0x0000000604400000, 0x0000000800000000)
  region size 4096K, 3 young (12288K), 3 survivors (12288K)
 Metaspace       used 88866K, committed 89536K, reserved 1179648K
  class space    used 11592K, committed 11968K, reserved 1048576K
}
Event: 167022.989 GC heap before
{Heap before GC invocations=34 (full 0):
 garbage-first heap   total 307200K, used 226410K [0x0000000604400000, 0x0000000800000000)
  region size 4096K, 45 young (184320K), 3 survivors (12288K)
 Metaspace       used 89010K, committed 89728K, reserved 1179648K
  class space    used 11592K, committed 11968K, reserved 1048576K
}
Event: 167023.104 GC heap after
{Heap after GC invocations=35 (full 0):
 garbage-first heap   total 307200K, used 54297K [0x0000000604400000, 0x0000000800000000)
  region size 4096K, 3 young (12288K), 3 survivors (12288K)
 Metaspace       used 89010K, committed 89728K, reserved 1179648K
  class space    used 11592K, committed 11968K, reserved 1048576K
}

