# JRE version: Java(TM) SE Runtime Environment (17.0.9+11) (build 17.0.9+11-LTS-201)
# Java VM: Java HotSpot(TM) 64-Bit Server VM (17.0.9+11-LTS-201, mixed mode, sharing, tiered, compressed oops, compressed class ptrs, g1 gc, windows-amd64)
GC Precious Log:
 CPUs: 8 total, 8 available
 Memory: 32494M
 Large Page Support: Disabled
 NUMA Support: Disabled
 Compressed Oops: Enabled (Zero based)
 Heap Region Size: 4M
 Heap Min Capacity: 8M
 Heap Initial Capacity: 508M
 Heap Max Capacity: 8124M
 Pre-touch: Disabled
 Parallel Workers: 8
 Concurrent Workers: 2
 Concurrent Refinement Workers: 8
 Periodic GC: Disabled
Heap:
 garbage-first heap   total 98304K, used 63118K [0x0000000604400000, 0x0000000800000000)
  region size 4096K, 10 young (40960K), 0 survivors (0K)
 Metaspace       used 61814K, committed 62400K, reserved 1114112K
  class space    used 7763K, committed 8064K, reserved 1048576K
GC Heap History (20 events):
Event: 12726.877 GC heap before
{Heap before GC invocations=34 (full 0):
 garbage-first heap   total 98304K, used 74739K [0x0000000604400000, 0x0000000800000000)
  region size 4096K, 11 young (45056K), 1 survivors (4096K)
 Metaspace       used 60999K, committed 61888K, reserved 1114112K
  class space    used 7669K, committed 8064K, reserved 1048576K
}
Event: 12726.888 GC heap after
{Heap after GC invocations=35 (full 0):
 garbage-first heap   total 98304K, used 37961K [0x0000000604400000, 0x0000000800000000)
  region size 4096K, 1 young (4096K), 1 survivors (4096K)
 Metaspace       used 60999K, committed 61888K, reserved 1114112K
  class space    used 7669K, committed 8064K, reserved 1048576K
}
Event: 13898.600 GC heap before
{Heap before GC invocations=35 (full 0):
 garbage-first heap   total 98304K, used 74825K [0x0000000604400000, 0x0000000800000000)
  region size 4096K, 11 young (45056K), 1 survivors (4096K)
 Metaspace       used 61023K, committed 61888K, reserved 1114112K
  class space    used 7670K, committed 8064K, reserved 1048576K
}
Event: 13898.614 GC heap after
{Heap after GC invocations=36 (full 0):
 garbage-first heap   total 98304K, used 38034K [0x0000000604400000, 0x0000000800000000)
  region size 4096K, 1 young (4096K), 1 survivors (4096K)
 Metaspace       used 61023K, committed 61888K, reserved 1114112K
  class space    used 7670K, committed 8064K, reserved 1048576K
}
Event: 14957.983 GC heap before
{Heap before GC invocations=36 (full 0):
 garbage-first heap   total 98304K, used 74898K [0x0000000604400000, 0x0000000800000000)
  region size 4096K, 10 young (40960K), 1 survivors (4096K)
 Metaspace       used 61028K, committed 61888K, reserved 1114112K
  class space    used 7670K, committed 8064K, reserved 1048576K
}
Event: 14957.991 GC heap after
{Heap after GC invocations=37 (full 0):
 garbage-first heap   total 98304K, used 38040K [0x0000000604400000, 0x0000000800000000)
  region size 4096K, 1 young (4096K), 1 survivors (4096K)
 Metaspace       used 61028K, committed 61888K, reserved 1114112K
  class space    used 7670K, committed 8064K, reserved 1048576K
}
Event: 16000.410 GC heap before
{Heap before GC invocations=37 (full 0):
 garbage-first heap   total 98304K, used 74904K [0x0000000604400000, 0x0000000800000000)
  region size 4096K, 10 young (40960K), 1 survivors (4096K)
 Metaspace       used 61105K, committed 61888K, reserved 1114112K
  class space    used 7681K, committed 8064K, reserved 1048576K
}
Event: 16000.464 GC heap after
{Heap after GC invocations=38 (full 0):
 garbage-first heap   total 98304K, used 38086K [0x0000000604400000, 0x0000000800000000)
  region size 4096K, 1 young (4096K), 1 survivors (4096K)
 Metaspace       used 61105K, committed 61888K, reserved 1114112K
  class space    used 7681K, committed 8064K, reserved 1048576K
}
Event: 16996.564 GC heap before
{Heap before GC invocations=38 (full 0):
 garbage-first heap   total 98304K, used 74950K [0x0000000604400000, 0x0000000800000000)
  region size 4096K, 10 young (40960K), 1 survivors (4096K)
 Metaspace       used 61144K, committed 61952K, reserved 1114112K
  class space    used 7683K, committed 8064K, reserved 1048576K
}
Event: 16996.569 GC heap after
{Heap after GC invocations=39 (full 0):
 garbage-first heap   total 98304K, used 38120K [0x0000000604400000, 0x0000000800000000)
  region size 4096K, 1 young (4096K), 1 survivors (4096K)
 Metaspace       used 61144K, committed 61952K, reserved 1114112K
  class space    used 7683K, committed 8064K, reserved 1048576K
}
Event: 18060.597 GC heap before
{Heap before GC invocations=39 (full 0):
 garbage-first heap   total 98304K, used 74984K [0x0000000604400000, 0x0000000800000000)
  region size 4096K, 10 young (40960K), 1 survivors (4096K)
 Metaspace       used 61165K, committed 61952K, reserved 1114112K
  class space    used 7683K, committed 8064K, reserved 1048576K
}
Event: 18060.606 GC heap after
{Heap after GC invocations=40 (full 0):
 garbage-first heap   total 98304K, used 38148K [0x0000000604400000, 0x0000000800000000)
  region size 4096K, 1 young (4096K), 1 survivors (4096K)
 Metaspace       used 61165K, committed 61952K, reserved 1114112K
  class space    used 7683K, committed 8064K, reserved 1048576K
}
Event: 19122.516 GC heap before
{Heap before GC invocations=40 (full 0):
 garbage-first heap   total 98304K, used 70916K [0x0000000604400000, 0x0000000800000000)
  region size 4096K, 10 young (40960K), 1 survivors (4096K)
 Metaspace       used 61173K, committed 61952K, reserved 1114112K
  class space    used 7684K, committed 8064K, reserved 1048576K
}
Event: 19122.519 GC heap after
{Heap after GC invocations=41 (full 0):
 garbage-first heap   total 98304K, used 38179K [0x0000000604400000, 0x0000000800000000)
  region size 4096K, 1 young (4096K), 1 survivors (4096K)
 Metaspace       used 61173K, committed 61952K, reserved 1114112K
  class space    used 7684K, committed 8064K, reserved 1048576K
}
Event: 20203.985 GC heap before
{Heap before GC invocations=41 (full 0):
 garbage-first heap   total 98304K, used 75043K [0x0000000604400000, 0x0000000800000000)
  region size 4096K, 10 young (40960K), 1 survivors (4096K)
 Metaspace       used 61205K, committed 61952K, reserved 1114112K
  class space    used 7689K, committed 8064K, reserved 1048576K
}
Event: 20203.992 GC heap after
{Heap after GC invocations=42 (full 0):
 garbage-first heap   total 98304K, used 38236K [0x0000000604400000, 0x0000000800000000)
  region size 4096K, 1 young (4096K), 1 survivors (4096K)
 Metaspace       used 61205K, committed 61952K, reserved 1114112K
  class space    used 7689K, committed 8064K, reserved 1048576K
}
Event: 21270.712 GC heap before
{Heap before GC invocations=42 (full 0):
 garbage-first heap   total 98304K, used 75100K [0x0000000604400000, 0x0000000800000000)
  region size 4096K, 10 young (40960K), 1 survivors (4096K)
 Metaspace       used 61218K, committed 61952K, reserved 1114112K
  class space    used 7689K, committed 8064K, reserved 1048576K
}
Event: 21270.717 GC heap after
{Heap after GC invocations=43 (full 0):
 garbage-first heap   total 98304K, used 38252K [0x0000000604400000, 0x0000000800000000)
  region size 4096K, 1 young (4096K), 1 survivors (4096K)
 Metaspace       used 61218K, committed 61952K, reserved 1114112K
  class space    used 7689K, committed 8064K, reserved 1048576K
}
Event: 21968.260 GC heap before
{Heap before GC invocations=43 (full 0):
 garbage-first heap   total 98304K, used 66924K [0x0000000604400000, 0x0000000800000000)
  region size 4096K, 9 young (36864K), 1 survivors (4096K)
 Metaspace       used 61444K, committed 62080K, reserved 1114112K
  class space    used 7722K, committed 8064K, reserved 1048576K
}
Event: 21968.647 GC heap after
{Heap after GC invocations=44 (full 1):
 garbage-first heap   total 98304K, used 30350K [0x0000000604400000, 0x0000000800000000)
  region size 4096K, 0 young (0K), 0 survivors (0K)
 Metaspace       used 61427K, committed 62080K, reserved 1114112K
  class space    used 7718K, committed 8064K, reserved 1048576K
}

