# JRE version: Java(TM) SE Runtime Environment (17.0.9+11) (build 17.0.9+11-LTS-201)
# Java VM: Java HotSpot(TM) 64-Bit Server VM (17.0.9+11-LTS-201, mixed mode, sharing, tiered, compressed oops, compressed class ptrs, g1 gc, windows-amd64)
GC Precious Log:
 CPUs: 8 total, 8 available
 Memory: 32494M
 Large Page Support: Disabled
 NUMA Support: Disabled
 Compressed Oops: Enabled (Zero based)
 Heap Region Size: 4M
 Heap Min Capacity: 8M
 Heap Initial Capacity: 508M
 Heap Max Capacity: 8124M
 Pre-touch: Disabled
 Parallel Workers: 8
 Concurrent Workers: 2
 Concurrent Refinement Workers: 8
 Periodic GC: Disabled
Heap:
 garbage-first heap   total 151552K, used 96189K [0x0000000604400000, 0x0000000800000000)
  region size 4096K, 12 young (49152K), 2 survivors (8192K)
 Metaspace       used 94152K, committed 94912K, reserved 1179648K
  class space    used 12064K, committed 12416K, reserved 1048576K
GC Heap History (20 events):
Event: 150504.598 GC heap before
{Heap before GC invocations=31 (full 2):
 garbage-first heap   total 151552K, used 115062K [0x0000000604400000, 0x0000000800000000)
  region size 4096K, 14 young (57344K), 2 survivors (8192K)
 Metaspace       used 91870K, committed 92672K, reserved 1179648K
  class space    used 11993K, committed 12416K, reserved 1048576K
}
Event: 150504.611 GC heap after
{Heap after GC invocations=32 (full 2):
 garbage-first heap   total 151552K, used 67541K [0x0000000604400000, 0x0000000800000000)
  region size 4096K, 2 young (8192K), 2 survivors (8192K)
 Metaspace       used 91870K, committed 92672K, reserved 1179648K
  class space    used 11993K, committed 12416K, reserved 1048576K
}
Event: 150637.933 GC heap before
{Heap before GC invocations=33 (full 2):
 garbage-first heap   total 151552K, used 88021K [0x0000000604400000, 0x0000000800000000)
  region size 4096K, 8 young (32768K), 2 survivors (8192K)
 Metaspace       used 92048K, committed 92864K, reserved 1179648K
  class space    used 11955K, committed 12416K, reserved 1048576K
}
Event: 150638.112 GC heap after
{Heap after GC invocations=34 (full 3):
 garbage-first heap   total 151552K, used 46250K [0x0000000604400000, 0x0000000800000000)
  region size 4096K, 0 young (0K), 0 survivors (0K)
 Metaspace       used 92008K, committed 92864K, reserved 1179648K
  class space    used 11948K, committed 12416K, reserved 1048576K
}
Event: 150640.045 GC heap before
{Heap before GC invocations=34 (full 3):
 garbage-first heap   total 151552K, used 124074K [0x0000000604400000, 0x0000000800000000)
  region size 4096K, 19 young (77824K), 0 survivors (0K)
 Metaspace       used 92241K, committed 93056K, reserved 1179648K
  class space    used 11965K, committed 12416K, reserved 1048576K
}
Event: 150640.063 GC heap after
{Heap after GC invocations=35 (full 3):
 garbage-first heap   total 151552K, used 51845K [0x0000000604400000, 0x0000000800000000)
  region size 4096K, 2 young (8192K), 2 survivors (8192K)
 Metaspace       used 92241K, committed 93056K, reserved 1179648K
  class space    used 11965K, committed 12416K, reserved 1048576K
}
Event: 150641.073 GC heap before
{Heap before GC invocations=35 (full 3):
 garbage-first heap   total 151552K, used 117381K [0x0000000604400000, 0x0000000800000000)
  region size 4096K, 18 young (73728K), 2 survivors (8192K)
 Metaspace       used 92911K, committed 93696K, reserved 1179648K
  class space    used 12004K, committed 12416K, reserved 1048576K
}
Event: 150641.079 GC heap after
{Heap after GC invocations=36 (full 3):
 garbage-first heap   total 151552K, used 55176K [0x0000000604400000, 0x0000000800000000)
  region size 4096K, 3 young (12288K), 3 survivors (12288K)
 Metaspace       used 92911K, committed 93696K, reserved 1179648K
  class space    used 12004K, committed 12416K, reserved 1048576K
}
Event: 150642.280 GC heap before
{Heap before GC invocations=36 (full 3):
 garbage-first heap   total 151552K, used 116616K [0x0000000604400000, 0x0000000800000000)
  region size 4096K, 18 young (73728K), 3 survivors (12288K)
 Metaspace       used 92947K, committed 93760K, reserved 1179648K
  class space    used 12004K, committed 12416K, reserved 1048576K
}
Event: 150642.319 GC heap after
{Heap after GC invocations=37 (full 3):
 garbage-first heap   total 151552K, used 58528K [0x0000000604400000, 0x0000000800000000)
  region size 4096K, 2 young (8192K), 2 survivors (8192K)
 Metaspace       used 92947K, committed 93760K, reserved 1179648K
  class space    used 12004K, committed 12416K, reserved 1048576K
}
Event: 150647.624 GC heap before
{Heap before GC invocations=37 (full 3):
 garbage-first heap   total 151552K, used 111776K [0x0000000604400000, 0x0000000800000000)
  region size 4096K, 16 young (65536K), 2 survivors (8192K)
 Metaspace       used 93052K, committed 93824K, reserved 1179648K
  class space    used 12008K, committed 12416K, reserved 1048576K
}
Event: 150647.754 GC heap after
{Heap after GC invocations=38 (full 4):
 garbage-first heap   total 151552K, used 47032K [0x0000000604400000, 0x0000000800000000)
  region size 4096K, 0 young (0K), 0 survivors (0K)
 Metaspace       used 93049K, committed 93824K, reserved 1179648K
  class space    used 12007K, committed 12416K, reserved 1048576K
}
Event: 150649.003 GC heap before
{Heap before GC invocations=38 (full 4):
 garbage-first heap   total 151552K, used 116664K [0x0000000604400000, 0x0000000800000000)
  region size 4096K, 17 young (69632K), 0 survivors (0K)
 Metaspace       used 93230K, committed 93952K, reserved 1179648K
  class space    used 12019K, committed 12416K, reserved 1048576K
}
Event: 150649.007 GC heap after
{Heap after GC invocations=39 (full 4):
 garbage-first heap   total 151552K, used 52263K [0x0000000604400000, 0x0000000800000000)
  region size 4096K, 2 young (8192K), 2 survivors (8192K)
 Metaspace       used 93230K, committed 93952K, reserved 1179648K
  class space    used 12019K, committed 12416K, reserved 1048576K
}
Event: 150649.622 GC heap before
{Heap before GC invocations=39 (full 4):
 garbage-first heap   total 151552K, used 113703K [0x0000000604400000, 0x0000000800000000)
  region size 4096K, 17 young (69632K), 2 survivors (8192K)
 Metaspace       used 93638K, committed 94400K, reserved 1179648K
  class space    used 12040K, committed 12416K, reserved 1048576K
}
Event: 150649.627 GC heap after
{Heap after GC invocations=40 (full 4):
 garbage-first heap   total 151552K, used 54521K [0x0000000604400000, 0x0000000800000000)
  region size 4096K, 2 young (8192K), 2 survivors (8192K)
 Metaspace       used 93638K, committed 94400K, reserved 1179648K
  class space    used 12040K, committed 12416K, reserved 1048576K
}
Event: 150650.233 GC heap before
{Heap before GC invocations=40 (full 4):
 garbage-first heap   total 151552K, used 115961K [0x0000000604400000, 0x0000000800000000)
  region size 4096K, 17 young (69632K), 2 survivors (8192K)
 Metaspace       used 93805K, committed 94528K, reserved 1179648K
  class space    used 12048K, committed 12416K, reserved 1048576K
}
Event: 150650.239 GC heap after
{Heap after GC invocations=41 (full 4):
 garbage-first heap   total 151552K, used 57350K [0x0000000604400000, 0x0000000800000000)
  region size 4096K, 2 young (8192K), 2 survivors (8192K)
 Metaspace       used 93805K, committed 94528K, reserved 1179648K
  class space    used 12048K, committed 12416K, reserved 1048576K
}
Event: 150651.783 GC heap before
{Heap before GC invocations=41 (full 4):
 garbage-first heap   total 151552K, used 110598K [0x0000000604400000, 0x0000000800000000)
  region size 4096K, 15 young (61440K), 2 survivors (8192K)
 Metaspace       used 93824K, committed 94528K, reserved 1179648K
  class space    used 12049K, committed 12416K, reserved 1048576K
}
Event: 150651.788 GC heap after
{Heap after GC invocations=42 (full 4):
 garbage-first heap   total 151552K, used 59325K [0x0000000604400000, 0x0000000800000000)
  region size 4096K, 2 young (8192K), 2 survivors (8192K)
 Metaspace       used 93824K, committed 94528K, reserved 1179648K
  class space    used 12049K, committed 12416K, reserved 1048576K
}

