# JRE version: Java(TM) SE Runtime Environment (17.0.11+7) (build 17.0.11+7-LTS-207)
# Java VM: Java HotSpot(TM) 64-Bit Server VM (17.0.11+7-LTS-207, mixed mode, sharing, tiered, compressed oops, compressed class ptrs, g1 gc, windows-amd64)
GC Precious Log:
 CPUs: 8 total, 8 available
 Memory: 32494M
 Large Page Support: Disabled
 NUMA Support: Disabled
 Compressed Oops: Enabled (Zero based)
 Heap Region Size: 4M
 Heap Min Capacity: 8M
 Heap Initial Capacity: 508M
 Heap Max Capacity: 8124M
 Pre-touch: Disabled
 Parallel Workers: 8
 Concurrent Workers: 2
 Concurrent Refinement Workers: 8
 Periodic GC: Disabled
Heap:
 garbage-first heap   total 98304K, used 43963K [0x0000000604400000, 0x0000000800000000)
  region size 4096K, 3 young (12288K), 1 survivors (4096K)
 Metaspace       used 63359K, committed 64256K, reserved 1114112K
  class space    used 8054K, committed 8384K, reserved 1048576K
GC Heap History (20 events):
Event: 8452.706 GC heap before
{Heap before GC invocations=188 (full 0):
 garbage-first heap   total 98304K, used 76710K [0x0000000604400000, 0x0000000800000000)
  region size 4096K, 10 young (40960K), 1 survivors (4096K)
 Metaspace       used 63269K, committed 64192K, reserved 1114112K
  class space    used 8039K, committed 8384K, reserved 1048576K
}
Event: 8452.708 GC heap after
{Heap after GC invocations=189 (full 0):
 garbage-first heap   total 98304K, used 39850K [0x0000000604400000, 0x0000000800000000)
  region size 4096K, 1 young (4096K), 1 survivors (4096K)
 Metaspace       used 63269K, committed 64192K, reserved 1114112K
  class space    used 8039K, committed 8384K, reserved 1048576K
}
Event: 8519.561 GC heap before
{Heap before GC invocations=189 (full 0):
 garbage-first heap   total 98304K, used 72618K [0x0000000604400000, 0x0000000800000000)
  region size 4096K, 10 young (40960K), 1 survivors (4096K)
 Metaspace       used 63269K, committed 64192K, reserved 1114112K
  class space    used 8039K, committed 8384K, reserved 1048576K
}
Event: 8519.563 GC heap after
{Heap after GC invocations=190 (full 0):
 garbage-first heap   total 98304K, used 39867K [0x0000000604400000, 0x0000000800000000)
  region size 4096K, 1 young (4096K), 1 survivors (4096K)
 Metaspace       used 63269K, committed 64192K, reserved 1114112K
  class space    used 8039K, committed 8384K, reserved 1048576K
}
Event: 8586.054 GC heap before
{Heap before GC invocations=190 (full 0):
 garbage-first heap   total 98304K, used 72635K [0x0000000604400000, 0x0000000800000000)
  region size 4096K, 10 young (40960K), 1 survivors (4096K)
 Metaspace       used 63276K, committed 64192K, reserved 1114112K
  class space    used 8039K, committed 8384K, reserved 1048576K
}
Event: 8586.055 GC heap after
{Heap after GC invocations=191 (full 0):
 garbage-first heap   total 98304K, used 39855K [0x0000000604400000, 0x0000000800000000)
  region size 4096K, 1 young (4096K), 1 survivors (4096K)
 Metaspace       used 63276K, committed 64192K, reserved 1114112K
  class space    used 8039K, committed 8384K, reserved 1048576K
}
Event: 8652.491 GC heap before
{Heap before GC invocations=191 (full 0):
 garbage-first heap   total 98304K, used 72623K [0x0000000604400000, 0x0000000800000000)
  region size 4096K, 10 young (40960K), 1 survivors (4096K)
 Metaspace       used 63278K, committed 64192K, reserved 1114112K
  class space    used 8039K, committed 8384K, reserved 1048576K
}
Event: 8652.493 GC heap after
{Heap after GC invocations=192 (full 0):
 garbage-first heap   total 98304K, used 39853K [0x0000000604400000, 0x0000000800000000)
  region size 4096K, 1 young (4096K), 1 survivors (4096K)
 Metaspace       used 63278K, committed 64192K, reserved 1114112K
  class space    used 8039K, committed 8384K, reserved 1048576K
}
Event: 8719.333 GC heap before
{Heap before GC invocations=192 (full 0):
 garbage-first heap   total 98304K, used 72621K [0x0000000604400000, 0x0000000800000000)
  region size 4096K, 10 young (40960K), 1 survivors (4096K)
 Metaspace       used 63279K, committed 64192K, reserved 1114112K
  class space    used 8039K, committed 8384K, reserved 1048576K
}
Event: 8719.334 GC heap after
{Heap after GC invocations=193 (full 0):
 garbage-first heap   total 98304K, used 39876K [0x0000000604400000, 0x0000000800000000)
  region size 4096K, 1 young (4096K), 1 survivors (4096K)
 Metaspace       used 63279K, committed 64192K, reserved 1114112K
  class space    used 8039K, committed 8384K, reserved 1048576K
}
Event: 8785.933 GC heap before
{Heap before GC invocations=193 (full 0):
 garbage-first heap   total 98304K, used 72644K [0x0000000604400000, 0x0000000800000000)
  region size 4096K, 10 young (40960K), 1 survivors (4096K)
 Metaspace       used 63279K, committed 64192K, reserved 1114112K
  class space    used 8039K, committed 8384K, reserved 1048576K
}
Event: 8785.934 GC heap after
{Heap after GC invocations=194 (full 0):
 garbage-first heap   total 98304K, used 39855K [0x0000000604400000, 0x0000000800000000)
  region size 4096K, 1 young (4096K), 1 survivors (4096K)
 Metaspace       used 63279K, committed 64192K, reserved 1114112K
  class space    used 8039K, committed 8384K, reserved 1048576K
}
Event: 8853.133 GC heap before
{Heap before GC invocations=194 (full 0):
 garbage-first heap   total 98304K, used 72623K [0x0000000604400000, 0x0000000800000000)
  region size 4096K, 10 young (40960K), 1 survivors (4096K)
 Metaspace       used 63280K, committed 64192K, reserved 1114112K
  class space    used 8039K, committed 8384K, reserved 1048576K
}
Event: 8853.135 GC heap after
{Heap after GC invocations=195 (full 0):
 garbage-first heap   total 98304K, used 39874K [0x0000000604400000, 0x0000000800000000)
  region size 4096K, 1 young (4096K), 1 survivors (4096K)
 Metaspace       used 63280K, committed 64192K, reserved 1114112K
  class space    used 8039K, committed 8384K, reserved 1048576K
}
Event: 8921.713 GC heap before
{Heap before GC invocations=195 (full 0):
 garbage-first heap   total 98304K, used 72642K [0x0000000604400000, 0x0000000800000000)
  region size 4096K, 10 young (40960K), 1 survivors (4096K)
 Metaspace       used 63280K, committed 64192K, reserved 1114112K
  class space    used 8039K, committed 8384K, reserved 1048576K
}
Event: 8921.715 GC heap after
{Heap after GC invocations=196 (full 0):
 garbage-first heap   total 98304K, used 39871K [0x0000000604400000, 0x0000000800000000)
  region size 4096K, 1 young (4096K), 1 survivors (4096K)
 Metaspace       used 63280K, committed 64192K, reserved 1114112K
  class space    used 8039K, committed 8384K, reserved 1048576K
}
Event: 8989.597 GC heap before
{Heap before GC invocations=196 (full 0):
 garbage-first heap   total 98304K, used 72639K [0x0000000604400000, 0x0000000800000000)
  region size 4096K, 10 young (40960K), 1 survivors (4096K)
 Metaspace       used 63290K, committed 64192K, reserved 1114112K
  class space    used 8040K, committed 8384K, reserved 1048576K
}
Event: 8989.648 GC heap after
{Heap after GC invocations=197 (full 0):
 garbage-first heap   total 98304K, used 39889K [0x0000000604400000, 0x0000000800000000)
  region size 4096K, 1 young (4096K), 1 survivors (4096K)
 Metaspace       used 63290K, committed 64192K, reserved 1114112K
  class space    used 8040K, committed 8384K, reserved 1048576K
}
Event: 9061.634 GC heap before
{Heap before GC invocations=197 (full 0):
 garbage-first heap   total 98304K, used 72657K [0x0000000604400000, 0x0000000800000000)
  region size 4096K, 10 young (40960K), 1 survivors (4096K)
 Metaspace       used 63302K, committed 64256K, reserved 1114112K
  class space    used 8040K, committed 8384K, reserved 1048576K
}
Event: 9061.635 GC heap after
{Heap after GC invocations=198 (full 0):
 garbage-first heap   total 98304K, used 39867K [0x0000000604400000, 0x0000000800000000)
  region size 4096K, 1 young (4096K), 1 survivors (4096K)
 Metaspace       used 63302K, committed 64256K, reserved 1114112K
  class space    used 8040K, committed 8384K, reserved 1048576K
}

