# JRE version: OpenJDK Runtime Environment Temurin-17.0.13+11 (17.0.13+11) (build 17.0.13+11)
# Java VM: OpenJDK 64-Bit Server VM Temurin-17.0.13+11 (17.0.13+11, mixed mode, tiered, compressed oops, compressed class ptrs, parallel gc, windows-amd64)
GC Precious Log:
 CPUs: 8 total, 8 available
 Memory: 32494M
 Large Page Support: Disabled
 NUMA Support: Disabled
 Compressed Oops: Enabled (32-bit)
 Alignments: Space 512K, Generation 512K, Heap 2M
 Heap Min Capacity: 100M
 Heap Initial Capacity: 100M
 Heap Max Capacity: 1G
 Pre-touch: Disabled
 Parallel Workers: 8
Heap:
 PSYoungGen      total 3584K, used 3474K [0x00000000eab00000, 0x00000000eb000000, 0x0000000100000000)
  eden space 2560K, 100% used [0x00000000eab00000,0x00000000ead80000,0x00000000ead80000)
  from space 1024K, 89% used [0x00000000eae80000,0x00000000eaf64838,0x00000000eaf80000)
  to   space 1024K, 0% used [0x00000000ead80000,0x00000000ead80000,0x00000000eae80000)
 ParOldGen       total 293376K, used 293347K [0x00000000c0000000, 0x00000000d1e80000, 0x00000000eab00000)
  object space 293376K, 99% used [0x00000000c0000000,0x00000000d1e78c00,0x00000000d1e80000)
 Metaspace       used 69412K, committed 70720K, reserved 1114112K
  class space    used 7199K, committed 7808K, reserved 1048576K
GC Heap History (20 events):
Event: 78.190 GC heap before
{Heap before GC invocations=670 (full 14):
 PSYoungGen      total 3072K, used 2773K [0x00000000eab00000, 0x00000000eaf80000, 0x0000000100000000)
  eden space 1536K, 100% used [0x00000000eab00000,0x00000000eac80000,0x00000000eac80000)
  from space 1536K, 80% used [0x00000000eac80000,0x00000000eadb5408,0x00000000eae00000)
  to   space 1536K, 0% used [0x00000000eae00000,0x00000000eae00000,0x00000000eaf80000)
 ParOldGen       total 293376K, used 285463K [0x00000000c0000000, 0x00000000d1e80000, 0x00000000eab00000)
  object space 293376K, 97% used [0x00000000c0000000,0x00000000d16c5d98,0x00000000d1e80000)
 Metaspace       used 69233K, committed 70528K, reserved 1114112K
  class space    used 7192K, committed 7808K, reserved 1048576K
}
Event: 78.191 GC heap after
{Heap after GC invocations=670 (full 14):
 PSYoungGen      total 3072K, used 1232K [0x00000000eab00000, 0x00000000eb000000, 0x0000000100000000)
  eden space 1536K, 0% used [0x00000000eab00000,0x00000000eab00000,0x00000000eac80000)
  from space 1536K, 80% used [0x00000000eae00000,0x00000000eaf34318,0x00000000eaf80000)
  to   space 1536K, 0% used [0x00000000eac80000,0x00000000eac80000,0x00000000eae00000)
 ParOldGen       total 293376K, used 285740K [0x00000000c0000000, 0x00000000d1e80000, 0x00000000eab00000)
  object space 293376K, 97% used [0x00000000c0000000,0x00000000d170b138,0x00000000d1e80000)
 Metaspace       used 69233K, committed 70528K, reserved 1114112K
  class space    used 7192K, committed 7808K, reserved 1048576K
}
Event: 78.199 GC heap before
{Heap before GC invocations=671 (full 14):
 PSYoungGen      total 3072K, used 2768K [0x00000000eab00000, 0x00000000eb000000, 0x0000000100000000)
  eden space 1536K, 100% used [0x00000000eab00000,0x00000000eac80000,0x00000000eac80000)
  from space 1536K, 80% used [0x00000000eae00000,0x00000000eaf34318,0x00000000eaf80000)
  to   space 1536K, 0% used [0x00000000eac80000,0x00000000eac80000,0x00000000eae00000)
 ParOldGen       total 293376K, used 285740K [0x00000000c0000000, 0x00000000d1e80000, 0x00000000eab00000)
  object space 293376K, 97% used [0x00000000c0000000,0x00000000d170b138,0x00000000d1e80000)
 Metaspace       used 69233K, committed 70528K, reserved 1114112K
  class space    used 7192K, committed 7808K, reserved 1048576K
}
Event: 78.201 GC heap after
{Heap after GC invocations=671 (full 14):
 PSYoungGen      total 3072K, used 1097K [0x00000000eab00000, 0x00000000eb000000, 0x0000000100000000)
  eden space 1536K, 0% used [0x00000000eab00000,0x00000000eab00000,0x00000000eac80000)
  from space 1536K, 71% used [0x00000000eac80000,0x00000000ead92590,0x00000000eae00000)
  to   space 1536K, 0% used [0x00000000eae80000,0x00000000eae80000,0x00000000eb000000)
 ParOldGen       total 293376K, used 286075K [0x00000000c0000000, 0x00000000d1e80000, 0x00000000eab00000)
  object space 293376K, 97% used [0x00000000c0000000,0x00000000d175eff0,0x00000000d1e80000)
 Metaspace       used 69233K, committed 70528K, reserved 1114112K
  class space    used 7192K, committed 7808K, reserved 1048576K
}
Event: 78.221 GC heap before
{Heap before GC invocations=672 (full 14):
 PSYoungGen      total 3072K, used 2633K [0x00000000eab00000, 0x00000000eb000000, 0x0000000100000000)
  eden space 1536K, 100% used [0x00000000eab00000,0x00000000eac80000,0x00000000eac80000)
  from space 1536K, 71% used [0x00000000eac80000,0x00000000ead92590,0x00000000eae00000)
  to   space 1536K, 0% used [0x00000000eae80000,0x00000000eae80000,0x00000000eb000000)
 ParOldGen       total 293376K, used 286075K [0x00000000c0000000, 0x00000000d1e80000, 0x00000000eab00000)
  object space 293376K, 97% used [0x00000000c0000000,0x00000000d175eff0,0x00000000d1e80000)
 Metaspace       used 69240K, committed 70528K, reserved 1114112K
  class space    used 7192K, committed 7808K, reserved 1048576K
}
Event: 78.223 GC heap after
{Heap after GC invocations=672 (full 14):
 PSYoungGen      total 3072K, used 888K [0x00000000eab00000, 0x00000000eaf80000, 0x0000000100000000)
  eden space 2048K, 0% used [0x00000000eab00000,0x00000000eab00000,0x00000000ead00000)
  from space 1024K, 86% used [0x00000000eae80000,0x00000000eaf5e0e8,0x00000000eaf80000)
  to   space 1024K, 0% used [0x00000000ead80000,0x00000000ead80000,0x00000000eae80000)
 ParOldGen       total 293376K, used 286623K [0x00000000c0000000, 0x00000000d1e80000, 0x00000000eab00000)
  object space 293376K, 97% used [0x00000000c0000000,0x00000000d17e7de0,0x00000000d1e80000)
 Metaspace       used 69240K, committed 70528K, reserved 1114112K
  class space    used 7192K, committed 7808K, reserved 1048576K
}
Event: 78.268 GC heap before
{Heap before GC invocations=673 (full 14):
 PSYoungGen      total 3072K, used 2936K [0x00000000eab00000, 0x00000000eaf80000, 0x0000000100000000)
  eden space 2048K, 100% used [0x00000000eab00000,0x00000000ead00000,0x00000000ead00000)
  from space 1024K, 86% used [0x00000000eae80000,0x00000000eaf5e0e8,0x00000000eaf80000)
  to   space 1024K, 0% used [0x00000000ead80000,0x00000000ead80000,0x00000000eae80000)
 ParOldGen       total 293376K, used 286623K [0x00000000c0000000, 0x00000000d1e80000, 0x00000000eab00000)
  object space 293376K, 97% used [0x00000000c0000000,0x00000000d17e7de0,0x00000000d1e80000)
 Metaspace       used 69285K, committed 70592K, reserved 1114112K
  class space    used 7192K, committed 7808K, reserved 1048576K
}
Event: 78.270 GC heap after
{Heap after GC invocations=673 (full 14):
 PSYoungGen      total 3584K, used 798K [0x00000000eab00000, 0x00000000eaf80000, 0x0000000100000000)
  eden space 2560K, 0% used [0x00000000eab00000,0x00000000eab00000,0x00000000ead80000)
  from space 1024K, 77% used [0x00000000ead80000,0x00000000eae479b0,0x00000000eae80000)
  to   space 1024K, 0% used [0x00000000eae80000,0x00000000eae80000,0x00000000eaf80000)
 ParOldGen       total 293376K, used 286903K [0x00000000c0000000, 0x00000000d1e80000, 0x00000000eab00000)
  object space 293376K, 97% used [0x00000000c0000000,0x00000000d182dc18,0x00000000d1e80000)
 Metaspace       used 69285K, committed 70592K, reserved 1114112K
  class space    used 7192K, committed 7808K, reserved 1048576K
}
Event: 78.313 GC heap before
{Heap before GC invocations=674 (full 14):
 PSYoungGen      total 3584K, used 3358K [0x00000000eab00000, 0x00000000eaf80000, 0x0000000100000000)
  eden space 2560K, 100% used [0x00000000eab00000,0x00000000ead80000,0x00000000ead80000)
  from space 1024K, 77% used [0x00000000ead80000,0x00000000eae479b0,0x00000000eae80000)
  to   space 1024K, 0% used [0x00000000eae80000,0x00000000eae80000,0x00000000eaf80000)
 ParOldGen       total 293376K, used 286903K [0x00000000c0000000, 0x00000000d1e80000, 0x00000000eab00000)
  object space 293376K, 97% used [0x00000000c0000000,0x00000000d182dc18,0x00000000d1e80000)
 Metaspace       used 69349K, committed 70656K, reserved 1114112K
  class space    used 7194K, committed 7808K, reserved 1048576K
}
Event: 78.315 GC heap after
{Heap after GC invocations=674 (full 14):
 PSYoungGen      total 3584K, used 576K [0x00000000eab00000, 0x00000000eaf80000, 0x0000000100000000)
  eden space 2560K, 0% used [0x00000000eab00000,0x00000000eab00000,0x00000000ead80000)
  from space 1024K, 56% used [0x00000000eae80000,0x00000000eaf10000,0x00000000eaf80000)
  to   space 1024K, 0% used [0x00000000ead80000,0x00000000ead80000,0x00000000eae80000)
 ParOldGen       total 293376K, used 287389K [0x00000000c0000000, 0x00000000d1e80000, 0x00000000eab00000)
  object space 293376K, 97% used [0x00000000c0000000,0x00000000d18a7720,0x00000000d1e80000)
 Metaspace       used 69349K, committed 70656K, reserved 1114112K
  class space    used 7194K, committed 7808K, reserved 1048576K
}
Event: 78.359 GC heap before
{Heap before GC invocations=675 (full 14):
 PSYoungGen      total 3584K, used 3136K [0x00000000eab00000, 0x00000000eaf80000, 0x0000000100000000)
  eden space 2560K, 100% used [0x00000000eab00000,0x00000000ead80000,0x00000000ead80000)
  from space 1024K, 56% used [0x00000000eae80000,0x00000000eaf10000,0x00000000eaf80000)
  to   space 1024K, 0% used [0x00000000ead80000,0x00000000ead80000,0x00000000eae80000)
 ParOldGen       total 293376K, used 287389K [0x00000000c0000000, 0x00000000d1e80000, 0x00000000eab00000)
  object space 293376K, 97% used [0x00000000c0000000,0x00000000d18a7720,0x00000000d1e80000)
 Metaspace       used 69353K, committed 70656K, reserved 1114112K
  class space    used 7194K, committed 7808K, reserved 1048576K
}
Event: 78.361 GC heap after
{Heap after GC invocations=675 (full 14):
 PSYoungGen      total 3584K, used 416K [0x00000000eab00000, 0x00000000eaf00000, 0x0000000100000000)
  eden space 2560K, 0% used [0x00000000eab00000,0x00000000eab00000,0x00000000ead80000)
  from space 1024K, 40% used [0x00000000ead80000,0x00000000eade8000,0x00000000eae80000)
  to   space 512K, 0% used [0x00000000eae80000,0x00000000eae80000,0x00000000eaf00000)
 ParOldGen       total 293376K, used 287669K [0x00000000c0000000, 0x00000000d1e80000, 0x00000000eab00000)
  object space 293376K, 98% used [0x00000000c0000000,0x00000000d18ed448,0x00000000d1e80000)
 Metaspace       used 69353K, committed 70656K, reserved 1114112K
  class space    used 7194K, committed 7808K, reserved 1048576K
}
Event: 78.517 GC heap before
{Heap before GC invocations=676 (full 14):
 PSYoungGen      total 3584K, used 2976K [0x00000000eab00000, 0x00000000eaf00000, 0x0000000100000000)
  eden space 2560K, 100% used [0x00000000eab00000,0x00000000ead80000,0x00000000ead80000)
  from space 1024K, 40% used [0x00000000ead80000,0x00000000eade8000,0x00000000eae80000)
  to   space 512K, 0% used [0x00000000eae80000,0x00000000eae80000,0x00000000eaf00000)
 ParOldGen       total 293376K, used 287669K [0x00000000c0000000, 0x00000000d1e80000, 0x00000000eab00000)
  object space 293376K, 98% used [0x00000000c0000000,0x00000000d18ed448,0x00000000d1e80000)
 Metaspace       used 69403K, committed 70720K, reserved 1114112K
  class space    used 7199K, committed 7808K, reserved 1048576K
}
Event: 78.519 GC heap after
{Heap after GC invocations=676 (full 14):
 PSYoungGen      total 3072K, used 512K [0x00000000eab00000, 0x00000000eaf80000, 0x0000000100000000)
  eden space 2560K, 0% used [0x00000000eab00000,0x00000000eab00000,0x00000000ead80000)
  from space 512K, 100% used [0x00000000eae80000,0x00000000eaf00000,0x00000000eaf00000)
  to   space 1024K, 0% used [0x00000000ead80000,0x00000000ead80000,0x00000000eae80000)
 ParOldGen       total 293376K, used 287841K [0x00000000c0000000, 0x00000000d1e80000, 0x00000000eab00000)
  object space 293376K, 98% used [0x00000000c0000000,0x00000000d19186c0,0x00000000d1e80000)
 Metaspace       used 69403K, committed 70720K, reserved 1114112K
  class space    used 7199K, committed 7808K, reserved 1048576K
}
Event: 78.572 GC heap before
{Heap before GC invocations=677 (full 14):
 PSYoungGen      total 3072K, used 3072K [0x00000000eab00000, 0x00000000eaf80000, 0x0000000100000000)
  eden space 2560K, 100% used [0x00000000eab00000,0x00000000ead80000,0x00000000ead80000)
  from space 512K, 100% used [0x00000000eae80000,0x00000000eaf00000,0x00000000eaf00000)
  to   space 1024K, 0% used [0x00000000ead80000,0x00000000ead80000,0x00000000eae80000)
 ParOldGen       total 293376K, used 287841K [0x00000000c0000000, 0x00000000d1e80000, 0x00000000eab00000)
  object space 293376K, 98% used [0x00000000c0000000,0x00000000d19186c0,0x00000000d1e80000)
 Metaspace       used 69403K, committed 70720K, reserved 1114112K
  class space    used 7199K, committed 7808K, reserved 1048576K
}
Event: 78.574 GC heap after
{Heap after GC invocations=677 (full 14):
 PSYoungGen      total 3584K, used 1011K [0x00000000eab00000, 0x00000000eb080000, 0x0000000100000000)
  eden space 2560K, 0% used [0x00000000eab00000,0x00000000eab00000,0x00000000ead80000)
  from space 1024K, 98% used [0x00000000ead80000,0x00000000eae7cce0,0x00000000eae80000)
  to   space 1536K, 0% used [0x00000000eaf00000,0x00000000eaf00000,0x00000000eb080000)
 ParOldGen       total 293376K, used 288141K [0x00000000c0000000, 0x00000000d1e80000, 0x00000000eab00000)
  object space 293376K, 98% used [0x00000000c0000000,0x00000000d19634e0,0x00000000d1e80000)
 Metaspace       used 69403K, committed 70720K, reserved 1114112K
  class space    used 7199K, committed 7808K, reserved 1048576K
}
Event: 78.665 GC heap before
{Heap before GC invocations=678 (full 14):
 PSYoungGen      total 3584K, used 3566K [0x00000000eab00000, 0x00000000eb080000, 0x0000000100000000)
  eden space 2560K, 99% used [0x00000000eab00000,0x00000000ead7eda0,0x00000000ead80000)
  from space 1024K, 98% used [0x00000000ead80000,0x00000000eae7cce0,0x00000000eae80000)
  to   space 1536K, 0% used [0x00000000eaf00000,0x00000000eaf00000,0x00000000eb080000)
 ParOldGen       total 293376K, used 288141K [0x00000000c0000000, 0x00000000d1e80000, 0x00000000eab00000)
  object space 293376K, 98% used [0x00000000c0000000,0x00000000d19634e0,0x00000000d1e80000)
 Metaspace       used 69404K, committed 70720K, reserved 1114112K
  class space    used 7199K, committed 7808K, reserved 1048576K
}
Event: 78.669 GC heap after
{Heap after GC invocations=678 (full 14):
 PSYoungGen      total 4096K, used 980K [0x00000000eab00000, 0x00000000eb080000, 0x0000000100000000)
  eden space 2560K, 0% used [0x00000000eab00000,0x00000000eab00000,0x00000000ead80000)
  from space 1536K, 63% used [0x00000000eaf00000,0x00000000eaff51e0,0x00000000eb080000)
  to   space 1536K, 0% used [0x00000000ead80000,0x00000000ead80000,0x00000000eaf00000)
 ParOldGen       total 293376K, used 289072K [0x00000000c0000000, 0x00000000d1e80000, 0x00000000eab00000)
  object space 293376K, 98% used [0x00000000c0000000,0x00000000d1a4c138,0x00000000d1e80000)
 Metaspace       used 69404K, committed 70720K, reserved 1114112K
  class space    used 7199K, committed 7808K, reserved 1048576K
}
Event: 78.783 GC heap before
{Heap before GC invocations=679 (full 14):
 PSYoungGen      total 4096K, used 3540K [0x00000000eab00000, 0x00000000eb080000, 0x0000000100000000)
  eden space 2560K, 100% used [0x00000000eab00000,0x00000000ead80000,0x00000000ead80000)
  from space 1536K, 63% used [0x00000000eaf00000,0x00000000eaff51e0,0x00000000eb080000)
  to   space 1536K, 0% used [0x00000000ead80000,0x00000000ead80000,0x00000000eaf00000)
 ParOldGen       total 293376K, used 289072K [0x00000000c0000000, 0x00000000d1e80000, 0x00000000eab00000)
  object space 293376K, 98% used [0x00000000c0000000,0x00000000d1a4c138,0x00000000d1e80000)
 Metaspace       used 69404K, committed 70720K, reserved 1114112K
  class space    used 7199K, committed 7808K, reserved 1048576K
}
Event: 78.785 GC heap after
{Heap after GC invocations=679 (full 14):
 PSYoungGen      total 4096K, used 1063K [0x00000000eab00000, 0x00000000eb080000, 0x0000000100000000)
  eden space 2560K, 0% used [0x00000000eab00000,0x00000000eab00000,0x00000000ead80000)
  from space 1536K, 69% used [0x00000000ead80000,0x00000000eae89e38,0x00000000eaf00000)
  to   space 1536K, 0% used [0x00000000eaf00000,0x00000000eaf00000,0x00000000eb080000)
 ParOldGen       total 293376K, used 289072K [0x00000000c0000000, 0x00000000d1e80000, 0x00000000eab00000)
  object space 293376K, 98% used [0x00000000c0000000,0x00000000d1a4c138,0x00000000d1e80000)
 Metaspace       used 69404K, committed 70720K, reserved 1114112K
  class space    used 7199K, committed 7808K, reserved 1048576K
}

