# JRE version: Java(TM) SE Runtime Environment (17.0.11+7) (build 17.0.11+7-LTS-207)
# Java VM: Java HotSpot(TM) 64-Bit Server VM (17.0.11+7-LTS-207, mixed mode, sharing, tiered, compressed oops, compressed class ptrs, g1 gc, windows-amd64)
GC Precious Log:
 CPUs: 8 total, 8 available
 Memory: 32494M
 Large Page Support: Disabled
 NUMA Support: Disabled
 Compressed Oops: Enabled (Zero based)
 Heap Region Size: 4M
 Heap Min Capacity: 8M
 Heap Initial Capacity: 508M
 Heap Max Capacity: 8124M
 Pre-touch: Disabled
 Parallel Workers: 8
 Concurrent Workers: 2
 Concurrent Refinement Workers: 8
 Periodic GC: Disabled
Heap:
 garbage-first heap   total 98304K, used 59187K [0x0000000604400000, 0x0000000800000000)
  region size 4096K, 6 young (24576K), 1 survivors (4096K)
 Metaspace       used 61325K, committed 61952K, reserved 1114112K
  class space    used 7757K, committed 8064K, reserved 1048576K
GC Heap History (20 events):
Event: 863.614 GC heap before
{Heap before GC invocations=15 (full 0):
 garbage-first heap   total 98304K, used 70643K [0x0000000604400000, 0x0000000800000000)
  region size 4096K, 9 young (36864K), 2 survivors (8192K)
 Metaspace       used 59255K, committed 59904K, reserved 1114112K
  class space    used 7747K, committed 8064K, reserved 1048576K
}
Event: 863.620 GC heap after
{Heap after GC invocations=16 (full 0):
 garbage-first heap   total 98304K, used 42927K [0x0000000604400000, 0x0000000800000000)
  region size 4096K, 1 young (4096K), 1 survivors (4096K)
 Metaspace       used 59255K, committed 59904K, reserved 1114112K
  class space    used 7747K, committed 8064K, reserved 1048576K
}
Event: 1673.835 GC heap before
{Heap before GC invocations=16 (full 0):
 garbage-first heap   total 98304K, used 71599K [0x0000000604400000, 0x0000000800000000)
  region size 4096K, 8 young (32768K), 1 survivors (4096K)
 Metaspace       used 60063K, committed 60736K, reserved 1114112K
  class space    used 7749K, committed 8064K, reserved 1048576K
}
Event: 1673.841 GC heap after
{Heap after GC invocations=17 (full 0):
 garbage-first heap   total 98304K, used 43253K [0x0000000604400000, 0x0000000800000000)
  region size 4096K, 1 young (4096K), 1 survivors (4096K)
 Metaspace       used 60063K, committed 60736K, reserved 1114112K
  class space    used 7749K, committed 8064K, reserved 1048576K
}
Event: 2488.073 GC heap before
{Heap before GC invocations=17 (full 0):
 garbage-first heap   total 98304K, used 71925K [0x0000000604400000, 0x0000000800000000)
  region size 4096K, 8 young (32768K), 1 survivors (4096K)
 Metaspace       used 60551K, committed 61184K, reserved 1114112K
  class space    used 7749K, committed 8064K, reserved 1048576K
}
Event: 2488.100 GC heap after
{Heap after GC invocations=18 (full 0):
 garbage-first heap   total 98304K, used 42778K [0x0000000604400000, 0x0000000800000000)
  region size 4096K, 1 young (4096K), 1 survivors (4096K)
 Metaspace       used 60551K, committed 61184K, reserved 1114112K
  class space    used 7749K, committed 8064K, reserved 1048576K
}
Event: 3325.855 GC heap before
{Heap before GC invocations=19 (full 0):
 garbage-first heap   total 98304K, used 71450K [0x0000000604400000, 0x0000000800000000)
  region size 4096K, 8 young (32768K), 1 survivors (4096K)
 Metaspace       used 60839K, committed 61440K, reserved 1114112K
  class space    used 7749K, committed 8064K, reserved 1048576K
}
Event: 3325.860 GC heap after
{Heap after GC invocations=20 (full 0):
 garbage-first heap   total 98304K, used 42762K [0x0000000604400000, 0x0000000800000000)
  region size 4096K, 1 young (4096K), 1 survivors (4096K)
 Metaspace       used 60839K, committed 61440K, reserved 1114112K
  class space    used 7749K, committed 8064K, reserved 1048576K
}
Event: 4169.107 GC heap before
{Heap before GC invocations=20 (full 0):
 garbage-first heap   total 98304K, used 71434K [0x0000000604400000, 0x0000000800000000)
  region size 4096K, 8 young (32768K), 1 survivors (4096K)
 Metaspace       used 60951K, committed 61568K, reserved 1114112K
  class space    used 7749K, committed 8064K, reserved 1048576K
}
Event: 4169.159 GC heap after
{Heap after GC invocations=21 (full 0):
 garbage-first heap   total 98304K, used 42773K [0x0000000604400000, 0x0000000800000000)
  region size 4096K, 1 young (4096K), 1 survivors (4096K)
 Metaspace       used 60951K, committed 61568K, reserved 1114112K
  class space    used 7749K, committed 8064K, reserved 1048576K
}
Event: 5130.512 GC heap before
{Heap before GC invocations=22 (full 0):
 garbage-first heap   total 98304K, used 75541K [0x0000000604400000, 0x0000000800000000)
  region size 4096K, 9 young (36864K), 1 survivors (4096K)
 Metaspace       used 61025K, committed 61696K, reserved 1114112K
  class space    used 7756K, committed 8064K, reserved 1048576K
}
Event: 5130.527 GC heap after
{Heap after GC invocations=23 (full 0):
 garbage-first heap   total 98304K, used 42782K [0x0000000604400000, 0x0000000800000000)
  region size 4096K, 1 young (4096K), 1 survivors (4096K)
 Metaspace       used 61025K, committed 61696K, reserved 1114112K
  class space    used 7756K, committed 8064K, reserved 1048576K
}
Event: 6117.923 GC heap before
{Heap before GC invocations=23 (full 0):
 garbage-first heap   total 98304K, used 75550K [0x0000000604400000, 0x0000000800000000)
  region size 4096K, 9 young (36864K), 1 survivors (4096K)
 Metaspace       used 61256K, committed 61888K, reserved 1114112K
  class space    used 7756K, committed 8064K, reserved 1048576K
}
Event: 6117.975 GC heap after
{Heap after GC invocations=24 (full 0):
 garbage-first heap   total 98304K, used 42787K [0x0000000604400000, 0x0000000800000000)
  region size 4096K, 1 young (4096K), 1 survivors (4096K)
 Metaspace       used 61256K, committed 61888K, reserved 1114112K
  class space    used 7756K, committed 8064K, reserved 1048576K
}
Event: 7094.886 GC heap before
{Heap before GC invocations=25 (full 0):
 garbage-first heap   total 98304K, used 75555K [0x0000000604400000, 0x0000000800000000)
  region size 4096K, 9 young (36864K), 1 survivors (4096K)
 Metaspace       used 61270K, committed 61888K, reserved 1114112K
  class space    used 7757K, committed 8064K, reserved 1048576K
}
Event: 7094.894 GC heap after
{Heap after GC invocations=26 (full 0):
 garbage-first heap   total 98304K, used 42771K [0x0000000604400000, 0x0000000800000000)
  region size 4096K, 1 young (4096K), 1 survivors (4096K)
 Metaspace       used 61270K, committed 61888K, reserved 1114112K
  class space    used 7757K, committed 8064K, reserved 1048576K
}
Event: 8078.638 GC heap before
{Heap before GC invocations=26 (full 0):
 garbage-first heap   total 98304K, used 75539K [0x0000000604400000, 0x0000000800000000)
  region size 4096K, 9 young (36864K), 1 survivors (4096K)
 Metaspace       used 61307K, committed 61952K, reserved 1114112K
  class space    used 7757K, committed 8064K, reserved 1048576K
}
Event: 8078.647 GC heap after
{Heap after GC invocations=27 (full 0):
 garbage-first heap   total 98304K, used 42785K [0x0000000604400000, 0x0000000800000000)
  region size 4096K, 1 young (4096K), 1 survivors (4096K)
 Metaspace       used 61307K, committed 61952K, reserved 1114112K
  class space    used 7757K, committed 8064K, reserved 1048576K
}
Event: 9064.164 GC heap before
{Heap before GC invocations=28 (full 0):
 garbage-first heap   total 98304K, used 75553K [0x0000000604400000, 0x0000000800000000)
  region size 4096K, 9 young (36864K), 1 survivors (4096K)
 Metaspace       used 61321K, committed 61952K, reserved 1114112K
  class space    used 7757K, committed 8064K, reserved 1048576K
}
Event: 9064.172 GC heap after
{Heap after GC invocations=29 (full 0):
 garbage-first heap   total 98304K, used 42803K [0x0000000604400000, 0x0000000800000000)
  region size 4096K, 1 young (4096K), 1 survivors (4096K)
 Metaspace       used 61321K, committed 61952K, reserved 1114112K
  class space    used 7757K, committed 8064K, reserved 1048576K
}

