GC Precious Log:
 CPUs: 8 total, 8 available
 Memory: 32494M
 Large Page Support: Disabled
 NUMA Support: Disabled
 Compressed Oops: Enabled (Zero based)
 Heap Region Size: 4M
 Heap Min Capacity: 8M
 Heap Initial Capacity: 508M
 Heap Max Capacity: 8124M
 Pre-touch: Disabled
 Parallel Workers: 8
 Concurrent Workers: 2
 Concurrent Refinement Workers: 8
 Periodic GC: Disabled
Heap:
 garbage-first heap   total 139264K, used 100196K [0x0000000604400000, 0x0000000800000000)
  region size 4096K, 19 young (77824K), 1 survivors (4096K)
 Metaspace       used 47442K, committed 47936K, reserved 1114112K
  class space    used 5853K, committed 6080K, reserved 1048576K
GC Heap History (20 events):
Event: 6.634 GC heap before
{Heap before GC invocations=9 (full 0):
 garbage-first heap   total 69632K, used 37833K [0x0000000604400000, 0x0000000800000000)
  region size 4096K, 5 young (20480K), 1 survivors (4096K)
 Metaspace       used 35644K, committed 36096K, reserved 1114112K
  class space    used 4610K, committed 4800K, reserved 1048576K
}
Event: 6.637 GC heap after
{Heap after GC invocations=10 (full 0):
 garbage-first heap   total 69632K, used 26398K [0x0000000604400000, 0x0000000800000000)
  region size 4096K, 1 young (4096K), 1 survivors (4096K)
 Metaspace       used 35644K, committed 36096K, reserved 1114112K
  class space    used 4610K, committed 4800K, reserved 1048576K
}
Event: 7.138 GC heap before
{Heap before GC invocations=11 (full 0):
 garbage-first heap   total 69632K, used 46878K [0x0000000604400000, 0x0000000800000000)
  region size 4096K, 6 young (24576K), 1 survivors (4096K)
 Metaspace       used 40498K, committed 41024K, reserved 1114112K
  class space    used 5252K, committed 5504K, reserved 1048576K
}
Event: 7.143 GC heap after
{Heap after GC invocations=12 (full 0):
 garbage-first heap   total 69632K, used 29096K [0x0000000604400000, 0x0000000800000000)
  region size 4096K, 1 young (4096K), 1 survivors (4096K)
 Metaspace       used 40498K, committed 41024K, reserved 1114112K
  class space    used 5252K, committed 5504K, reserved 1048576K
}
Event: 7.252 GC heap before
{Heap before GC invocations=12 (full 0):
 garbage-first heap   total 69632K, used 33192K [0x0000000604400000, 0x0000000800000000)
  region size 4096K, 2 young (8192K), 1 survivors (4096K)
 Metaspace       used 41673K, committed 42176K, reserved 1114112K
  class space    used 5397K, committed 5632K, reserved 1048576K
}
Event: 7.257 GC heap after
{Heap after GC invocations=13 (full 0):
 garbage-first heap   total 69632K, used 29577K [0x0000000604400000, 0x0000000800000000)
  region size 4096K, 1 young (4096K), 1 survivors (4096K)
 Metaspace       used 41673K, committed 42176K, reserved 1114112K
  class space    used 5397K, committed 5632K, reserved 1048576K
}
Event: 226.979 GC heap before
{Heap before GC invocations=13 (full 0):
 garbage-first heap   total 69632K, used 45961K [0x0000000604400000, 0x0000000800000000)
  region size 4096K, 5 young (20480K), 1 survivors (4096K)
 Metaspace       used 44426K, committed 44928K, reserved 1114112K
  class space    used 5726K, committed 5952K, reserved 1048576K
}
Event: 226.985 GC heap after
{Heap after GC invocations=14 (full 0):
 garbage-first heap   total 294912K, used 30313K [0x0000000604400000, 0x0000000800000000)
  region size 4096K, 1 young (4096K), 1 survivors (4096K)
 Metaspace       used 44426K, committed 44928K, reserved 1114112K
  class space    used 5726K, committed 5952K, reserved 1048576K
}
Event: 2702.635 GC heap before
{Heap before GC invocations=15 (full 0):
 garbage-first heap   total 139264K, used 108137K [0x0000000604400000, 0x0000000800000000)
  region size 4096K, 20 young (81920K), 1 survivors (4096K)
 Metaspace       used 46149K, committed 46592K, reserved 1114112K
  class space    used 5849K, committed 6080K, reserved 1048576K
}
Event: 2702.641 GC heap after
{Heap after GC invocations=16 (full 0):
 garbage-first heap   total 139264K, used 30698K [0x0000000604400000, 0x0000000800000000)
  region size 4096K, 1 young (4096K), 1 survivors (4096K)
 Metaspace       used 46149K, committed 46592K, reserved 1114112K
  class space    used 5849K, committed 6080K, reserved 1048576K
}
Event: 2856.499 GC heap before
{Heap before GC invocations=16 (full 0):
 garbage-first heap   total 139264K, used 34794K [0x0000000604400000, 0x0000000800000000)
  region size 4096K, 2 young (8192K), 1 survivors (4096K)
 Metaspace       used 46155K, committed 46656K, reserved 1114112K
  class space    used 5849K, committed 6080K, reserved 1048576K
}
Event: 2856.503 GC heap after
{Heap after GC invocations=17 (full 0):
 garbage-first heap   total 139264K, used 30674K [0x0000000604400000, 0x0000000800000000)
  region size 4096K, 1 young (4096K), 1 survivors (4096K)
 Metaspace       used 46155K, committed 46656K, reserved 1114112K
  class space    used 5849K, committed 6080K, reserved 1048576K
}
Event: 5414.186 GC heap before
{Heap before GC invocations=17 (full 0):
 garbage-first heap   total 139264K, used 100306K [0x0000000604400000, 0x0000000800000000)
  region size 4096K, 18 young (73728K), 1 survivors (4096K)
 Metaspace       used 46621K, committed 47168K, reserved 1114112K
  class space    used 5851K, committed 6080K, reserved 1048576K
}
Event: 5414.197 GC heap after
{Heap after GC invocations=18 (full 0):
 garbage-first heap   total 139264K, used 30733K [0x0000000604400000, 0x0000000800000000)
  region size 4096K, 1 young (4096K), 1 survivors (4096K)
 Metaspace       used 46621K, committed 47168K, reserved 1114112K
  class space    used 5851K, committed 6080K, reserved 1048576K
}
Event: 8158.483 GC heap before
{Heap before GC invocations=18 (full 0):
 garbage-first heap   total 139264K, used 104461K [0x0000000604400000, 0x0000000800000000)
  region size 4096K, 19 young (77824K), 1 survivors (4096K)
 Metaspace       used 47098K, committed 47616K, reserved 1114112K
  class space    used 5852K, committed 6080K, reserved 1048576K
}
Event: 8158.525 GC heap after
{Heap after GC invocations=19 (full 0):
 garbage-first heap   total 139264K, used 30703K [0x0000000604400000, 0x0000000800000000)
  region size 4096K, 1 young (4096K), 1 survivors (4096K)
 Metaspace       used 47098K, committed 47616K, reserved 1114112K
  class space    used 5852K, committed 6080K, reserved 1048576K
}
Event: 11078.922 GC heap before
{Heap before GC invocations=19 (full 0):
 garbage-first heap   total 139264K, used 108527K [0x0000000604400000, 0x0000000800000000)
  region size 4096K, 20 young (81920K), 1 survivors (4096K)
 Metaspace       used 47212K, committed 47744K, reserved 1114112K
  class space    used 5853K, committed 6080K, reserved 1048576K
}
Event: 11078.964 GC heap after
{Heap after GC invocations=20 (full 0):
 garbage-first heap   total 139264K, used 30746K [0x0000000604400000, 0x0000000800000000)
  region size 4096K, 1 young (4096K), 1 survivors (4096K)
 Metaspace       used 47212K, committed 47744K, reserved 1114112K
  class space    used 5853K, committed 6080K, reserved 1048576K
}
Event: 14030.283 GC heap before
{Heap before GC invocations=20 (full 0):
 garbage-first heap   total 139264K, used 108570K [0x0000000604400000, 0x0000000800000000)
  region size 4096K, 20 young (81920K), 1 survivors (4096K)
 Metaspace       used 47305K, committed 47808K, reserved 1114112K
  class space    used 5853K, committed 6080K, reserved 1048576K
}
Event: 14030.348 GC heap after
{Heap after GC invocations=21 (full 0):
 garbage-first heap   total 139264K, used 30564K [0x0000000604400000, 0x0000000800000000)
  region size 4096K, 1 young (4096K), 1 survivors (4096K)
 Metaspace       used 47305K, committed 47808K, reserved 1114112K
  class space    used 5853K, committed 6080K, reserved 1048576K
}

