# JRE version: Java(TM) SE Runtime Environment (17.0.9+11) (build 17.0.9+11-LTS-201)
# Java VM: Java HotSpot(TM) 64-Bit Server VM (17.0.9+11-LTS-201, mixed mode, sharing, tiered, compressed oops, compressed class ptrs, g1 gc, windows-amd64)
GC Precious Log:
 CPUs: 8 total, 8 available
 Memory: 32494M
 Large Page Support: Disabled
 NUMA Support: Disabled
 Compressed Oops: Enabled (Zero based)
 Heap Region Size: 4M
 Heap Min Capacity: 8M
 Heap Initial Capacity: 508M
 Heap Max Capacity: 8124M
 Pre-touch: Disabled
 Parallel Workers: 8
 Concurrent Workers: 2
 Concurrent Refinement Workers: 8
 Periodic GC: Disabled
Heap:
 garbage-first heap   total 69632K, used 36207K [0x0000000604400000, 0x0000000800000000)
  region size 4096K, 4 young (16384K), 1 survivors (4096K)
 Metaspace       used 47125K, committed 47680K, reserved 1114112K
  class space    used 5810K, committed 6080K, reserved 1048576K
GC Heap History (20 events):
Event: 67584.515 GC heap before
{Heap before GC invocations=28 (full 0):
 garbage-first heap   total 69632K, used 54791K [0x0000000604400000, 0x0000000800000000)
  region size 4096K, 7 young (28672K), 1 survivors (4096K)
 Metaspace       used 47044K, committed 47552K, reserved 1114112K
  class space    used 5853K, committed 6080K, reserved 1048576K
}
Event: 67584.523 GC heap after
{Heap after GC invocations=29 (full 0):
 garbage-first heap   total 69632K, used 30225K [0x0000000604400000, 0x0000000800000000)
  region size 4096K, 1 young (4096K), 1 survivors (4096K)
 Metaspace       used 47044K, committed 47552K, reserved 1114112K
  class space    used 5853K, committed 6080K, reserved 1048576K
}
Event: 68522.034 GC heap before
{Heap before GC invocations=29 (full 0):
 garbage-first heap   total 69632K, used 54801K [0x0000000604400000, 0x0000000800000000)
  region size 4096K, 7 young (28672K), 1 survivors (4096K)
 Metaspace       used 47062K, committed 47616K, reserved 1114112K
  class space    used 5853K, committed 6080K, reserved 1048576K
}
Event: 68522.050 GC heap after
{Heap after GC invocations=30 (full 0):
 garbage-first heap   total 69632K, used 30283K [0x0000000604400000, 0x0000000800000000)
  region size 4096K, 1 young (4096K), 1 survivors (4096K)
 Metaspace       used 47062K, committed 47616K, reserved 1114112K
  class space    used 5853K, committed 6080K, reserved 1048576K
}
Event: 69266.573 GC heap before
{Heap before GC invocations=30 (full 0):
 garbage-first heap   total 69632K, used 50763K [0x0000000604400000, 0x0000000800000000)
  region size 4096K, 6 young (24576K), 1 survivors (4096K)
 Metaspace       used 47103K, committed 47616K, reserved 1114112K
  class space    used 5853K, committed 6080K, reserved 1048576K
}
Event: 69266.615 GC heap after
{Heap after GC invocations=31 (full 0):
 garbage-first heap   total 69632K, used 30281K [0x0000000604400000, 0x0000000800000000)
  region size 4096K, 1 young (4096K), 1 survivors (4096K)
 Metaspace       used 47103K, committed 47616K, reserved 1114112K
  class space    used 5853K, committed 6080K, reserved 1048576K
}
Event: 70043.191 GC heap before
{Heap before GC invocations=32 (full 0):
 garbage-first heap   total 69632K, used 50761K [0x0000000604400000, 0x0000000800000000)
  region size 4096K, 6 young (24576K), 1 survivors (4096K)
 Metaspace       used 46861K, committed 47616K, reserved 1114112K
  class space    used 5794K, committed 6080K, reserved 1048576K
}
Event: 70043.198 GC heap after
{Heap after GC invocations=33 (full 0):
 garbage-first heap   total 69632K, used 30331K [0x0000000604400000, 0x0000000800000000)
  region size 4096K, 1 young (4096K), 1 survivors (4096K)
 Metaspace       used 46861K, committed 47616K, reserved 1114112K
  class space    used 5794K, committed 6080K, reserved 1048576K
}
Event: 70202.860 GC heap before
{Heap before GC invocations=33 (full 0):
 garbage-first heap   total 69632K, used 34427K [0x0000000604400000, 0x0000000800000000)
  region size 4096K, 2 young (8192K), 1 survivors (4096K)
 Metaspace       used 46861K, committed 47616K, reserved 1114112K
  class space    used 5794K, committed 6080K, reserved 1048576K
}
Event: 70202.895 GC heap after
{Heap after GC invocations=34 (full 0):
 garbage-first heap   total 69632K, used 27868K [0x0000000604400000, 0x0000000800000000)
  region size 4096K, 1 young (4096K), 1 survivors (4096K)
 Metaspace       used 46861K, committed 47616K, reserved 1114112K
  class space    used 5794K, committed 6080K, reserved 1048576K
}
Event: 70329.479 GC heap before
{Heap before GC invocations=34 (full 0):
 garbage-first heap   total 69632K, used 31964K [0x0000000604400000, 0x0000000800000000)
  region size 4096K, 2 young (8192K), 1 survivors (4096K)
 Metaspace       used 46880K, committed 47616K, reserved 1114112K
  class space    used 5795K, committed 6080K, reserved 1048576K
}
Event: 70329.496 GC heap after
{Heap after GC invocations=35 (full 0):
 garbage-first heap   total 69632K, used 27165K [0x0000000604400000, 0x0000000800000000)
  region size 4096K, 1 young (4096K), 1 survivors (4096K)
 Metaspace       used 46880K, committed 47616K, reserved 1114112K
  class space    used 5795K, committed 6080K, reserved 1048576K
}
Event: 71233.370 GC heap before
{Heap before GC invocations=35 (full 0):
 garbage-first heap   total 69632K, used 51741K [0x0000000604400000, 0x0000000800000000)
  region size 4096K, 7 young (28672K), 1 survivors (4096K)
 Metaspace       used 46920K, committed 47616K, reserved 1114112K
  class space    used 5795K, committed 6080K, reserved 1048576K
}
Event: 71233.375 GC heap after
{Heap after GC invocations=36 (full 0):
 garbage-first heap   total 69632K, used 27640K [0x0000000604400000, 0x0000000800000000)
  region size 4096K, 1 young (4096K), 1 survivors (4096K)
 Metaspace       used 46920K, committed 47616K, reserved 1114112K
  class space    used 5795K, committed 6080K, reserved 1048576K
}
Event: 72148.372 GC heap before
{Heap before GC invocations=36 (full 0):
 garbage-first heap   total 69632K, used 52216K [0x0000000604400000, 0x0000000800000000)
  region size 4096K, 7 young (28672K), 1 survivors (4096K)
 Metaspace       used 47023K, committed 47616K, reserved 1114112K
  class space    used 5795K, committed 6080K, reserved 1048576K
}
Event: 72148.374 GC heap after
{Heap after GC invocations=37 (full 0):
 garbage-first heap   total 69632K, used 27767K [0x0000000604400000, 0x0000000800000000)
  region size 4096K, 1 young (4096K), 1 survivors (4096K)
 Metaspace       used 47023K, committed 47616K, reserved 1114112K
  class space    used 5795K, committed 6080K, reserved 1048576K
}
Event: 73089.376 GC heap before
{Heap before GC invocations=37 (full 0):
 garbage-first heap   total 69632K, used 52343K [0x0000000604400000, 0x0000000800000000)
  region size 4096K, 7 young (28672K), 1 survivors (4096K)
 Metaspace       used 47048K, committed 47616K, reserved 1114112K
  class space    used 5795K, committed 6080K, reserved 1048576K
}
Event: 73089.380 GC heap after
{Heap after GC invocations=38 (full 0):
 garbage-first heap   total 69632K, used 27978K [0x0000000604400000, 0x0000000800000000)
  region size 4096K, 1 young (4096K), 1 survivors (4096K)
 Metaspace       used 47048K, committed 47616K, reserved 1114112K
  class space    used 5795K, committed 6080K, reserved 1048576K
}
Event: 74000.020 GC heap before
{Heap before GC invocations=38 (full 0):
 garbage-first heap   total 69632K, used 52554K [0x0000000604400000, 0x0000000800000000)
  region size 4096K, 7 young (28672K), 1 survivors (4096K)
 Metaspace       used 47062K, committed 47680K, reserved 1114112K
  class space    used 5795K, committed 6080K, reserved 1048576K
}
Event: 74000.023 GC heap after
{Heap after GC invocations=39 (full 0):
 garbage-first heap   total 69632K, used 28015K [0x0000000604400000, 0x0000000800000000)
  region size 4096K, 1 young (4096K), 1 survivors (4096K)
 Metaspace       used 47062K, committed 47680K, reserved 1114112K
  class space    used 5795K, committed 6080K, reserved 1048576K
}

