# JRE version: Java(TM) SE Runtime Environment (17.0.9+11) (build 17.0.9+11-LTS-201)
# Java VM: Java HotSpot(TM) 64-Bit Server VM (17.0.9+11-LTS-201, mixed mode, sharing, tiered, compressed oops, compressed class ptrs, g1 gc, windows-amd64)
GC Precious Log:
 CPUs: 8 total, 8 available
 Memory: 32494M
 Large Page Support: Disabled
 NUMA Support: Disabled
 Compressed Oops: Enabled (Zero based)
 Heap Region Size: 4M
 Heap Min Capacity: 8M
 Heap Initial Capacity: 508M
 Heap Max Capacity: 8124M
 Pre-touch: Disabled
 Parallel Workers: 8
 Concurrent Workers: 2
 Concurrent Refinement Workers: 8
 Periodic GC: Disabled
Heap:
 garbage-first heap   total 69632K, used 41373K [0x0000000604400000, 0x0000000800000000)
  region size 4096K, 5 young (20480K), 1 survivors (4096K)
 Metaspace       used 57548K, committed 58112K, reserved 1114112K
  class space    used 7432K, committed 7744K, reserved 1048576K
GC Heap History (20 events):
Event: 11384.816 GC heap before
{Heap before GC invocations=36 (full 0):
 garbage-first heap   total 69632K, used 52350K [0x0000000604400000, 0x0000000800000000)
  region size 4096K, 7 young (28672K), 1 survivors (4096K)
 Metaspace       used 56867K, committed 57600K, reserved 1114112K
  class space    used 7415K, committed 7744K, reserved 1048576K
}
Event: 11384.826 GC heap after
{Heap after GC invocations=37 (full 0):
 garbage-first heap   total 69632K, used 28207K [0x0000000604400000, 0x0000000800000000)
  region size 4096K, 1 young (4096K), 1 survivors (4096K)
 Metaspace       used 56867K, committed 57600K, reserved 1114112K
  class space    used 7415K, committed 7744K, reserved 1048576K
}
Event: 12469.901 GC heap before
{Heap before GC invocations=38 (full 0):
 garbage-first heap   total 69632K, used 52783K [0x0000000604400000, 0x0000000800000000)
  region size 4096K, 7 young (28672K), 1 survivors (4096K)
 Metaspace       used 56989K, committed 57600K, reserved 1114112K
  class space    used 7416K, committed 7744K, reserved 1048576K
}
Event: 12469.913 GC heap after
{Heap after GC invocations=39 (full 0):
 garbage-first heap   total 69632K, used 28205K [0x0000000604400000, 0x0000000800000000)
  region size 4096K, 1 young (4096K), 1 survivors (4096K)
 Metaspace       used 56989K, committed 57600K, reserved 1114112K
  class space    used 7416K, committed 7744K, reserved 1048576K
}
Event: 13490.850 GC heap before
{Heap before GC invocations=39 (full 0):
 garbage-first heap   total 69632K, used 52781K [0x0000000604400000, 0x0000000800000000)
  region size 4096K, 7 young (28672K), 1 survivors (4096K)
 Metaspace       used 57022K, committed 57664K, reserved 1114112K
  class space    used 7417K, committed 7744K, reserved 1048576K
}
Event: 13490.884 GC heap after
{Heap after GC invocations=40 (full 0):
 garbage-first heap   total 69632K, used 28379K [0x0000000604400000, 0x0000000800000000)
  region size 4096K, 1 young (4096K), 1 survivors (4096K)
 Metaspace       used 57022K, committed 57664K, reserved 1114112K
  class space    used 7417K, committed 7744K, reserved 1048576K
}
Event: 14535.910 GC heap before
{Heap before GC invocations=41 (full 0):
 garbage-first heap   total 69632K, used 52955K [0x0000000604400000, 0x0000000800000000)
  region size 4096K, 7 young (28672K), 1 survivors (4096K)
 Metaspace       used 57041K, committed 57664K, reserved 1114112K
  class space    used 7417K, committed 7744K, reserved 1048576K
}
Event: 14535.918 GC heap after
{Heap after GC invocations=42 (full 0):
 garbage-first heap   total 69632K, used 28360K [0x0000000604400000, 0x0000000800000000)
  region size 4096K, 1 young (4096K), 1 survivors (4096K)
 Metaspace       used 57041K, committed 57664K, reserved 1114112K
  class space    used 7417K, committed 7744K, reserved 1048576K
}
Event: 15585.420 GC heap before
{Heap before GC invocations=42 (full 0):
 garbage-first heap   total 69632K, used 52936K [0x0000000604400000, 0x0000000800000000)
  region size 4096K, 7 young (28672K), 1 survivors (4096K)
 Metaspace       used 57182K, committed 57728K, reserved 1114112K
  class space    used 7417K, committed 7744K, reserved 1048576K
}
Event: 15585.444 GC heap after
{Heap after GC invocations=43 (full 0):
 garbage-first heap   total 69632K, used 28371K [0x0000000604400000, 0x0000000800000000)
  region size 4096K, 1 young (4096K), 1 survivors (4096K)
 Metaspace       used 57182K, committed 57728K, reserved 1114112K
  class space    used 7417K, committed 7744K, reserved 1048576K
}
Event: 16613.625 GC heap before
{Heap before GC invocations=44 (full 0):
 garbage-first heap   total 69632K, used 52947K [0x0000000604400000, 0x0000000800000000)
  region size 4096K, 7 young (28672K), 1 survivors (4096K)
 Metaspace       used 57235K, committed 57792K, reserved 1114112K
  class space    used 7418K, committed 7744K, reserved 1048576K
}
Event: 16613.635 GC heap after
{Heap after GC invocations=45 (full 0):
 garbage-first heap   total 69632K, used 28351K [0x0000000604400000, 0x0000000800000000)
  region size 4096K, 1 young (4096K), 1 survivors (4096K)
 Metaspace       used 57235K, committed 57792K, reserved 1114112K
  class space    used 7418K, committed 7744K, reserved 1048576K
}
Event: 17544.392 GC heap before
{Heap before GC invocations=45 (full 0):
 garbage-first heap   total 69632K, used 52927K [0x0000000604400000, 0x0000000800000000)
  region size 4096K, 7 young (28672K), 1 survivors (4096K)
 Metaspace       used 57313K, committed 57856K, reserved 1114112K
  class space    used 7418K, committed 7744K, reserved 1048576K
}
Event: 17544.412 GC heap after
{Heap after GC invocations=46 (full 0):
 garbage-first heap   total 69632K, used 29009K [0x0000000604400000, 0x0000000800000000)
  region size 4096K, 1 young (4096K), 1 survivors (4096K)
 Metaspace       used 57313K, committed 57856K, reserved 1114112K
  class space    used 7418K, committed 7744K, reserved 1048576K
}
Event: 18587.694 GC heap before
{Heap before GC invocations=47 (full 0):
 garbage-first heap   total 69632K, used 53585K [0x0000000604400000, 0x0000000800000000)
  region size 4096K, 7 young (28672K), 1 survivors (4096K)
 Metaspace       used 57327K, committed 57856K, reserved 1114112K
  class space    used 7418K, committed 7744K, reserved 1048576K
}
Event: 18587.701 GC heap after
{Heap after GC invocations=48 (full 0):
 garbage-first heap   total 69632K, used 29046K [0x0000000604400000, 0x0000000800000000)
  region size 4096K, 1 young (4096K), 1 survivors (4096K)
 Metaspace       used 57327K, committed 57856K, reserved 1114112K
  class space    used 7418K, committed 7744K, reserved 1048576K
}
Event: 19630.573 GC heap before
{Heap before GC invocations=48 (full 0):
 garbage-first heap   total 69632K, used 53622K [0x0000000604400000, 0x0000000800000000)
  region size 4096K, 7 young (28672K), 1 survivors (4096K)
 Metaspace       used 57351K, committed 57856K, reserved 1114112K
  class space    used 7418K, committed 7744K, reserved 1048576K
}
Event: 19630.583 GC heap after
{Heap after GC invocations=49 (full 0):
 garbage-first heap   total 69632K, used 29055K [0x0000000604400000, 0x0000000800000000)
  region size 4096K, 1 young (4096K), 1 survivors (4096K)
 Metaspace       used 57351K, committed 57856K, reserved 1114112K
  class space    used 7418K, committed 7744K, reserved 1048576K
}
Event: 20677.346 GC heap before
{Heap before GC invocations=50 (full 0):
 garbage-first heap   total 69632K, used 53631K [0x0000000604400000, 0x0000000800000000)
  region size 4096K, 7 young (28672K), 1 survivors (4096K)
 Metaspace       used 57394K, committed 57920K, reserved 1114112K
  class space    used 7418K, committed 7744K, reserved 1048576K
}
Event: 20677.351 GC heap after
{Heap after GC invocations=51 (full 0):
 garbage-first heap   total 69632K, used 29085K [0x0000000604400000, 0x0000000800000000)
  region size 4096K, 1 young (4096K), 1 survivors (4096K)
 Metaspace       used 57394K, committed 57920K, reserved 1114112K
  class space    used 7418K, committed 7744K, reserved 1048576K
}

