# JRE version: Java(TM) SE Runtime Environment (17.0.9+11) (build 17.0.9+11-LTS-201)
# Java VM: Java HotSpot(TM) 64-Bit Server VM (17.0.9+11-LTS-201, mixed mode, sharing, tiered, compressed oops, compressed class ptrs, g1 gc, windows-amd64)
GC Precious Log:
 CPUs: 8 total, 8 available
 Memory: 32494M
 Large Page Support: Disabled
 NUMA Support: Disabled
 Compressed Oops: Enabled (Zero based)
 Heap Region Size: 4M
 Heap Min Capacity: 8M
 Heap Initial Capacity: 508M
 Heap Max Capacity: 8124M
 Pre-touch: Disabled
 Parallel Workers: 8
 Concurrent Workers: 2
 Concurrent Refinement Workers: 8
 Periodic GC: Disabled
Heap:
 garbage-first heap   total 151552K, used 104316K [0x0000000604400000, 0x0000000800000000)
  region size 4096K, 12 young (49152K), 1 survivors (4096K)
 Metaspace       used 90653K, committed 91328K, reserved 1179648K
  class space    used 11644K, committed 11968K, reserved 1048576K
GC Heap History (20 events):
Event: 4146.165 GC heap before
{Heap before GC invocations=31 (full 2):
 garbage-first heap   total 151552K, used 119965K [0x0000000604400000, 0x0000000800000000)
  region size 4096K, 15 young (61440K), 1 survivors (4096K)
 Metaspace       used 89063K, committed 89792K, reserved 1179648K
  class space    used 11627K, committed 11968K, reserved 1048576K
}
Event: 4146.186 GC heap after
{Heap after GC invocations=32 (full 2):
 garbage-first heap   total 151552K, used 63570K [0x0000000604400000, 0x0000000800000000)
  region size 4096K, 2 young (8192K), 2 survivors (8192K)
 Metaspace       used 89063K, committed 89792K, reserved 1179648K
  class space    used 11627K, committed 11968K, reserved 1048576K
}
Event: 5928.250 GC heap before
{Heap before GC invocations=32 (full 2):
 garbage-first heap   total 151552K, used 116818K [0x0000000604400000, 0x0000000800000000)
  region size 4096K, 15 young (61440K), 2 survivors (8192K)
 Metaspace       used 89329K, committed 90048K, reserved 1179648K
  class space    used 11628K, committed 11968K, reserved 1048576K
}
Event: 5928.265 GC heap after
{Heap after GC invocations=33 (full 2):
 garbage-first heap   total 151552K, used 63631K [0x0000000604400000, 0x0000000800000000)
  region size 4096K, 2 young (8192K), 2 survivors (8192K)
 Metaspace       used 89329K, committed 90048K, reserved 1179648K
  class space    used 11628K, committed 11968K, reserved 1048576K
}
Event: 62360.556 GC heap before
{Heap before GC invocations=33 (full 2):
 garbage-first heap   total 151552K, used 116879K [0x0000000604400000, 0x0000000800000000)
  region size 4096K, 15 young (61440K), 2 survivors (8192K)
 Metaspace       used 89703K, committed 90432K, reserved 1179648K
  class space    used 11641K, committed 11968K, reserved 1048576K
}
Event: 62360.565 GC heap after
{Heap after GC invocations=34 (full 2):
 garbage-first heap   total 151552K, used 63604K [0x0000000604400000, 0x0000000800000000)
  region size 4096K, 2 young (8192K), 2 survivors (8192K)
 Metaspace       used 89703K, committed 90432K, reserved 1179648K
  class space    used 11641K, committed 11968K, reserved 1048576K
}
Event: 63625.965 GC heap before
{Heap before GC invocations=34 (full 2):
 garbage-first heap   total 151552K, used 112756K [0x0000000604400000, 0x0000000800000000)
  region size 4096K, 15 young (61440K), 2 survivors (8192K)
 Metaspace       used 90083K, committed 90752K, reserved 1179648K
  class space    used 11642K, committed 11968K, reserved 1048576K
}
Event: 63625.976 GC heap after
{Heap after GC invocations=35 (full 2):
 garbage-first heap   total 151552K, used 64034K [0x0000000604400000, 0x0000000800000000)
  region size 4096K, 2 young (8192K), 2 survivors (8192K)
 Metaspace       used 90083K, committed 90752K, reserved 1179648K
  class space    used 11642K, committed 11968K, reserved 1048576K
}
Event: 63654.071 GC heap before
{Heap before GC invocations=35 (full 2):
 garbage-first heap   total 151552K, used 117282K [0x0000000604400000, 0x0000000800000000)
  region size 4096K, 15 young (61440K), 2 survivors (8192K)
 Metaspace       used 90098K, committed 90752K, reserved 1179648K
  class space    used 11642K, committed 11968K, reserved 1048576K
}
Event: 63654.089 GC heap after
{Heap after GC invocations=36 (full 2):
 garbage-first heap   total 151552K, used 62434K [0x0000000604400000, 0x0000000800000000)
  region size 4096K, 1 young (4096K), 1 survivors (4096K)
 Metaspace       used 90098K, committed 90752K, reserved 1179648K
  class space    used 11642K, committed 11968K, reserved 1048576K
}
Event: 65346.291 GC heap before
{Heap before GC invocations=36 (full 2):
 garbage-first heap   total 151552K, used 119778K [0x0000000604400000, 0x0000000800000000)
  region size 4096K, 15 young (61440K), 1 survivors (4096K)
 Metaspace       used 90242K, committed 90944K, reserved 1179648K
  class space    used 11643K, committed 11968K, reserved 1048576K
}
Event: 65346.305 GC heap after
{Heap after GC invocations=37 (full 2):
 garbage-first heap   total 151552K, used 63127K [0x0000000604400000, 0x0000000800000000)
  region size 4096K, 1 young (4096K), 1 survivors (4096K)
 Metaspace       used 90242K, committed 90944K, reserved 1179648K
  class space    used 11643K, committed 11968K, reserved 1048576K
}
Event: 67216.043 GC heap before
{Heap before GC invocations=37 (full 2):
 garbage-first heap   total 151552K, used 120471K [0x0000000604400000, 0x0000000800000000)
  region size 4096K, 15 young (61440K), 1 survivors (4096K)
 Metaspace       used 90384K, committed 91072K, reserved 1179648K
  class space    used 11643K, committed 11968K, reserved 1048576K
}
Event: 67216.062 GC heap after
{Heap after GC invocations=38 (full 2):
 garbage-first heap   total 151552K, used 63838K [0x0000000604400000, 0x0000000800000000)
  region size 4096K, 1 young (4096K), 1 survivors (4096K)
 Metaspace       used 90384K, committed 91072K, reserved 1179648K
  class space    used 11643K, committed 11968K, reserved 1048576K
}
Event: 69092.881 GC heap before
{Heap before GC invocations=38 (full 2):
 garbage-first heap   total 151552K, used 121182K [0x0000000604400000, 0x0000000800000000)
  region size 4096K, 15 young (61440K), 1 survivors (4096K)
 Metaspace       used 90439K, committed 91136K, reserved 1179648K
  class space    used 11644K, committed 11968K, reserved 1048576K
}
Event: 69092.900 GC heap after
{Heap after GC invocations=39 (full 2):
 garbage-first heap   total 151552K, used 63662K [0x0000000604400000, 0x0000000800000000)
  region size 4096K, 1 young (4096K), 1 survivors (4096K)
 Metaspace       used 90439K, committed 91136K, reserved 1179648K
  class space    used 11644K, committed 11968K, reserved 1048576K
}
Event: 70972.446 GC heap before
{Heap before GC invocations=39 (full 2):
 garbage-first heap   total 151552K, used 121006K [0x0000000604400000, 0x0000000800000000)
  region size 4096K, 15 young (61440K), 1 survivors (4096K)
 Metaspace       used 90558K, committed 91200K, reserved 1179648K
  class space    used 11644K, committed 11968K, reserved 1048576K
}
Event: 70972.476 GC heap after
{Heap after GC invocations=40 (full 2):
 garbage-first heap   total 151552K, used 63498K [0x0000000604400000, 0x0000000800000000)
  region size 4096K, 1 young (4096K), 1 survivors (4096K)
 Metaspace       used 90558K, committed 91200K, reserved 1179648K
  class space    used 11644K, committed 11968K, reserved 1048576K
}
Event: 72922.025 GC heap before
{Heap before GC invocations=40 (full 2):
 garbage-first heap   total 151552K, used 120842K [0x0000000604400000, 0x0000000800000000)
  region size 4096K, 15 young (61440K), 1 survivors (4096K)
 Metaspace       used 90607K, committed 91328K, reserved 1179648K
  class space    used 11644K, committed 11968K, reserved 1048576K
}
Event: 72922.044 GC heap after
{Heap after GC invocations=41 (full 2):
 garbage-first heap   total 151552K, used 63356K [0x0000000604400000, 0x0000000800000000)
  region size 4096K, 1 young (4096K), 1 survivors (4096K)
 Metaspace       used 90607K, committed 91328K, reserved 1179648K
  class space    used 11644K, committed 11968K, reserved 1048576K
}

