# JRE version: OpenJDK Runtime Environment Temurin-17.0.13+11 (17.0.13+11) (build 17.0.13+11)
# Java VM: OpenJDK 64-Bit Server VM Temurin-17.0.13+11 (17.0.13+11, mixed mode, tiered, compressed oops, compressed class ptrs, parallel gc, windows-amd64)
GC Precious Log:
 CPUs: 8 total, 8 available
 Memory: 32494M
 Large Page Support: Disabled
 NUMA Support: Disabled
 Compressed Oops: Enabled (32-bit)
 Alignments: Space 512K, Generation 512K, Heap 2M
 Heap Min Capacity: 100M
 Heap Initial Capacity: 100M
 Heap Max Capacity: 1G
 Pre-touch: Disabled
 Parallel Workers: 8
Heap:
 PSYoungGen      total 19456K, used 17115K [0x00000000eab00000, 0x00000000ec280000, 0x0000000100000000)
  eden space 14848K, 86% used [0x00000000eab00000,0x00000000eb78a460,0x00000000eb980000)
  from space 4608K, 92% used [0x00000000ebe00000,0x00000000ec22c9d0,0x00000000ec280000)
  to   space 4608K, 0% used [0x00000000eb980000,0x00000000eb980000,0x00000000ebe00000)
 ParOldGen       total 68608K, used 50337K [0x00000000c0000000, 0x00000000c4300000, 0x00000000eab00000)
  object space 68608K, 73% used [0x00000000c0000000,0x00000000c31287a0,0x00000000c4300000)
 Metaspace       used 60106K, committed 61248K, reserved 1114112K
  class space    used 6429K, committed 6976K, reserved 1048576K
GC Heap History (20 events):
Event: 21.991 GC heap before
{Heap before GC invocations=27 (full 2):
 PSYoungGen      total 19968K, used 19950K [0x00000000eab00000, 0x00000000eca00000, 0x0000000100000000)
  eden space 17920K, 99% used [0x00000000eab00000,0x00000000ebc7dd30,0x00000000ebc80000)
  from space 2048K, 99% used [0x00000000ec200000,0x00000000ec3fde68,0x00000000ec400000)
  to   space 5632K, 0% used [0x00000000ebc80000,0x00000000ebc80000,0x00000000ec200000)
 ParOldGen       total 68608K, used 35090K [0x00000000c0000000, 0x00000000c4300000, 0x00000000eab00000)
  object space 68608K, 51% used [0x00000000c0000000,0x00000000c2244b88,0x00000000c4300000)
 Metaspace       used 55622K, committed 56768K, reserved 1114112K
  class space    used 5947K, committed 6464K, reserved 1048576K
}
Event: 22.003 GC heap after
{Heap after GC invocations=27 (full 2):
 PSYoungGen      total 20480K, used 2275K [0x00000000eab00000, 0x00000000ec380000, 0x0000000100000000)
  eden space 17920K, 0% used [0x00000000eab00000,0x00000000eab00000,0x00000000ebc80000)
  from space 2560K, 88% used [0x00000000ebc80000,0x00000000ebeb8f28,0x00000000ebf00000)
  to   space 3584K, 0% used [0x00000000ec000000,0x00000000ec000000,0x00000000ec380000)
 ParOldGen       total 68608K, used 36995K [0x00000000c0000000, 0x00000000c4300000, 0x00000000eab00000)
  object space 68608K, 53% used [0x00000000c0000000,0x00000000c2420d20,0x00000000c4300000)
 Metaspace       used 55622K, committed 56768K, reserved 1114112K
  class space    used 5947K, committed 6464K, reserved 1048576K
}
Event: 22.377 GC heap before
{Heap before GC invocations=28 (full 2):
 PSYoungGen      total 20480K, used 20190K [0x00000000eab00000, 0x00000000ec380000, 0x0000000100000000)
  eden space 17920K, 99% used [0x00000000eab00000,0x00000000ebc7e908,0x00000000ebc80000)
  from space 2560K, 88% used [0x00000000ebc80000,0x00000000ebeb8f28,0x00000000ebf00000)
  to   space 3584K, 0% used [0x00000000ec000000,0x00000000ec000000,0x00000000ec380000)
 ParOldGen       total 68608K, used 36995K [0x00000000c0000000, 0x00000000c4300000, 0x00000000eab00000)
  object space 68608K, 53% used [0x00000000c0000000,0x00000000c2420d20,0x00000000c4300000)
 Metaspace       used 57168K, committed 58368K, reserved 1114112K
  class space    used 6081K, committed 6592K, reserved 1048576K
}
Event: 22.380 GC heap after
{Heap after GC invocations=28 (full 2):
 PSYoungGen      total 20480K, used 2335K [0x00000000eab00000, 0x00000000ec280000, 0x0000000100000000)
  eden space 17920K, 0% used [0x00000000eab00000,0x00000000eab00000,0x00000000ebc80000)
  from space 2560K, 91% used [0x00000000ec000000,0x00000000ec247d48,0x00000000ec280000)
  to   space 2560K, 0% used [0x00000000ebc80000,0x00000000ebc80000,0x00000000ebf00000)
 ParOldGen       total 68608K, used 39094K [0x00000000c0000000, 0x00000000c4300000, 0x00000000eab00000)
  object space 68608K, 56% used [0x00000000c0000000,0x00000000c262d9d0,0x00000000c4300000)
 Metaspace       used 57168K, committed 58368K, reserved 1114112K
  class space    used 6081K, committed 6592K, reserved 1048576K
}
Event: 22.859 GC heap before
{Heap before GC invocations=29 (full 2):
 PSYoungGen      total 20480K, used 20255K [0x00000000eab00000, 0x00000000ec280000, 0x0000000100000000)
  eden space 17920K, 100% used [0x00000000eab00000,0x00000000ebc80000,0x00000000ebc80000)
  from space 2560K, 91% used [0x00000000ec000000,0x00000000ec247d48,0x00000000ec280000)
  to   space 2560K, 0% used [0x00000000ebc80000,0x00000000ebc80000,0x00000000ebf00000)
 ParOldGen       total 68608K, used 39094K [0x00000000c0000000, 0x00000000c4300000, 0x00000000eab00000)
  object space 68608K, 56% used [0x00000000c0000000,0x00000000c262d9d0,0x00000000c4300000)
 Metaspace       used 58148K, committed 59328K, reserved 1114112K
  class space    used 6199K, committed 6720K, reserved 1048576K
}
Event: 22.861 GC heap after
{Heap after GC invocations=29 (full 2):
 PSYoungGen      total 20480K, used 2545K [0x00000000eab00000, 0x00000000ec680000, 0x0000000100000000)
  eden space 17920K, 0% used [0x00000000eab00000,0x00000000eab00000,0x00000000ebc80000)
  from space 2560K, 99% used [0x00000000ebc80000,0x00000000ebefc5e8,0x00000000ebf00000)
  to   space 5120K, 0% used [0x00000000ec180000,0x00000000ec180000,0x00000000ec680000)
 ParOldGen       total 68608K, used 41194K [0x00000000c0000000, 0x00000000c4300000, 0x00000000eab00000)
  object space 68608K, 60% used [0x00000000c0000000,0x00000000c283aa20,0x00000000c4300000)
 Metaspace       used 58148K, committed 59328K, reserved 1114112K
  class space    used 6199K, committed 6720K, reserved 1048576K
}
Event: 23.141 GC heap before
{Heap before GC invocations=30 (full 2):
 PSYoungGen      total 20480K, used 20465K [0x00000000eab00000, 0x00000000ec680000, 0x0000000100000000)
  eden space 17920K, 99% used [0x00000000eab00000,0x00000000ebc7fff0,0x00000000ebc80000)
  from space 2560K, 99% used [0x00000000ebc80000,0x00000000ebefc5e8,0x00000000ebf00000)
  to   space 5120K, 0% used [0x00000000ec180000,0x00000000ec180000,0x00000000ec680000)
 ParOldGen       total 68608K, used 41194K [0x00000000c0000000, 0x00000000c4300000, 0x00000000eab00000)
  object space 68608K, 60% used [0x00000000c0000000,0x00000000c283aa20,0x00000000c4300000)
 Metaspace       used 58586K, committed 59776K, reserved 1114112K
  class space    used 6266K, committed 6784K, reserved 1048576K
}
Event: 23.147 GC heap after
{Heap after GC invocations=30 (full 2):
 PSYoungGen      total 20480K, used 2334K [0x00000000eab00000, 0x00000000ec400000, 0x0000000100000000)
  eden space 17920K, 0% used [0x00000000eab00000,0x00000000eab00000,0x00000000ebc80000)
  from space 2560K, 91% used [0x00000000ec180000,0x00000000ec3c7958,0x00000000ec400000)
  to   space 3584K, 0% used [0x00000000ebd00000,0x00000000ebd00000,0x00000000ec080000)
 ParOldGen       total 68608K, used 43629K [0x00000000c0000000, 0x00000000c4300000, 0x00000000eab00000)
  object space 68608K, 63% used [0x00000000c0000000,0x00000000c2a9b460,0x00000000c4300000)
 Metaspace       used 58586K, committed 59776K, reserved 1114112K
  class space    used 6266K, committed 6784K, reserved 1048576K
}
Event: 23.208 GC heap before
{Heap before GC invocations=31 (full 2):
 PSYoungGen      total 20480K, used 8911K [0x00000000eab00000, 0x00000000ec400000, 0x0000000100000000)
  eden space 17920K, 36% used [0x00000000eab00000,0x00000000eb16c410,0x00000000ebc80000)
  from space 2560K, 91% used [0x00000000ec180000,0x00000000ec3c7958,0x00000000ec400000)
  to   space 3584K, 0% used [0x00000000ebd00000,0x00000000ebd00000,0x00000000ec080000)
 ParOldGen       total 68608K, used 43629K [0x00000000c0000000, 0x00000000c4300000, 0x00000000eab00000)
  object space 68608K, 63% used [0x00000000c0000000,0x00000000c2a9b460,0x00000000c4300000)
 Metaspace       used 58638K, committed 59776K, reserved 1114112K
  class space    used 6285K, committed 6784K, reserved 1048576K
}
Event: 23.213 GC heap after
{Heap after GC invocations=31 (full 2):
 PSYoungGen      total 18944K, used 900K [0x00000000eab00000, 0x00000000ec200000, 0x0000000100000000)
  eden space 17920K, 0% used [0x00000000eab00000,0x00000000eab00000,0x00000000ebc80000)
  from space 1024K, 87% used [0x00000000ebd00000,0x00000000ebde1030,0x00000000ebe00000)
  to   space 2048K, 0% used [0x00000000ec000000,0x00000000ec000000,0x00000000ec200000)
 ParOldGen       total 68608K, used 45828K [0x00000000c0000000, 0x00000000c4300000, 0x00000000eab00000)
  object space 68608K, 66% used [0x00000000c0000000,0x00000000c2cc1338,0x00000000c4300000)
 Metaspace       used 58638K, committed 59776K, reserved 1114112K
  class space    used 6285K, committed 6784K, reserved 1048576K
}
Event: 23.213 GC heap before
{Heap before GC invocations=32 (full 3):
 PSYoungGen      total 18944K, used 900K [0x00000000eab00000, 0x00000000ec200000, 0x0000000100000000)
  eden space 17920K, 0% used [0x00000000eab00000,0x00000000eab00000,0x00000000ebc80000)
  from space 1024K, 87% used [0x00000000ebd00000,0x00000000ebde1030,0x00000000ebe00000)
  to   space 2048K, 0% used [0x00000000ec000000,0x00000000ec000000,0x00000000ec200000)
 ParOldGen       total 68608K, used 45828K [0x00000000c0000000, 0x00000000c4300000, 0x00000000eab00000)
  object space 68608K, 66% used [0x00000000c0000000,0x00000000c2cc1338,0x00000000c4300000)
 Metaspace       used 58638K, committed 59776K, reserved 1114112K
  class space    used 6285K, committed 6784K, reserved 1048576K
}
Event: 23.290 GC heap after
{Heap after GC invocations=32 (full 3):
 PSYoungGen      total 18944K, used 0K [0x00000000eab00000, 0x00000000ec200000, 0x0000000100000000)
  eden space 17920K, 0% used [0x00000000eab00000,0x00000000eab00000,0x00000000ebc80000)
  from space 1024K, 0% used [0x00000000ebd00000,0x00000000ebd00000,0x00000000ebe00000)
  to   space 2048K, 0% used [0x00000000ec000000,0x00000000ec000000,0x00000000ec200000)
 ParOldGen       total 68608K, used 39326K [0x00000000c0000000, 0x00000000c4300000, 0x00000000eab00000)
  object space 68608K, 57% used [0x00000000c0000000,0x00000000c2667860,0x00000000c4300000)
 Metaspace       used 58638K, committed 59776K, reserved 1114112K
  class space    used 6285K, committed 6784K, reserved 1048576K
}
Event: 23.495 GC heap before
{Heap before GC invocations=33 (full 3):
 PSYoungGen      total 18944K, used 17920K [0x00000000eab00000, 0x00000000ec200000, 0x0000000100000000)
  eden space 17920K, 100% used [0x00000000eab00000,0x00000000ebc80000,0x00000000ebc80000)
  from space 1024K, 0% used [0x00000000ebd00000,0x00000000ebd00000,0x00000000ebe00000)
  to   space 2048K, 0% used [0x00000000ec000000,0x00000000ec000000,0x00000000ec200000)
 ParOldGen       total 68608K, used 39326K [0x00000000c0000000, 0x00000000c4300000, 0x00000000eab00000)
  object space 68608K, 57% used [0x00000000c0000000,0x00000000c2667860,0x00000000c4300000)
 Metaspace       used 59012K, committed 60224K, reserved 1114112K
  class space    used 6319K, committed 6848K, reserved 1048576K
}
Event: 23.496 GC heap after
{Heap after GC invocations=33 (full 3):
 PSYoungGen      total 19968K, used 2031K [0x00000000eab00000, 0x00000000ec280000, 0x0000000100000000)
  eden space 17920K, 0% used [0x00000000eab00000,0x00000000eab00000,0x00000000ebc80000)
  from space 2048K, 99% used [0x00000000ec000000,0x00000000ec1fbe20,0x00000000ec200000)
  to   space 3072K, 0% used [0x00000000ebc80000,0x00000000ebc80000,0x00000000ebf80000)
 ParOldGen       total 68608K, used 39840K [0x00000000c0000000, 0x00000000c4300000, 0x00000000eab00000)
  object space 68608K, 58% used [0x00000000c0000000,0x00000000c26e8308,0x00000000c4300000)
 Metaspace       used 59012K, committed 60224K, reserved 1114112K
  class space    used 6319K, committed 6848K, reserved 1048576K
}
Event: 23.715 GC heap before
{Heap before GC invocations=34 (full 3):
 PSYoungGen      total 19968K, used 19951K [0x00000000eab00000, 0x00000000ec280000, 0x0000000100000000)
  eden space 17920K, 100% used [0x00000000eab00000,0x00000000ebc80000,0x00000000ebc80000)
  from space 2048K, 99% used [0x00000000ec000000,0x00000000ec1fbe20,0x00000000ec200000)
  to   space 3072K, 0% used [0x00000000ebc80000,0x00000000ebc80000,0x00000000ebf80000)
 ParOldGen       total 68608K, used 39840K [0x00000000c0000000, 0x00000000c4300000, 0x00000000eab00000)
  object space 68608K, 58% used [0x00000000c0000000,0x00000000c26e8308,0x00000000c4300000)
 Metaspace       used 59442K, committed 60608K, reserved 1114112K
  class space    used 6366K, committed 6912K, reserved 1048576K
}
Event: 23.719 GC heap after
{Heap after GC invocations=34 (full 3):
 PSYoungGen      total 20480K, used 2330K [0x00000000eab00000, 0x00000000ec180000, 0x0000000100000000)
  eden space 17920K, 0% used [0x00000000eab00000,0x00000000eab00000,0x00000000ebc80000)
  from space 2560K, 91% used [0x00000000ebc80000,0x00000000ebec6890,0x00000000ebf00000)
  to   space 2560K, 0% used [0x00000000ebf00000,0x00000000ebf00000,0x00000000ec180000)
 ParOldGen       total 68608K, used 41706K [0x00000000c0000000, 0x00000000c4300000, 0x00000000eab00000)
  object space 68608K, 60% used [0x00000000c0000000,0x00000000c28ba978,0x00000000c4300000)
 Metaspace       used 59442K, committed 60608K, reserved 1114112K
  class space    used 6366K, committed 6912K, reserved 1048576K
}
Event: 23.941 GC heap before
{Heap before GC invocations=35 (full 3):
 PSYoungGen      total 20480K, used 19733K [0x00000000eab00000, 0x00000000ec180000, 0x0000000100000000)
  eden space 17920K, 97% used [0x00000000eab00000,0x00000000ebbfec40,0x00000000ebc80000)
  from space 2560K, 91% used [0x00000000ebc80000,0x00000000ebec6890,0x00000000ebf00000)
  to   space 2560K, 0% used [0x00000000ebf00000,0x00000000ebf00000,0x00000000ec180000)
 ParOldGen       total 68608K, used 41706K [0x00000000c0000000, 0x00000000c4300000, 0x00000000eab00000)
  object space 68608K, 60% used [0x00000000c0000000,0x00000000c28ba978,0x00000000c4300000)
 Metaspace       used 59990K, committed 61184K, reserved 1114112K
  class space    used 6415K, committed 6976K, reserved 1048576K
}
Event: 23.945 GC heap after
{Heap after GC invocations=35 (full 3):
 PSYoungGen      total 17408K, used 2533K [0x00000000eab00000, 0x00000000ec780000, 0x0000000100000000)
  eden space 14848K, 0% used [0x00000000eab00000,0x00000000eab00000,0x00000000eb980000)
  from space 2560K, 98% used [0x00000000ebf00000,0x00000000ec179450,0x00000000ec180000)
  to   space 5632K, 0% used [0x00000000eb980000,0x00000000eb980000,0x00000000ebf00000)
 ParOldGen       total 68608K, used 43903K [0x00000000c0000000, 0x00000000c4300000, 0x00000000eab00000)
  object space 68608K, 63% used [0x00000000c0000000,0x00000000c2adfea0,0x00000000c4300000)
 Metaspace       used 59990K, committed 61184K, reserved 1114112K
  class space    used 6415K, committed 6976K, reserved 1048576K
}
Event: 24.953 GC heap before
{Heap before GC invocations=36 (full 3):
 PSYoungGen      total 17408K, used 17381K [0x00000000eab00000, 0x00000000ec780000, 0x0000000100000000)
  eden space 14848K, 100% used [0x00000000eab00000,0x00000000eb980000,0x00000000eb980000)
  from space 2560K, 98% used [0x00000000ebf00000,0x00000000ec179450,0x00000000ec180000)
  to   space 5632K, 0% used [0x00000000eb980000,0x00000000eb980000,0x00000000ebf00000)
 ParOldGen       total 68608K, used 43903K [0x00000000c0000000, 0x00000000c4300000, 0x00000000eab00000)
  object space 68608K, 63% used [0x00000000c0000000,0x00000000c2adfea0,0x00000000c4300000)
 Metaspace       used 59990K, committed 61184K, reserved 1114112K
  class space    used 6415K, committed 6976K, reserved 1048576K
}
Event: 24.959 GC heap after
{Heap after GC invocations=36 (full 3):
 PSYoungGen      total 19456K, used 4141K [0x00000000eab00000, 0x00000000ec280000, 0x0000000100000000)
  eden space 14848K, 0% used [0x00000000eab00000,0x00000000eab00000,0x00000000eb980000)
  from space 4608K, 89% used [0x00000000eb980000,0x00000000ebd8b508,0x00000000ebe00000)
  to   space 4608K, 0% used [0x00000000ebe00000,0x00000000ebe00000,0x00000000ec280000)
 ParOldGen       total 68608K, used 46326K [0x00000000c0000000, 0x00000000c4300000, 0x00000000eab00000)
  object space 68608K, 67% used [0x00000000c0000000,0x00000000c2d3db20,0x00000000c4300000)
 Metaspace       used 59990K, committed 61184K, reserved 1114112K
  class space    used 6415K, committed 6976K, reserved 1048576K
}

