# JRE version: Java(TM) SE Runtime Environment (17.0.9+11) (build 17.0.9+11-LTS-201)
# Java VM: Java HotSpot(TM) 64-Bit Server VM (17.0.9+11-LTS-201, mixed mode, sharing, tiered, compressed oops, compressed class ptrs, g1 gc, windows-amd64)
GC Precious Log:
 CPUs: 8 total, 8 available
 Memory: 32494M
 Large Page Support: Disabled
 NUMA Support: Disabled
 Compressed Oops: Enabled (Zero based)
 Heap Region Size: 4M
 Heap Min Capacity: 8M
 Heap Initial Capacity: 508M
 Heap Max Capacity: 8124M
 Pre-touch: Disabled
 Parallel Workers: 8
 Concurrent Workers: 2
 Concurrent Refinement Workers: 8
 Periodic GC: Disabled
Heap:
 garbage-first heap   total 69632K, used 45314K [0x0000000604400000, 0x0000000800000000)
  region size 4096K, 5 young (20480K), 1 survivors (4096K)
 Metaspace       used 55301K, committed 55808K, reserved 1114112K
  class space    used 7462K, committed 7680K, reserved 1048576K
GC Heap History (20 events):
Event: 7.529 GC heap before
{Heap before GC invocations=6 (full 0):
 garbage-first heap   total 69632K, used 46253K [0x0000000604400000, 0x0000000800000000)
  region size 4096K, 10 young (40960K), 3 survivors (12288K)
 Metaspace       used 25799K, committed 26112K, reserved 1114112K
  class space    used 3349K, committed 3456K, reserved 1048576K
}
Event: 7.536 GC heap after
{Heap after GC invocations=7 (full 0):
 garbage-first heap   total 69632K, used 18772K [0x0000000604400000, 0x0000000800000000)
  region size 4096K, 2 young (8192K), 2 survivors (8192K)
 Metaspace       used 25799K, committed 26112K, reserved 1114112K
  class space    used 3349K, committed 3456K, reserved 1048576K
}
Event: 8.308 GC heap before
{Heap before GC invocations=7 (full 0):
 garbage-first heap   total 69632K, used 43348K [0x0000000604400000, 0x0000000800000000)
  region size 4096K, 8 young (32768K), 2 survivors (8192K)
 Metaspace       used 29020K, committed 29376K, reserved 1114112K
  class space    used 3819K, committed 4032K, reserved 1048576K
}
Event: 8.313 GC heap after
{Heap after GC invocations=8 (full 0):
 garbage-first heap   total 69632K, used 20688K [0x0000000604400000, 0x0000000800000000)
  region size 4096K, 1 young (4096K), 1 survivors (4096K)
 Metaspace       used 29020K, committed 29376K, reserved 1114112K
  class space    used 3819K, committed 4032K, reserved 1048576K
}
Event: 9.148 GC heap before
{Heap before GC invocations=8 (full 0):
 garbage-first heap   total 69632K, used 45264K [0x0000000604400000, 0x0000000800000000)
  region size 4096K, 7 young (28672K), 1 survivors (4096K)
 Metaspace       used 33625K, committed 34048K, reserved 1114112K
  class space    used 4476K, committed 4672K, reserved 1048576K
}
Event: 9.154 GC heap after
{Heap after GC invocations=9 (full 0):
 garbage-first heap   total 69632K, used 22467K [0x0000000604400000, 0x0000000800000000)
  region size 4096K, 1 young (4096K), 1 survivors (4096K)
 Metaspace       used 33625K, committed 34048K, reserved 1114112K
  class space    used 4476K, committed 4672K, reserved 1048576K
}
Event: 10.143 GC heap before
{Heap before GC invocations=9 (full 0):
 garbage-first heap   total 69632K, used 38851K [0x0000000604400000, 0x0000000800000000)
  region size 4096K, 6 young (24576K), 1 survivors (4096K)
 Metaspace       used 35745K, committed 36096K, reserved 1114112K
  class space    used 4745K, committed 4928K, reserved 1048576K
}
Event: 10.149 GC heap after
{Heap after GC invocations=10 (full 0):
 garbage-first heap   total 69632K, used 23608K [0x0000000604400000, 0x0000000800000000)
  region size 4096K, 1 young (4096K), 1 survivors (4096K)
 Metaspace       used 35745K, committed 36096K, reserved 1114112K
  class space    used 4745K, committed 4928K, reserved 1048576K
}
Event: 13.466 GC heap before
{Heap before GC invocations=11 (full 0):
 garbage-first heap   total 69632K, used 48184K [0x0000000604400000, 0x0000000800000000)
  region size 4096K, 7 young (28672K), 1 survivors (4096K)
 Metaspace       used 38331K, committed 38848K, reserved 1114112K
  class space    used 5192K, committed 5440K, reserved 1048576K
}
Event: 13.470 GC heap after
{Heap after GC invocations=12 (full 0):
 garbage-first heap   total 69632K, used 25251K [0x0000000604400000, 0x0000000800000000)
  region size 4096K, 1 young (4096K), 1 survivors (4096K)
 Metaspace       used 38331K, committed 38848K, reserved 1114112K
  class space    used 5192K, committed 5440K, reserved 1048576K
}
Event: 13.595 GC heap before
{Heap before GC invocations=12 (full 0):
 garbage-first heap   total 69632K, used 29347K [0x0000000604400000, 0x0000000800000000)
  region size 4096K, 2 young (8192K), 1 survivors (4096K)
 Metaspace       used 38950K, committed 39424K, reserved 1114112K
  class space    used 5270K, committed 5504K, reserved 1048576K
}
Event: 13.600 GC heap after
{Heap after GC invocations=13 (full 0):
 garbage-first heap   total 69632K, used 24469K [0x0000000604400000, 0x0000000800000000)
  region size 4096K, 1 young (4096K), 1 survivors (4096K)
 Metaspace       used 38950K, committed 39424K, reserved 1114112K
  class space    used 5270K, committed 5504K, reserved 1048576K
}
Event: 14.694 GC heap before
{Heap before GC invocations=13 (full 0):
 garbage-first heap   total 69632K, used 49045K [0x0000000604400000, 0x0000000800000000)
  region size 4096K, 7 young (28672K), 1 survivors (4096K)
 Metaspace       used 44737K, committed 45248K, reserved 1114112K
  class space    used 6057K, committed 6336K, reserved 1048576K
}
Event: 14.700 GC heap after
{Heap after GC invocations=14 (full 0):
 garbage-first heap   total 69632K, used 27071K [0x0000000604400000, 0x0000000800000000)
  region size 4096K, 1 young (4096K), 1 survivors (4096K)
 Metaspace       used 44737K, committed 45248K, reserved 1114112K
  class space    used 6057K, committed 6336K, reserved 1048576K
}
Event: 16.077 GC heap before
{Heap before GC invocations=14 (full 0):
 garbage-first heap   total 69632K, used 51647K [0x0000000604400000, 0x0000000800000000)
  region size 4096K, 7 young (28672K), 1 survivors (4096K)
 Metaspace       used 49601K, committed 50048K, reserved 1114112K
  class space    used 6712K, committed 6912K, reserved 1048576K
}
Event: 16.083 GC heap after
{Heap after GC invocations=15 (full 0):
 garbage-first heap   total 69632K, used 30213K [0x0000000604400000, 0x0000000800000000)
  region size 4096K, 1 young (4096K), 1 survivors (4096K)
 Metaspace       used 49601K, committed 50048K, reserved 1114112K
  class space    used 6712K, committed 6912K, reserved 1048576K
}
Event: 208.148 GC heap before
{Heap before GC invocations=15 (full 0):
 garbage-first heap   total 69632K, used 50693K [0x0000000604400000, 0x0000000800000000)
  region size 4096K, 6 young (24576K), 1 survivors (4096K)
 Metaspace       used 52646K, committed 53120K, reserved 1114112K
  class space    used 7125K, committed 7360K, reserved 1048576K
}
Event: 208.155 GC heap after
{Heap after GC invocations=16 (full 0):
 garbage-first heap   total 69632K, used 32196K [0x0000000604400000, 0x0000000800000000)
  region size 4096K, 1 young (4096K), 1 survivors (4096K)
 Metaspace       used 52646K, committed 53120K, reserved 1114112K
  class space    used 7125K, committed 7360K, reserved 1048576K
}
Event: 530.269 GC heap before
{Heap before GC invocations=16 (full 0):
 garbage-first heap   total 69632K, used 48580K [0x0000000604400000, 0x0000000800000000)
  region size 4096K, 5 young (20480K), 1 survivors (4096K)
 Metaspace       used 55135K, committed 55616K, reserved 1114112K
  class space    used 7460K, committed 7680K, reserved 1048576K
}
Event: 530.274 GC heap after
{Heap after GC invocations=17 (full 0):
 garbage-first heap   total 69632K, used 33026K [0x0000000604400000, 0x0000000800000000)
  region size 4096K, 1 young (4096K), 1 survivors (4096K)
 Metaspace       used 55135K, committed 55616K, reserved 1114112K
  class space    used 7460K, committed 7680K, reserved 1048576K
}

