# JRE version: Java(TM) SE Runtime Environment (17.0.9+11) (build 17.0.9+11-LTS-201)
# Java VM: Java HotSpot(TM) 64-Bit Server VM (17.0.9+11-LTS-201, mixed mode, sharing, tiered, compressed oops, compressed class ptrs, g1 gc, windows-amd64)
GC Precious Log:
 CPUs: 8 total, 8 available
 Memory: 32494M
 Large Page Support: Disabled
 NUMA Support: Disabled
 Compressed Oops: Enabled (Zero based)
 Heap Region Size: 4M
 Heap Min Capacity: 8M
 Heap Initial Capacity: 508M
 Heap Max Capacity: 8124M
 Pre-touch: Disabled
 Parallel Workers: 8
 Concurrent Workers: 2
 Concurrent Refinement Workers: 8
 Periodic GC: Disabled
Heap:
 garbage-first heap   total 294912K, used 200336K [0x0000000604400000, 0x0000000800000000)
  region size 4096K, 43 young (176128K), 3 survivors (12288K)
 Metaspace       used 61505K, committed 62144K, reserved 1114112K
  class space    used 7765K, committed 8064K, reserved 1048576K
GC Heap History (20 events):
Event: 5.349 GC heap before
{Heap before GC invocations=8 (full 0):
 garbage-first heap   total 69632K, used 39802K [0x0000000604400000, 0x0000000800000000)
  region size 4096K, 6 young (24576K), 1 survivors (4096K)
 Metaspace       used 31152K, committed 31488K, reserved 1114112K
  class space    used 3878K, committed 4032K, reserved 1048576K
}
Event: 5.353 GC heap after
{Heap after GC invocations=9 (full 0):
 garbage-first heap   total 69632K, used 24474K [0x0000000604400000, 0x0000000800000000)
  region size 4096K, 1 young (4096K), 1 survivors (4096K)
 Metaspace       used 31152K, committed 31488K, reserved 1114112K
  class space    used 3878K, committed 4032K, reserved 1048576K
}
Event: 5.740 GC heap before
{Heap before GC invocations=9 (full 0):
 garbage-first heap   total 69632K, used 44954K [0x0000000604400000, 0x0000000800000000)
  region size 4096K, 6 young (24576K), 1 survivors (4096K)
 Metaspace       used 32831K, committed 33216K, reserved 1114112K
  class space    used 4120K, committed 4288K, reserved 1048576K
}
Event: 5.744 GC heap after
{Heap after GC invocations=10 (full 0):
 garbage-first heap   total 69632K, used 25103K [0x0000000604400000, 0x0000000800000000)
  region size 4096K, 1 young (4096K), 1 survivors (4096K)
 Metaspace       used 32831K, committed 33216K, reserved 1114112K
  class space    used 4120K, committed 4288K, reserved 1048576K
}
Event: 6.133 GC heap before
{Heap before GC invocations=10 (full 0):
 garbage-first heap   total 69632K, used 37391K [0x0000000604400000, 0x0000000800000000)
  region size 4096K, 5 young (20480K), 1 survivors (4096K)
 Metaspace       used 35517K, committed 35968K, reserved 1114112K
  class space    used 4521K, committed 4736K, reserved 1048576K
}
Event: 6.137 GC heap after
{Heap after GC invocations=11 (full 0):
 garbage-first heap   total 69632K, used 26004K [0x0000000604400000, 0x0000000800000000)
  region size 4096K, 1 young (4096K), 1 survivors (4096K)
 Metaspace       used 35517K, committed 35968K, reserved 1114112K
  class space    used 4521K, committed 4736K, reserved 1048576K
}
Event: 6.643 GC heap before
{Heap before GC invocations=12 (full 0):
 garbage-first heap   total 69632K, used 50580K [0x0000000604400000, 0x0000000800000000)
  region size 4096K, 7 young (28672K), 1 survivors (4096K)
 Metaspace       used 38916K, committed 39424K, reserved 1114112K
  class space    used 5005K, committed 5248K, reserved 1048576K
}
Event: 6.649 GC heap after
{Heap after GC invocations=13 (full 0):
 garbage-first heap   total 69632K, used 29236K [0x0000000604400000, 0x0000000800000000)
  region size 4096K, 1 young (4096K), 1 survivors (4096K)
 Metaspace       used 38916K, committed 39424K, reserved 1114112K
  class space    used 5005K, committed 5248K, reserved 1048576K
}
Event: 7.155 GC heap before
{Heap before GC invocations=14 (full 0):
 garbage-first heap   total 69632K, used 49716K [0x0000000604400000, 0x0000000800000000)
  region size 4096K, 6 young (24576K), 1 survivors (4096K)
 Metaspace       used 41613K, committed 42112K, reserved 1114112K
  class space    used 5398K, committed 5632K, reserved 1048576K
}
Event: 7.160 GC heap after
{Heap after GC invocations=15 (full 0):
 garbage-first heap   total 69632K, used 32781K [0x0000000604400000, 0x0000000800000000)
  region size 4096K, 1 young (4096K), 1 survivors (4096K)
 Metaspace       used 41613K, committed 42112K, reserved 1114112K
  class space    used 5398K, committed 5632K, reserved 1048576K
}
Event: 7.282 GC heap before
{Heap before GC invocations=15 (full 0):
 garbage-first heap   total 69632K, used 36877K [0x0000000604400000, 0x0000000800000000)
  region size 4096K, 2 young (8192K), 1 survivors (4096K)
 Metaspace       used 42140K, committed 42624K, reserved 1114112K
  class space    used 5470K, committed 5696K, reserved 1048576K
}
Event: 7.288 GC heap after
{Heap after GC invocations=16 (full 0):
 garbage-first heap   total 294912K, used 32640K [0x0000000604400000, 0x0000000800000000)
  region size 4096K, 1 young (4096K), 1 survivors (4096K)
 Metaspace       used 42140K, committed 42624K, reserved 1114112K
  class space    used 5470K, committed 5696K, reserved 1048576K
}
Event: 930.586 GC heap before
{Heap before GC invocations=16 (full 0):
 garbage-first heap   total 294912K, used 192384K [0x0000000604400000, 0x0000000800000000)
  region size 4096K, 40 young (163840K), 1 survivors (4096K)
 Metaspace       used 58708K, committed 59328K, reserved 1114112K
  class space    used 7712K, committed 8000K, reserved 1048576K
}
Event: 930.599 GC heap after
{Heap after GC invocations=17 (full 0):
 garbage-first heap   total 294912K, used 40132K [0x0000000604400000, 0x0000000800000000)
  region size 4096K, 3 young (12288K), 3 survivors (12288K)
 Metaspace       used 58708K, committed 59328K, reserved 1114112K
  class space    used 7712K, committed 8000K, reserved 1048576K
}
Event: 61118.062 GC heap before
{Heap before GC invocations=17 (full 0):
 garbage-first heap   total 294912K, used 203972K [0x0000000604400000, 0x0000000800000000)
  region size 4096K, 43 young (176128K), 3 survivors (12288K)
 Metaspace       used 60948K, committed 61568K, reserved 1114112K
  class space    used 7740K, committed 8064K, reserved 1048576K
}
Event: 61118.131 GC heap after
{Heap after GC invocations=18 (full 0):
 garbage-first heap   total 294912K, used 40860K [0x0000000604400000, 0x0000000800000000)
  region size 4096K, 3 young (12288K), 3 survivors (12288K)
 Metaspace       used 60948K, committed 61568K, reserved 1114112K
  class space    used 7740K, committed 8064K, reserved 1048576K
}
Event: 65518.666 GC heap before
{Heap before GC invocations=18 (full 0):
 garbage-first heap   total 294912K, used 204700K [0x0000000604400000, 0x0000000800000000)
  region size 4096K, 43 young (176128K), 3 survivors (12288K)
 Metaspace       used 61205K, committed 61824K, reserved 1114112K
  class space    used 7742K, committed 8064K, reserved 1048576K
}
Event: 65518.743 GC heap after
{Heap after GC invocations=19 (full 0):
 garbage-first heap   total 294912K, used 40575K [0x0000000604400000, 0x0000000800000000)
  region size 4096K, 3 young (12288K), 3 survivors (12288K)
 Metaspace       used 61205K, committed 61824K, reserved 1114112K
  class space    used 7742K, committed 8064K, reserved 1048576K
}
Event: 70307.421 GC heap before
{Heap before GC invocations=19 (full 0):
 garbage-first heap   total 294912K, used 204415K [0x0000000604400000, 0x0000000800000000)
  region size 4096K, 43 young (176128K), 3 survivors (12288K)
 Metaspace       used 61301K, committed 61888K, reserved 1114112K
  class space    used 7743K, committed 8064K, reserved 1048576K
}
Event: 70307.517 GC heap after
{Heap after GC invocations=20 (full 0):
 garbage-first heap   total 294912K, used 40592K [0x0000000604400000, 0x0000000800000000)
  region size 4096K, 3 young (12288K), 3 survivors (12288K)
 Metaspace       used 61301K, committed 61888K, reserved 1114112K
  class space    used 7743K, committed 8064K, reserved 1048576K
}

