# JRE version: Java(TM) SE Runtime Environment (17.0.9+11) (build 17.0.9+11-LTS-201)
# Java VM: Java HotSpot(TM) 64-Bit Server VM (17.0.9+11-LTS-201, mixed mode, sharing, tiered, compressed oops, compressed class ptrs, g1 gc, windows-amd64)
GC Precious Log:
 CPUs: 8 total, 8 available
 Memory: 32494M
 Large Page Support: Disabled
 NUMA Support: Disabled
 Compressed Oops: Enabled (Zero based)
 Heap Region Size: 4M
 Heap Min Capacity: 8M
 Heap Initial Capacity: 508M
 Heap Max Capacity: 8124M
 Pre-touch: Disabled
 Parallel Workers: 8
 Concurrent Workers: 2
 Concurrent Refinement Workers: 8
 Periodic GC: Disabled
Heap:
 garbage-first heap   total 98304K, used 63241K [0x0000000604400000, 0x0000000800000000)
  region size 4096K, 9 young (36864K), 1 survivors (4096K)
 Metaspace       used 61448K, committed 62208K, reserved 1114112K
  class space    used 7702K, committed 8064K, reserved 1048576K
GC Heap History (20 events):
Event: 13735.937 GC heap before
{Heap before GC invocations=28 (full 0):
 garbage-first heap   total 98304K, used 79409K [0x0000000604400000, 0x0000000800000000)
  region size 4096K, 10 young (40960K), 1 survivors (4096K)
 Metaspace       used 61411K, committed 62016K, reserved 1114112K
  class space    used 7745K, committed 8064K, reserved 1048576K
}
Event: 13735.949 GC heap after
{Heap after GC invocations=29 (full 0):
 garbage-first heap   total 98304K, used 42463K [0x0000000604400000, 0x0000000800000000)
  region size 4096K, 1 young (4096K), 1 survivors (4096K)
 Metaspace       used 61411K, committed 62016K, reserved 1114112K
  class space    used 7745K, committed 8064K, reserved 1048576K
}
Event: 14916.857 GC heap before
{Heap before GC invocations=29 (full 0):
 garbage-first heap   total 98304K, used 79327K [0x0000000604400000, 0x0000000800000000)
  region size 4096K, 10 young (40960K), 1 survivors (4096K)
 Metaspace       used 61427K, committed 62016K, reserved 1114112K
  class space    used 7745K, committed 8064K, reserved 1048576K
}
Event: 14916.876 GC heap after
{Heap after GC invocations=30 (full 0):
 garbage-first heap   total 98304K, used 42573K [0x0000000604400000, 0x0000000800000000)
  region size 4096K, 1 young (4096K), 1 survivors (4096K)
 Metaspace       used 61427K, committed 62016K, reserved 1114112K
  class space    used 7745K, committed 8064K, reserved 1048576K
}
Event: 15794.236 GC heap before
{Heap before GC invocations=30 (full 0):
 garbage-first heap   total 98304K, used 75341K [0x0000000604400000, 0x0000000800000000)
  region size 4096K, 9 young (36864K), 1 survivors (4096K)
 Metaspace       used 61488K, committed 62144K, reserved 1114112K
  class space    used 7746K, committed 8064K, reserved 1048576K
}
Event: 15794.291 GC heap after
{Heap after GC invocations=31 (full 0):
 garbage-first heap   total 98304K, used 42501K [0x0000000604400000, 0x0000000800000000)
  region size 4096K, 1 young (4096K), 1 survivors (4096K)
 Metaspace       used 61488K, committed 62144K, reserved 1114112K
  class space    used 7746K, committed 8064K, reserved 1048576K
}
Event: 16730.879 GC heap before
{Heap before GC invocations=32 (full 0):
 garbage-first heap   total 98304K, used 75269K [0x0000000604400000, 0x0000000800000000)
  region size 4096K, 9 young (36864K), 1 survivors (4096K)
 Metaspace       used 61153K, committed 62144K, reserved 1114112K
  class space    used 7668K, committed 8064K, reserved 1048576K
}
Event: 16730.883 GC heap after
{Heap after GC invocations=33 (full 0):
 garbage-first heap   total 98304K, used 42463K [0x0000000604400000, 0x0000000800000000)
  region size 4096K, 1 young (4096K), 1 survivors (4096K)
 Metaspace       used 61153K, committed 62144K, reserved 1114112K
  class space    used 7668K, committed 8064K, reserved 1048576K
}
Event: 16834.898 GC heap before
{Heap before GC invocations=33 (full 0):
 garbage-first heap   total 98304K, used 46559K [0x0000000604400000, 0x0000000800000000)
  region size 4096K, 2 young (8192K), 1 survivors (4096K)
 Metaspace       used 61159K, committed 62144K, reserved 1114112K
  class space    used 7668K, committed 8064K, reserved 1048576K
}
Event: 16834.998 GC heap after
{Heap after GC invocations=34 (full 0):
 garbage-first heap   total 98304K, used 37646K [0x0000000604400000, 0x0000000800000000)
  region size 4096K, 1 young (4096K), 1 survivors (4096K)
 Metaspace       used 61159K, committed 62144K, reserved 1114112K
  class space    used 7668K, committed 8064K, reserved 1048576K
}
Event: 17902.007 GC heap before
{Heap before GC invocations=34 (full 0):
 garbage-first heap   total 98304K, used 74510K [0x0000000604400000, 0x0000000800000000)
  region size 4096K, 10 young (40960K), 1 survivors (4096K)
 Metaspace       used 61178K, committed 62144K, reserved 1114112K
  class space    used 7669K, committed 8064K, reserved 1048576K
}
Event: 17902.012 GC heap after
{Heap after GC invocations=35 (full 0):
 garbage-first heap   total 98304K, used 38323K [0x0000000604400000, 0x0000000800000000)
  region size 4096K, 1 young (4096K), 1 survivors (4096K)
 Metaspace       used 61178K, committed 62144K, reserved 1114112K
  class space    used 7669K, committed 8064K, reserved 1048576K
}
Event: 18971.245 GC heap before
{Heap before GC invocations=35 (full 0):
 garbage-first heap   total 98304K, used 75187K [0x0000000604400000, 0x0000000800000000)
  region size 4096K, 10 young (40960K), 1 survivors (4096K)
 Metaspace       used 61182K, committed 62144K, reserved 1114112K
  class space    used 7669K, committed 8064K, reserved 1048576K
}
Event: 18971.250 GC heap after
{Heap after GC invocations=36 (full 0):
 garbage-first heap   total 98304K, used 38517K [0x0000000604400000, 0x0000000800000000)
  region size 4096K, 1 young (4096K), 1 survivors (4096K)
 Metaspace       used 61182K, committed 62144K, reserved 1114112K
  class space    used 7669K, committed 8064K, reserved 1048576K
}
Event: 20012.761 GC heap before
{Heap before GC invocations=36 (full 0):
 garbage-first heap   total 98304K, used 75381K [0x0000000604400000, 0x0000000800000000)
  region size 4096K, 10 young (40960K), 1 survivors (4096K)
 Metaspace       used 61240K, committed 62144K, reserved 1114112K
  class space    used 7680K, committed 8064K, reserved 1048576K
}
Event: 20012.765 GC heap after
{Heap after GC invocations=37 (full 0):
 garbage-first heap   total 98304K, used 38584K [0x0000000604400000, 0x0000000800000000)
  region size 4096K, 1 young (4096K), 1 survivors (4096K)
 Metaspace       used 61240K, committed 62144K, reserved 1114112K
  class space    used 7680K, committed 8064K, reserved 1048576K
}
Event: 21069.165 GC heap before
{Heap before GC invocations=37 (full 0):
 garbage-first heap   total 98304K, used 75448K [0x0000000604400000, 0x0000000800000000)
  region size 4096K, 10 young (40960K), 1 survivors (4096K)
 Metaspace       used 61251K, committed 62144K, reserved 1114112K
  class space    used 7681K, committed 8064K, reserved 1048576K
}
Event: 21069.173 GC heap after
{Heap after GC invocations=38 (full 0):
 garbage-first heap   total 98304K, used 38659K [0x0000000604400000, 0x0000000800000000)
  region size 4096K, 1 young (4096K), 1 survivors (4096K)
 Metaspace       used 61251K, committed 62144K, reserved 1114112K
  class space    used 7681K, committed 8064K, reserved 1048576K
}
Event: 22049.959 GC heap before
{Heap before GC invocations=38 (full 0):
 garbage-first heap   total 98304K, used 71427K [0x0000000604400000, 0x0000000800000000)
  region size 4096K, 10 young (40960K), 1 survivors (4096K)
 Metaspace       used 61321K, committed 62144K, reserved 1114112K
  class space    used 7682K, committed 8064K, reserved 1048576K
}
Event: 22049.962 GC heap after
{Heap after GC invocations=39 (full 0):
 garbage-first heap   total 98304K, used 38665K [0x0000000604400000, 0x0000000800000000)
  region size 4096K, 1 young (4096K), 1 survivors (4096K)
 Metaspace       used 61321K, committed 62144K, reserved 1114112K
  class space    used 7682K, committed 8064K, reserved 1048576K
}

