# JRE version: Java(TM) SE Runtime Environment (17.0.9+11) (build 17.0.9+11-LTS-201)
# Java VM: Java HotSpot(TM) 64-Bit Server VM (17.0.9+11-LTS-201, mixed mode, sharing, tiered, compressed oops, compressed class ptrs, g1 gc, windows-amd64)
GC Precious Log:
 CPUs: 8 total, 8 available
 Memory: 32494M
 Large Page Support: Disabled
 NUMA Support: Disabled
 Compressed Oops: Enabled (Zero based)
 Heap Region Size: 4M
 Heap Min Capacity: 8M
 Heap Initial Capacity: 508M
 Heap Max Capacity: 8124M
 Pre-touch: Disabled
 Parallel Workers: 8
 Concurrent Workers: 2
 Concurrent Refinement Workers: 8
 Periodic GC: Disabled
Heap:
 garbage-first heap   total 98304K, used 62802K [0x0000000604400000, 0x0000000800000000)
  region size 4096K, 7 young (28672K), 1 survivors (4096K)
 Metaspace       used 59866K, committed 60480K, reserved 1114112K
  class space    used 7771K, committed 8064K, reserved 1048576K
GC Heap History (20 events):
Event: 9.985 GC heap before
{Heap before GC invocations=5 (full 0):
 garbage-first heap   total 98304K, used 62060K [0x0000000604400000, 0x0000000800000000)
  region size 4096K, 14 young (57344K), 3 survivors (12288K)
 Metaspace       used 27611K, committed 28032K, reserved 1114112K
  class space    used 3449K, committed 3648K, reserved 1048576K
}
Event: 9.994 GC heap after
{Heap after GC invocations=6 (full 0):
 garbage-first heap   total 98304K, used 21119K [0x0000000604400000, 0x0000000800000000)
  region size 4096K, 2 young (8192K), 2 survivors (8192K)
 Metaspace       used 27611K, committed 28032K, reserved 1114112K
  class space    used 3449K, committed 3648K, reserved 1048576K
}
Event: 10.015 GC heap before
{Heap before GC invocations=6 (full 0):
 garbage-first heap   total 98304K, used 25215K [0x0000000604400000, 0x0000000800000000)
  region size 4096K, 3 young (12288K), 2 survivors (8192K)
 Metaspace       used 27611K, committed 28032K, reserved 1114112K
  class space    used 3449K, committed 3648K, reserved 1048576K
}
Event: 10.026 GC heap after
{Heap after GC invocations=7 (full 0):
 garbage-first heap   total 98304K, used 22652K [0x0000000604400000, 0x0000000800000000)
  region size 4096K, 1 young (4096K), 1 survivors (4096K)
 Metaspace       used 27611K, committed 28032K, reserved 1114112K
  class space    used 3449K, committed 3648K, reserved 1048576K
}
Event: 11.119 GC heap before
{Heap before GC invocations=7 (full 0):
 garbage-first heap   total 98304K, used 59516K [0x0000000604400000, 0x0000000800000000)
  region size 4096K, 11 young (45056K), 1 survivors (4096K)
 Metaspace       used 31067K, committed 31488K, reserved 1114112K
  class space    used 3861K, committed 4032K, reserved 1048576K
}
Event: 11.127 GC heap after
{Heap after GC invocations=8 (full 0):
 garbage-first heap   total 98304K, used 24691K [0x0000000604400000, 0x0000000800000000)
  region size 4096K, 2 young (8192K), 2 survivors (8192K)
 Metaspace       used 31067K, committed 31488K, reserved 1114112K
  class space    used 3861K, committed 4032K, reserved 1048576K
}
Event: 12.177 GC heap before
{Heap before GC invocations=8 (full 0):
 garbage-first heap   total 98304K, used 65651K [0x0000000604400000, 0x0000000800000000)
  region size 4096K, 12 young (49152K), 2 survivors (8192K)
 Metaspace       used 35472K, committed 35968K, reserved 1114112K
  class space    used 4508K, committed 4736K, reserved 1048576K
}
Event: 12.182 GC heap after
{Heap after GC invocations=9 (full 0):
 garbage-first heap   total 98304K, used 26461K [0x0000000604400000, 0x0000000800000000)
  region size 4096K, 2 young (8192K), 2 survivors (8192K)
 Metaspace       used 35472K, committed 35968K, reserved 1114112K
  class space    used 4508K, committed 4736K, reserved 1048576K
}
Event: 12.204 GC heap before
{Heap before GC invocations=9 (full 0):
 garbage-first heap   total 98304K, used 26461K [0x0000000604400000, 0x0000000800000000)
  region size 4096K, 3 young (12288K), 2 survivors (8192K)
 Metaspace       used 35664K, committed 36096K, reserved 1114112K
  class space    used 4537K, committed 4736K, reserved 1048576K
}
Event: 12.209 GC heap after
{Heap after GC invocations=10 (full 0):
 garbage-first heap   total 98304K, used 26569K [0x0000000604400000, 0x0000000800000000)
  region size 4096K, 1 young (4096K), 1 survivors (4096K)
 Metaspace       used 35664K, committed 36096K, reserved 1114112K
  class space    used 4537K, committed 4736K, reserved 1048576K
}
Event: 14.425 GC heap before
{Heap before GC invocations=11 (full 0):
 garbage-first heap   total 98304K, used 71625K [0x0000000604400000, 0x0000000800000000)
  region size 4096K, 12 young (49152K), 1 survivors (4096K)
 Metaspace       used 41687K, committed 42176K, reserved 1114112K
  class space    used 5403K, committed 5632K, reserved 1048576K
}
Event: 14.432 GC heap after
{Heap after GC invocations=12 (full 0):
 garbage-first heap   total 98304K, used 33066K [0x0000000604400000, 0x0000000800000000)
  region size 4096K, 2 young (8192K), 2 survivors (8192K)
 Metaspace       used 41687K, committed 42176K, reserved 1114112K
  class space    used 5403K, committed 5632K, reserved 1048576K
}
Event: 17.659 GC heap before
{Heap before GC invocations=12 (full 0):
 garbage-first heap   total 98304K, used 69930K [0x0000000604400000, 0x0000000800000000)
  region size 4096K, 11 young (45056K), 2 survivors (8192K)
 Metaspace       used 47020K, committed 47488K, reserved 1114112K
  class space    used 6252K, committed 6464K, reserved 1048576K
}
Event: 17.666 GC heap after
{Heap after GC invocations=13 (full 0):
 garbage-first heap   total 98304K, used 36736K [0x0000000604400000, 0x0000000800000000)
  region size 4096K, 1 young (4096K), 1 survivors (4096K)
 Metaspace       used 47020K, committed 47488K, reserved 1114112K
  class space    used 6252K, committed 6464K, reserved 1048576K
}
Event: 20.085 GC heap before
{Heap before GC invocations=13 (full 0):
 garbage-first heap   total 98304K, used 69504K [0x0000000604400000, 0x0000000800000000)
  region size 4096K, 9 young (36864K), 1 survivors (4096K)
 Metaspace       used 52413K, committed 52992K, reserved 1114112K
  class space    used 6977K, committed 7232K, reserved 1048576K
}
Event: 20.091 GC heap after
{Heap after GC invocations=14 (full 0):
 garbage-first heap   total 98304K, used 39543K [0x0000000604400000, 0x0000000800000000)
  region size 4096K, 2 young (8192K), 2 survivors (8192K)
 Metaspace       used 52413K, committed 52992K, reserved 1114112K
  class space    used 6977K, committed 7232K, reserved 1048576K
}
Event: 117.937 GC heap before
{Heap before GC invocations=14 (full 0):
 garbage-first heap   total 98304K, used 64119K [0x0000000604400000, 0x0000000800000000)
  region size 4096K, 9 young (36864K), 2 survivors (8192K)
 Metaspace       used 58023K, committed 58560K, reserved 1114112K
  class space    used 7725K, committed 8000K, reserved 1048576K
}
Event: 117.943 GC heap after
{Heap after GC invocations=15 (full 0):
 garbage-first heap   total 98304K, used 41867K [0x0000000604400000, 0x0000000800000000)
  region size 4096K, 2 young (8192K), 2 survivors (8192K)
 Metaspace       used 58023K, committed 58560K, reserved 1114112K
  class space    used 7725K, committed 8000K, reserved 1048576K
}
Event: 858.724 GC heap before
{Heap before GC invocations=15 (full 0):
 garbage-first heap   total 98304K, used 70539K [0x0000000604400000, 0x0000000800000000)
  region size 4096K, 9 young (36864K), 2 survivors (8192K)
 Metaspace       used 59211K, committed 59904K, reserved 1114112K
  class space    used 7742K, committed 8064K, reserved 1048576K
}
Event: 858.730 GC heap after
{Heap after GC invocations=16 (full 0):
 garbage-first heap   total 98304K, used 42322K [0x0000000604400000, 0x0000000800000000)
  region size 4096K, 1 young (4096K), 1 survivors (4096K)
 Metaspace       used 59211K, committed 59904K, reserved 1114112K
  class space    used 7742K, committed 8064K, reserved 1048576K
}

