# JRE version: OpenJDK Runtime Environment Temurin-17.0.13+11 (17.0.13+11) (build 17.0.13+11)
# Java VM: OpenJDK 64-Bit Server VM Temurin-17.0.13+11 (17.0.13+11, mixed mode, tiered, compressed oops, compressed class ptrs, parallel gc, windows-amd64)
GC Precious Log:
 CPUs: 8 total, 8 available
 Memory: 32494M
 Large Page Support: Disabled
 NUMA Support: Disabled
 Compressed Oops: Enabled (32-bit)
 Alignments: Space 512K, Generation 512K, Heap 2M
 Heap Min Capacity: 100M
 Heap Initial Capacity: 100M
 Heap Max Capacity: 1G
 Pre-touch: Disabled
 Parallel Workers: 8
Heap:
 PSYoungGen      total 5120K, used 992K [0x00000000eab00000, 0x00000000eb100000, 0x0000000100000000)
  eden space 4096K, 0% used [0x00000000eab00000,0x00000000eab00000,0x00000000eaf00000)
  from space 1024K, 96% used [0x00000000eb000000,0x00000000eb0f8108,0x00000000eb100000)
  to   space 1024K, 0% used [0x00000000eaf00000,0x00000000eaf00000,0x00000000eb000000)
 ParOldGen       total 246272K, used 234027K [0x00000000c0000000, 0x00000000cf080000, 0x00000000eab00000)
  object space 246272K, 95% used [0x00000000c0000000,0x00000000ce48ade0,0x00000000cf080000)
 Metaspace       used 70353K, committed 71616K, reserved 1114112K
  class space    used 7214K, committed 7808K, reserved 1048576K
GC Heap History (20 events):
Event: 33.547 GC heap after
{Heap after GC invocations=373 (full 12):
 PSYoungGen      total 5120K, used 1014K [0x00000000eab00000, 0x00000000eb180000, 0x0000000100000000)
  eden space 3584K, 0% used [0x00000000eab00000,0x00000000eab00000,0x00000000eae80000)
  from space 1536K, 66% used [0x00000000eb000000,0x00000000eb0fdad8,0x00000000eb180000)
  to   space 1536K, 0% used [0x00000000eae80000,0x00000000eae80000,0x00000000eb000000)
 ParOldGen       total 246272K, used 226824K [0x00000000c0000000, 0x00000000cf080000, 0x00000000eab00000)
  object space 246272K, 92% used [0x00000000c0000000,0x00000000cdd82048,0x00000000cf080000)
 Metaspace       used 70353K, committed 71616K, reserved 1114112K
  class space    used 7214K, committed 7808K, reserved 1048576K
}
Event: 33.594 GC heap before
{Heap before GC invocations=374 (full 12):
 PSYoungGen      total 5120K, used 4598K [0x00000000eab00000, 0x00000000eb180000, 0x0000000100000000)
  eden space 3584K, 100% used [0x00000000eab00000,0x00000000eae80000,0x00000000eae80000)
  from space 1536K, 66% used [0x00000000eb000000,0x00000000eb0fdad8,0x00000000eb180000)
  to   space 1536K, 0% used [0x00000000eae80000,0x00000000eae80000,0x00000000eb000000)
 ParOldGen       total 246272K, used 226824K [0x00000000c0000000, 0x00000000cf080000, 0x00000000eab00000)
  object space 246272K, 92% used [0x00000000c0000000,0x00000000cdd82048,0x00000000cf080000)
 Metaspace       used 70353K, committed 71616K, reserved 1114112K
  class space    used 7214K, committed 7808K, reserved 1048576K
}
Event: 33.596 GC heap after
{Heap after GC invocations=374 (full 12):
 PSYoungGen      total 5120K, used 1021K [0x00000000eab00000, 0x00000000eb180000, 0x0000000100000000)
  eden space 3584K, 0% used [0x00000000eab00000,0x00000000eab00000,0x00000000eae80000)
  from space 1536K, 66% used [0x00000000eae80000,0x00000000eaf7f4b0,0x00000000eb000000)
  to   space 1536K, 0% used [0x00000000eb000000,0x00000000eb000000,0x00000000eb180000)
 ParOldGen       total 246272K, used 227683K [0x00000000c0000000, 0x00000000cf080000, 0x00000000eab00000)
  object space 246272K, 92% used [0x00000000c0000000,0x00000000cde58f08,0x00000000cf080000)
 Metaspace       used 70353K, committed 71616K, reserved 1114112K
  class space    used 7214K, committed 7808K, reserved 1048576K
}
Event: 33.610 GC heap before
{Heap before GC invocations=375 (full 12):
 PSYoungGen      total 5120K, used 4605K [0x00000000eab00000, 0x00000000eb180000, 0x0000000100000000)
  eden space 3584K, 100% used [0x00000000eab00000,0x00000000eae80000,0x00000000eae80000)
  from space 1536K, 66% used [0x00000000eae80000,0x00000000eaf7f4b0,0x00000000eb000000)
  to   space 1536K, 0% used [0x00000000eb000000,0x00000000eb000000,0x00000000eb180000)
 ParOldGen       total 246272K, used 227683K [0x00000000c0000000, 0x00000000cf080000, 0x00000000eab00000)
  object space 246272K, 92% used [0x00000000c0000000,0x00000000cde58f08,0x00000000cf080000)
 Metaspace       used 70353K, committed 71616K, reserved 1114112K
  class space    used 7214K, committed 7808K, reserved 1048576K
}
Event: 33.612 GC heap after
{Heap after GC invocations=375 (full 12):
 PSYoungGen      total 4608K, used 768K [0x00000000eab00000, 0x00000000eb100000, 0x0000000100000000)
  eden space 3584K, 0% used [0x00000000eab00000,0x00000000eab00000,0x00000000eae80000)
  from space 1024K, 75% used [0x00000000eb000000,0x00000000eb0c0000,0x00000000eb100000)
  to   space 1024K, 0% used [0x00000000eaf00000,0x00000000eaf00000,0x00000000eb000000)
 ParOldGen       total 246272K, used 228566K [0x00000000c0000000, 0x00000000cf080000, 0x00000000eab00000)
  object space 246272K, 92% used [0x00000000c0000000,0x00000000cdf35b90,0x00000000cf080000)
 Metaspace       used 70353K, committed 71616K, reserved 1114112K
  class space    used 7214K, committed 7808K, reserved 1048576K
}
Event: 33.621 GC heap before
{Heap before GC invocations=376 (full 12):
 PSYoungGen      total 4608K, used 4352K [0x00000000eab00000, 0x00000000eb100000, 0x0000000100000000)
  eden space 3584K, 100% used [0x00000000eab00000,0x00000000eae80000,0x00000000eae80000)
  from space 1024K, 75% used [0x00000000eb000000,0x00000000eb0c0000,0x00000000eb100000)
  to   space 1024K, 0% used [0x00000000eaf00000,0x00000000eaf00000,0x00000000eb000000)
 ParOldGen       total 246272K, used 228566K [0x00000000c0000000, 0x00000000cf080000, 0x00000000eab00000)
  object space 246272K, 92% used [0x00000000c0000000,0x00000000cdf35b90,0x00000000cf080000)
 Metaspace       used 70353K, committed 71616K, reserved 1114112K
  class space    used 7214K, committed 7808K, reserved 1048576K
}
Event: 33.623 GC heap after
{Heap after GC invocations=376 (full 12):
 PSYoungGen      total 4608K, used 864K [0x00000000eab00000, 0x00000000eb080000, 0x0000000100000000)
  eden space 3584K, 0% used [0x00000000eab00000,0x00000000eab00000,0x00000000eae80000)
  from space 1024K, 84% used [0x00000000eaf00000,0x00000000eafd8020,0x00000000eb000000)
  to   space 512K, 0% used [0x00000000eb000000,0x00000000eb000000,0x00000000eb080000)
 ParOldGen       total 246272K, used 229264K [0x00000000c0000000, 0x00000000cf080000, 0x00000000eab00000)
  object space 246272K, 93% used [0x00000000c0000000,0x00000000cdfe4380,0x00000000cf080000)
 Metaspace       used 70353K, committed 71616K, reserved 1114112K
  class space    used 7214K, committed 7808K, reserved 1048576K
}
Event: 33.632 GC heap before
{Heap before GC invocations=377 (full 12):
 PSYoungGen      total 4608K, used 4448K [0x00000000eab00000, 0x00000000eb080000, 0x0000000100000000)
  eden space 3584K, 100% used [0x00000000eab00000,0x00000000eae80000,0x00000000eae80000)
  from space 1024K, 84% used [0x00000000eaf00000,0x00000000eafd8020,0x00000000eb000000)
  to   space 512K, 0% used [0x00000000eb000000,0x00000000eb000000,0x00000000eb080000)
 ParOldGen       total 246272K, used 229264K [0x00000000c0000000, 0x00000000cf080000, 0x00000000eab00000)
  object space 246272K, 93% used [0x00000000c0000000,0x00000000cdfe4380,0x00000000cf080000)
 Metaspace       used 70353K, committed 71616K, reserved 1114112K
  class space    used 7214K, committed 7808K, reserved 1048576K
}
Event: 33.635 GC heap after
{Heap after GC invocations=377 (full 12):
 PSYoungGen      total 3584K, used 512K [0x00000000eab00000, 0x00000000eb380000, 0x0000000100000000)
  eden space 3072K, 0% used [0x00000000eab00000,0x00000000eab00000,0x00000000eae00000)
  from space 512K, 100% used [0x00000000eb000000,0x00000000eb080000,0x00000000eb080000)
  to   space 2048K, 0% used [0x00000000eae00000,0x00000000eae00000,0x00000000eb000000)
 ParOldGen       total 246272K, used 230336K [0x00000000c0000000, 0x00000000cf080000, 0x00000000eab00000)
  object space 246272K, 93% used [0x00000000c0000000,0x00000000ce0f0250,0x00000000cf080000)
 Metaspace       used 70353K, committed 71616K, reserved 1114112K
  class space    used 7214K, committed 7808K, reserved 1048576K
}
Event: 33.771 GC heap before
{Heap before GC invocations=378 (full 12):
 PSYoungGen      total 3584K, used 3584K [0x00000000eab00000, 0x00000000eb380000, 0x0000000100000000)
  eden space 3072K, 100% used [0x00000000eab00000,0x00000000eae00000,0x00000000eae00000)
  from space 512K, 100% used [0x00000000eb000000,0x00000000eb080000,0x00000000eb080000)
  to   space 2048K, 0% used [0x00000000eae00000,0x00000000eae00000,0x00000000eb000000)
 ParOldGen       total 246272K, used 230336K [0x00000000c0000000, 0x00000000cf080000, 0x00000000eab00000)
  object space 246272K, 93% used [0x00000000c0000000,0x00000000ce0f0250,0x00000000cf080000)
 Metaspace       used 70353K, committed 71616K, reserved 1114112K
  class space    used 7214K, committed 7808K, reserved 1048576K
}
Event: 33.774 GC heap after
{Heap after GC invocations=378 (full 12):
 PSYoungGen      total 4096K, used 929K [0x00000000eab00000, 0x00000000eb100000, 0x0000000100000000)
  eden space 3072K, 0% used [0x00000000eab00000,0x00000000eab00000,0x00000000eae00000)
  from space 1024K, 90% used [0x00000000eae00000,0x00000000eaee87e8,0x00000000eaf00000)
  to   space 1536K, 0% used [0x00000000eaf80000,0x00000000eaf80000,0x00000000eb100000)
 ParOldGen       total 246272K, used 230858K [0x00000000c0000000, 0x00000000cf080000, 0x00000000eab00000)
  object space 246272K, 93% used [0x00000000c0000000,0x00000000ce172a00,0x00000000cf080000)
 Metaspace       used 70353K, committed 71616K, reserved 1114112K
  class space    used 7214K, committed 7808K, reserved 1048576K
}
Event: 33.789 GC heap before
{Heap before GC invocations=379 (full 12):
 PSYoungGen      total 4096K, used 4001K [0x00000000eab00000, 0x00000000eb100000, 0x0000000100000000)
  eden space 3072K, 100% used [0x00000000eab00000,0x00000000eae00000,0x00000000eae00000)
  from space 1024K, 90% used [0x00000000eae00000,0x00000000eaee87e8,0x00000000eaf00000)
  to   space 1536K, 0% used [0x00000000eaf80000,0x00000000eaf80000,0x00000000eb100000)
 ParOldGen       total 246272K, used 230858K [0x00000000c0000000, 0x00000000cf080000, 0x00000000eab00000)
  object space 246272K, 93% used [0x00000000c0000000,0x00000000ce172a00,0x00000000cf080000)
 Metaspace       used 70353K, committed 71616K, reserved 1114112K
  class space    used 7214K, committed 7808K, reserved 1048576K
}
Event: 33.791 GC heap after
{Heap after GC invocations=379 (full 12):
 PSYoungGen      total 4096K, used 714K [0x00000000eab00000, 0x00000000eb080000, 0x0000000100000000)
  eden space 3072K, 0% used [0x00000000eab00000,0x00000000eab00000,0x00000000eae00000)
  from space 1024K, 69% used [0x00000000eaf80000,0x00000000eb032ab8,0x00000000eb080000)
  to   space 1024K, 0% used [0x00000000eae00000,0x00000000eae00000,0x00000000eaf00000)
 ParOldGen       total 246272K, used 231596K [0x00000000c0000000, 0x00000000cf080000, 0x00000000eab00000)
  object space 246272K, 94% used [0x00000000c0000000,0x00000000ce22b080,0x00000000cf080000)
 Metaspace       used 70353K, committed 71616K, reserved 1114112K
  class space    used 7214K, committed 7808K, reserved 1048576K
}
Event: 33.800 GC heap before
{Heap before GC invocations=380 (full 12):
 PSYoungGen      total 4096K, used 3786K [0x00000000eab00000, 0x00000000eb080000, 0x0000000100000000)
  eden space 3072K, 100% used [0x00000000eab00000,0x00000000eae00000,0x00000000eae00000)
  from space 1024K, 69% used [0x00000000eaf80000,0x00000000eb032ab8,0x00000000eb080000)
  to   space 1024K, 0% used [0x00000000eae00000,0x00000000eae00000,0x00000000eaf00000)
 ParOldGen       total 246272K, used 231596K [0x00000000c0000000, 0x00000000cf080000, 0x00000000eab00000)
  object space 246272K, 94% used [0x00000000c0000000,0x00000000ce22b080,0x00000000cf080000)
 Metaspace       used 70353K, committed 71616K, reserved 1114112K
  class space    used 7214K, committed 7808K, reserved 1048576K
}
Event: 33.802 GC heap after
{Heap after GC invocations=380 (full 12):
 PSYoungGen      total 4096K, used 896K [0x00000000eab00000, 0x00000000eb100000, 0x0000000100000000)
  eden space 3072K, 0% used [0x00000000eab00000,0x00000000eab00000,0x00000000eae00000)
  from space 1024K, 87% used [0x00000000eae00000,0x00000000eaee0000,0x00000000eaf00000)
  to   space 1024K, 0% used [0x00000000eb000000,0x00000000eb000000,0x00000000eb100000)
 ParOldGen       total 246272K, used 232168K [0x00000000c0000000, 0x00000000cf080000, 0x00000000eab00000)
  object space 246272K, 94% used [0x00000000c0000000,0x00000000ce2ba130,0x00000000cf080000)
 Metaspace       used 70353K, committed 71616K, reserved 1114112K
  class space    used 7214K, committed 7808K, reserved 1048576K
}
Event: 33.818 GC heap before
{Heap before GC invocations=381 (full 12):
 PSYoungGen      total 4096K, used 3968K [0x00000000eab00000, 0x00000000eb100000, 0x0000000100000000)
  eden space 3072K, 100% used [0x00000000eab00000,0x00000000eae00000,0x00000000eae00000)
  from space 1024K, 87% used [0x00000000eae00000,0x00000000eaee0000,0x00000000eaf00000)
  to   space 1024K, 0% used [0x00000000eb000000,0x00000000eb000000,0x00000000eb100000)
 ParOldGen       total 246272K, used 232168K [0x00000000c0000000, 0x00000000cf080000, 0x00000000eab00000)
  object space 246272K, 94% used [0x00000000c0000000,0x00000000ce2ba130,0x00000000cf080000)
 Metaspace       used 70353K, committed 71616K, reserved 1114112K
  class space    used 7214K, committed 7808K, reserved 1048576K
}
Event: 33.820 GC heap after
{Heap after GC invocations=381 (full 12):
 PSYoungGen      total 5120K, used 789K [0x00000000eab00000, 0x00000000eb100000, 0x0000000100000000)
  eden space 4096K, 0% used [0x00000000eab00000,0x00000000eab00000,0x00000000eaf00000)
  from space 1024K, 77% used [0x00000000eb000000,0x00000000eb0c5588,0x00000000eb100000)
  to   space 1024K, 0% used [0x00000000eaf00000,0x00000000eaf00000,0x00000000eb000000)
 ParOldGen       total 246272K, used 232775K [0x00000000c0000000, 0x00000000cf080000, 0x00000000eab00000)
  object space 246272K, 94% used [0x00000000c0000000,0x00000000ce351c50,0x00000000cf080000)
 Metaspace       used 70353K, committed 71616K, reserved 1114112K
  class space    used 7214K, committed 7808K, reserved 1048576K
}
Event: 33.916 GC heap before
{Heap before GC invocations=382 (full 12):
 PSYoungGen      total 5120K, used 4885K [0x00000000eab00000, 0x00000000eb100000, 0x0000000100000000)
  eden space 4096K, 100% used [0x00000000eab00000,0x00000000eaf00000,0x00000000eaf00000)
  from space 1024K, 77% used [0x00000000eb000000,0x00000000eb0c5588,0x00000000eb100000)
  to   space 1024K, 0% used [0x00000000eaf00000,0x00000000eaf00000,0x00000000eb000000)
 ParOldGen       total 246272K, used 232775K [0x00000000c0000000, 0x00000000cf080000, 0x00000000eab00000)
  object space 246272K, 94% used [0x00000000c0000000,0x00000000ce351c50,0x00000000cf080000)
 Metaspace       used 70353K, committed 71616K, reserved 1114112K
  class space    used 7214K, committed 7808K, reserved 1048576K
}
Event: 33.921 GC heap after
{Heap after GC invocations=382 (full 12):
 PSYoungGen      total 5120K, used 816K [0x00000000eab00000, 0x00000000eb100000, 0x0000000100000000)
  eden space 4096K, 0% used [0x00000000eab00000,0x00000000eab00000,0x00000000eaf00000)
  from space 1024K, 79% used [0x00000000eaf00000,0x00000000eafcc2a0,0x00000000eb000000)
  to   space 1024K, 0% used [0x00000000eb000000,0x00000000eb000000,0x00000000eb100000)
 ParOldGen       total 246272K, used 233374K [0x00000000c0000000, 0x00000000cf080000, 0x00000000eab00000)
  object space 246272K, 94% used [0x00000000c0000000,0x00000000ce3e7a00,0x00000000cf080000)
 Metaspace       used 70353K, committed 71616K, reserved 1114112K
  class space    used 7214K, committed 7808K, reserved 1048576K
}
Event: 34.009 GC heap before
{Heap before GC invocations=383 (full 12):
 PSYoungGen      total 5120K, used 4912K [0x00000000eab00000, 0x00000000eb100000, 0x0000000100000000)
  eden space 4096K, 100% used [0x00000000eab00000,0x00000000eaf00000,0x00000000eaf00000)
  from space 1024K, 79% used [0x00000000eaf00000,0x00000000eafcc2a0,0x00000000eb000000)
  to   space 1024K, 0% used [0x00000000eb000000,0x00000000eb000000,0x00000000eb100000)
 ParOldGen       total 246272K, used 233374K [0x00000000c0000000, 0x00000000cf080000, 0x00000000eab00000)
  object space 246272K, 94% used [0x00000000c0000000,0x00000000ce3e7a00,0x00000000cf080000)
 Metaspace       used 70353K, committed 71616K, reserved 1114112K
  class space    used 7214K, committed 7808K, reserved 1048576K
}

