# JRE version: Java(TM) SE Runtime Environment (17.0.9+11) (build 17.0.9+11-LTS-201)
# Java VM: Java HotSpot(TM) 64-Bit Server VM (17.0.9+11-LTS-201, mixed mode, sharing, tiered, compressed oops, compressed class ptrs, g1 gc, windows-amd64)
GC Precious Log:
 CPUs: 8 total, 8 available
 Memory: 32494M
 Large Page Support: Disabled
 NUMA Support: Disabled
 Compressed Oops: Enabled (Zero based)
 Heap Region Size: 4M
 Heap Min Capacity: 8M
 Heap Initial Capacity: 508M
 Heap Max Capacity: 8124M
 Pre-touch: Disabled
 Parallel Workers: 8
 Concurrent Workers: 2
 Concurrent Refinement Workers: 8
 Periodic GC: Disabled
Heap:
 garbage-first heap   total 122880K, used 75275K [0x0000000604400000, 0x0000000800000000)
  region size 4096K, 11 young (45056K), 1 survivors (4096K)
 Metaspace       used 61601K, committed 62144K, reserved 1114112K
  class space    used 7773K, committed 8064K, reserved 1048576K
GC Heap History (20 events):
Event: 2146.582 GC heap before
{Heap before GC invocations=17 (full 0):
 garbage-first heap   total 122880K, used 91731K [0x0000000604400000, 0x0000000800000000)
  region size 4096K, 14 young (57344K), 1 survivors (4096K)
 Metaspace       used 60331K, committed 60992K, reserved 1114112K
  class space    used 7739K, committed 8064K, reserved 1048576K
}
Event: 2146.586 GC heap after
{Heap after GC invocations=18 (full 0):
 garbage-first heap   total 122880K, used 38569K [0x0000000604400000, 0x0000000800000000)
  region size 4096K, 1 young (4096K), 1 survivors (4096K)
 Metaspace       used 60331K, committed 60992K, reserved 1114112K
  class space    used 7739K, committed 8064K, reserved 1048576K
}
Event: 3798.165 GC heap before
{Heap before GC invocations=18 (full 0):
 garbage-first heap   total 122880K, used 95913K [0x0000000604400000, 0x0000000800000000)
  region size 4096K, 15 young (61440K), 1 survivors (4096K)
 Metaspace       used 60806K, committed 61440K, reserved 1114112K
  class space    used 7739K, committed 8064K, reserved 1048576K
}
Event: 3798.172 GC heap after
{Heap after GC invocations=19 (full 0):
 garbage-first heap   total 122880K, used 38637K [0x0000000604400000, 0x0000000800000000)
  region size 4096K, 1 young (4096K), 1 survivors (4096K)
 Metaspace       used 60806K, committed 61440K, reserved 1114112K
  class space    used 7739K, committed 8064K, reserved 1048576K
}
Event: 5492.017 GC heap before
{Heap before GC invocations=19 (full 0):
 garbage-first heap   total 122880K, used 95981K [0x0000000604400000, 0x0000000800000000)
  region size 4096K, 15 young (61440K), 1 survivors (4096K)
 Metaspace       used 61112K, committed 61696K, reserved 1114112K
  class space    used 7739K, committed 8064K, reserved 1048576K
}
Event: 5492.028 GC heap after
{Heap after GC invocations=20 (full 0):
 garbage-first heap   total 122880K, used 38509K [0x0000000604400000, 0x0000000800000000)
  region size 4096K, 1 young (4096K), 1 survivors (4096K)
 Metaspace       used 61112K, committed 61696K, reserved 1114112K
  class space    used 7739K, committed 8064K, reserved 1048576K
}
Event: 9917.870 GC heap before
{Heap before GC invocations=20 (full 0):
 garbage-first heap   total 122880K, used 99949K [0x0000000604400000, 0x0000000800000000)
  region size 4096K, 16 young (65536K), 1 survivors (4096K)
 Metaspace       used 61150K, committed 61824K, reserved 1114112K
  class space    used 7740K, committed 8064K, reserved 1048576K
}
Event: 9917.909 GC heap after
{Heap after GC invocations=21 (full 0):
 garbage-first heap   total 122880K, used 38724K [0x0000000604400000, 0x0000000800000000)
  region size 4096K, 1 young (4096K), 1 survivors (4096K)
 Metaspace       used 61150K, committed 61824K, reserved 1114112K
  class space    used 7740K, committed 8064K, reserved 1048576K
}
Event: 64087.640 GC heap before
{Heap before GC invocations=21 (full 0):
 garbage-first heap   total 122880K, used 100164K [0x0000000604400000, 0x0000000800000000)
  region size 4096K, 16 young (65536K), 1 survivors (4096K)
 Metaspace       used 61212K, committed 61824K, reserved 1114112K
  class space    used 7741K, committed 8064K, reserved 1048576K
}
Event: 64087.660 GC heap after
{Heap after GC invocations=22 (full 0):
 garbage-first heap   total 122880K, used 38423K [0x0000000604400000, 0x0000000800000000)
  region size 4096K, 1 young (4096K), 1 survivors (4096K)
 Metaspace       used 61212K, committed 61824K, reserved 1114112K
  class space    used 7741K, committed 8064K, reserved 1048576K
}
Event: 65940.397 GC heap before
{Heap before GC invocations=22 (full 0):
 garbage-first heap   total 122880K, used 99863K [0x0000000604400000, 0x0000000800000000)
  region size 4096K, 16 young (65536K), 1 survivors (4096K)
 Metaspace       used 61248K, committed 61888K, reserved 1114112K
  class space    used 7741K, committed 8064K, reserved 1048576K
}
Event: 65940.419 GC heap after
{Heap after GC invocations=23 (full 0):
 garbage-first heap   total 122880K, used 38506K [0x0000000604400000, 0x0000000800000000)
  region size 4096K, 1 young (4096K), 1 survivors (4096K)
 Metaspace       used 61248K, committed 61888K, reserved 1114112K
  class space    used 7741K, committed 8064K, reserved 1048576K
}
Event: 67930.863 GC heap before
{Heap before GC invocations=23 (full 0):
 garbage-first heap   total 122880K, used 104042K [0x0000000604400000, 0x0000000800000000)
  region size 4096K, 17 young (69632K), 1 survivors (4096K)
 Metaspace       used 61287K, committed 61888K, reserved 1114112K
  class space    used 7741K, committed 8064K, reserved 1048576K
}
Event: 67930.897 GC heap after
{Heap after GC invocations=24 (full 0):
 garbage-first heap   total 122880K, used 38406K [0x0000000604400000, 0x0000000800000000)
  region size 4096K, 1 young (4096K), 1 survivors (4096K)
 Metaspace       used 61287K, committed 61888K, reserved 1114112K
  class space    used 7741K, committed 8064K, reserved 1048576K
}
Event: 69823.117 GC heap before
{Heap before GC invocations=24 (full 0):
 garbage-first heap   total 122880K, used 99846K [0x0000000604400000, 0x0000000800000000)
  region size 4096K, 17 young (69632K), 1 survivors (4096K)
 Metaspace       used 61345K, committed 61952K, reserved 1114112K
  class space    used 7749K, committed 8064K, reserved 1048576K
}
Event: 69823.224 GC heap after
{Heap after GC invocations=25 (full 0):
 garbage-first heap   total 122880K, used 38499K [0x0000000604400000, 0x0000000800000000)
  region size 4096K, 1 young (4096K), 1 survivors (4096K)
 Metaspace       used 61345K, committed 61952K, reserved 1114112K
  class space    used 7749K, committed 8064K, reserved 1048576K
}
Event: 71764.303 GC heap before
{Heap before GC invocations=25 (full 0):
 garbage-first heap   total 122880K, used 104035K [0x0000000604400000, 0x0000000800000000)
  region size 4096K, 17 young (69632K), 1 survivors (4096K)
 Metaspace       used 61403K, committed 62016K, reserved 1114112K
  class space    used 7749K, committed 8064K, reserved 1048576K
}
Event: 71764.330 GC heap after
{Heap after GC invocations=26 (full 0):
 garbage-first heap   total 122880K, used 38449K [0x0000000604400000, 0x0000000800000000)
  region size 4096K, 1 young (4096K), 1 survivors (4096K)
 Metaspace       used 61403K, committed 62016K, reserved 1114112K
  class space    used 7749K, committed 8064K, reserved 1048576K
}
Event: 73731.931 GC heap before
{Heap before GC invocations=26 (full 0):
 garbage-first heap   total 122880K, used 99889K [0x0000000604400000, 0x0000000800000000)
  region size 4096K, 17 young (69632K), 1 survivors (4096K)
 Metaspace       used 61436K, committed 62080K, reserved 1114112K
  class space    used 7750K, committed 8064K, reserved 1048576K
}
Event: 73731.954 GC heap after
{Heap after GC invocations=27 (full 0):
 garbage-first heap   total 122880K, used 38411K [0x0000000604400000, 0x0000000800000000)
  region size 4096K, 1 young (4096K), 1 survivors (4096K)
 Metaspace       used 61436K, committed 62080K, reserved 1114112K
  class space    used 7750K, committed 8064K, reserved 1048576K
}

