# JRE version: OpenJDK Runtime Environment Temurin-17.0.13+11 (17.0.13+11) (build 17.0.13+11)
# Java VM: OpenJDK 64-Bit Server VM Temurin-17.0.13+11 (17.0.13+11, mixed mode, tiered, compressed oops, compressed class ptrs, parallel gc, windows-amd64)
GC Precious Log:
 CPUs: 8 total, 8 available
 Memory: 32494M
 Large Page Support: Disabled
 NUMA Support: Disabled
 Compressed Oops: Enabled (32-bit)
 Alignments: Space 512K, Generation 512K, Heap 2M
 Heap Min Capacity: 100M
 Heap Initial Capacity: 100M
 Heap Max Capacity: 1G
 Pre-touch: Disabled
 Parallel Workers: 8
Heap:
 PSYoungGen      total 21504K, used 15882K [0x00000000eab00000, 0x00000000ec780000, 0x0000000100000000)
  eden space 19968K, 71% used [0x00000000eab00000,0x00000000eb907410,0x00000000ebe80000)
  from space 1536K, 98% used [0x00000000ec200000,0x00000000ec37b510,0x00000000ec380000)
  to   space 3584K, 0% used [0x00000000ebe80000,0x00000000ebe80000,0x00000000ec200000)
 ParOldGen       total 68608K, used 23313K [0x00000000c0000000, 0x00000000c4300000, 0x00000000eab00000)
  object space 68608K, 33% used [0x00000000c0000000,0x00000000c16c44f8,0x00000000c4300000)
 Metaspace       used 50700K, committed 51712K, reserved 1114112K
  class space    used 5409K, committed 5888K, reserved 1048576K
GC Heap History (20 events):
Event: 14.001 GC heap before
{Heap before GC invocations=11 (full 1):
 PSYoungGen      total 25600K, used 25574K [0x00000000eab00000, 0x00000000ec980000, 0x0000000100000000)
  eden space 22016K, 100% used [0x00000000eab00000,0x00000000ec080000,0x00000000ec080000)
  from space 3584K, 99% used [0x00000000ec100000,0x00000000ec479970,0x00000000ec480000)
  to   space 4608K, 0% used [0x00000000ec500000,0x00000000ec500000,0x00000000ec980000)
 ParOldGen       total 68608K, used 14865K [0x00000000c0000000, 0x00000000c4300000, 0x00000000eab00000)
  object space 68608K, 21% used [0x00000000c0000000,0x00000000c0e847e0,0x00000000c4300000)
 Metaspace       used 34547K, committed 35392K, reserved 1114112K
  class space    used 3393K, committed 3776K, reserved 1048576K
}
Event: 14.003 GC heap after
{Heap after GC invocations=11 (full 1):
 PSYoungGen      total 25600K, used 3220K [0x00000000eab00000, 0x00000000ec880000, 0x0000000100000000)
  eden space 22016K, 0% used [0x00000000eab00000,0x00000000eab00000,0x00000000ec080000)
  from space 3584K, 89% used [0x00000000ec500000,0x00000000ec825040,0x00000000ec880000)
  to   space 3584K, 0% used [0x00000000ec100000,0x00000000ec100000,0x00000000ec480000)
 ParOldGen       total 68608K, used 16744K [0x00000000c0000000, 0x00000000c4300000, 0x00000000eab00000)
  object space 68608K, 24% used [0x00000000c0000000,0x00000000c105a368,0x00000000c4300000)
 Metaspace       used 34547K, committed 35392K, reserved 1114112K
  class space    used 3393K, committed 3776K, reserved 1048576K
}
Event: 14.113 GC heap before
{Heap before GC invocations=12 (full 1):
 PSYoungGen      total 25600K, used 7644K [0x00000000eab00000, 0x00000000ec880000, 0x0000000100000000)
  eden space 22016K, 20% used [0x00000000eab00000,0x00000000eaf522f0,0x00000000ec080000)
  from space 3584K, 89% used [0x00000000ec500000,0x00000000ec825040,0x00000000ec880000)
  to   space 3584K, 0% used [0x00000000ec100000,0x00000000ec100000,0x00000000ec480000)
 ParOldGen       total 68608K, used 16744K [0x00000000c0000000, 0x00000000c4300000, 0x00000000eab00000)
  object space 68608K, 24% used [0x00000000c0000000,0x00000000c105a368,0x00000000c4300000)
 Metaspace       used 34955K, committed 35840K, reserved 1114112K
  class space    used 3446K, committed 3840K, reserved 1048576K
}
Event: 14.117 GC heap after
{Heap after GC invocations=12 (full 1):
 PSYoungGen      total 22528K, used 480K [0x00000000eab00000, 0x00000000ec580000, 0x0000000100000000)
  eden space 22016K, 0% used [0x00000000eab00000,0x00000000eab00000,0x00000000ec080000)
  from space 512K, 93% used [0x00000000ec100000,0x00000000ec178000,0x00000000ec180000)
  to   space 1536K, 0% used [0x00000000ec400000,0x00000000ec400000,0x00000000ec580000)
 ParOldGen       total 68608K, used 19824K [0x00000000c0000000, 0x00000000c4300000, 0x00000000eab00000)
  object space 68608K, 28% used [0x00000000c0000000,0x00000000c135c3e8,0x00000000c4300000)
 Metaspace       used 34955K, committed 35840K, reserved 1114112K
  class space    used 3446K, committed 3840K, reserved 1048576K
}
Event: 14.117 GC heap before
{Heap before GC invocations=13 (full 2):
 PSYoungGen      total 22528K, used 480K [0x00000000eab00000, 0x00000000ec580000, 0x0000000100000000)
  eden space 22016K, 0% used [0x00000000eab00000,0x00000000eab00000,0x00000000ec080000)
  from space 512K, 93% used [0x00000000ec100000,0x00000000ec178000,0x00000000ec180000)
  to   space 1536K, 0% used [0x00000000ec400000,0x00000000ec400000,0x00000000ec580000)
 ParOldGen       total 68608K, used 19824K [0x00000000c0000000, 0x00000000c4300000, 0x00000000eab00000)
  object space 68608K, 28% used [0x00000000c0000000,0x00000000c135c3e8,0x00000000c4300000)
 Metaspace       used 34955K, committed 35840K, reserved 1114112K
  class space    used 3446K, committed 3840K, reserved 1048576K
}
Event: 14.159 GC heap after
{Heap after GC invocations=13 (full 2):
 PSYoungGen      total 22528K, used 0K [0x00000000eab00000, 0x00000000ec580000, 0x0000000100000000)
  eden space 22016K, 0% used [0x00000000eab00000,0x00000000eab00000,0x00000000ec080000)
  from space 512K, 0% used [0x00000000ec100000,0x00000000ec100000,0x00000000ec180000)
  to   space 1536K, 0% used [0x00000000ec400000,0x00000000ec400000,0x00000000ec580000)
 ParOldGen       total 68608K, used 16344K [0x00000000c0000000, 0x00000000c4300000, 0x00000000eab00000)
  object space 68608K, 23% used [0x00000000c0000000,0x00000000c0ff60f8,0x00000000c4300000)
 Metaspace       used 34942K, committed 35840K, reserved 1114112K
  class space    used 3442K, committed 3840K, reserved 1048576K
}
Event: 14.742 GC heap before
{Heap before GC invocations=14 (full 2):
 PSYoungGen      total 22528K, used 22016K [0x00000000eab00000, 0x00000000ec580000, 0x0000000100000000)
  eden space 22016K, 100% used [0x00000000eab00000,0x00000000ec080000,0x00000000ec080000)
  from space 512K, 0% used [0x00000000ec100000,0x00000000ec100000,0x00000000ec180000)
  to   space 1536K, 0% used [0x00000000ec400000,0x00000000ec400000,0x00000000ec580000)
 ParOldGen       total 68608K, used 16344K [0x00000000c0000000, 0x00000000c4300000, 0x00000000eab00000)
  object space 68608K, 23% used [0x00000000c0000000,0x00000000c0ff60f8,0x00000000c4300000)
 Metaspace       used 37394K, committed 38208K, reserved 1114112K
  class space    used 3760K, committed 4160K, reserved 1048576K
}
Event: 14.744 GC heap after
{Heap after GC invocations=14 (full 2):
 PSYoungGen      total 23552K, used 1056K [0x00000000eab00000, 0x00000000ec580000, 0x0000000100000000)
  eden space 22016K, 0% used [0x00000000eab00000,0x00000000eab00000,0x00000000ec080000)
  from space 1536K, 68% used [0x00000000ec400000,0x00000000ec508000,0x00000000ec580000)
  to   space 1536K, 0% used [0x00000000ec280000,0x00000000ec280000,0x00000000ec400000)
 ParOldGen       total 68608K, used 16352K [0x00000000c0000000, 0x00000000c4300000, 0x00000000eab00000)
  object space 68608K, 23% used [0x00000000c0000000,0x00000000c0ff80f8,0x00000000c4300000)
 Metaspace       used 37394K, committed 38208K, reserved 1114112K
  class space    used 3760K, committed 4160K, reserved 1048576K
}
Event: 15.647 GC heap before
{Heap before GC invocations=15 (full 2):
 PSYoungGen      total 23552K, used 23072K [0x00000000eab00000, 0x00000000ec580000, 0x0000000100000000)
  eden space 22016K, 100% used [0x00000000eab00000,0x00000000ec080000,0x00000000ec080000)
  from space 1536K, 68% used [0x00000000ec400000,0x00000000ec508000,0x00000000ec580000)
  to   space 1536K, 0% used [0x00000000ec280000,0x00000000ec280000,0x00000000ec400000)
 ParOldGen       total 68608K, used 16352K [0x00000000c0000000, 0x00000000c4300000, 0x00000000eab00000)
  object space 68608K, 23% used [0x00000000c0000000,0x00000000c0ff80f8,0x00000000c4300000)
 Metaspace       used 39480K, committed 40320K, reserved 1114112K
  class space    used 4000K, committed 4352K, reserved 1048576K
}
Event: 15.649 GC heap after
{Heap after GC invocations=15 (full 2):
 PSYoungGen      total 23552K, used 1399K [0x00000000eab00000, 0x00000000ec480000, 0x0000000100000000)
  eden space 22016K, 0% used [0x00000000eab00000,0x00000000eab00000,0x00000000ec080000)
  from space 1536K, 91% used [0x00000000ec280000,0x00000000ec3ddc10,0x00000000ec400000)
  to   space 512K, 0% used [0x00000000ec400000,0x00000000ec400000,0x00000000ec480000)
 ParOldGen       total 68608K, used 17264K [0x00000000c0000000, 0x00000000c4300000, 0x00000000eab00000)
  object space 68608K, 25% used [0x00000000c0000000,0x00000000c10dc0f8,0x00000000c4300000)
 Metaspace       used 39480K, committed 40320K, reserved 1114112K
  class space    used 4000K, committed 4352K, reserved 1048576K
}
Event: 16.101 GC heap before
{Heap before GC invocations=16 (full 2):
 PSYoungGen      total 23552K, used 23415K [0x00000000eab00000, 0x00000000ec480000, 0x0000000100000000)
  eden space 22016K, 100% used [0x00000000eab00000,0x00000000ec080000,0x00000000ec080000)
  from space 1536K, 91% used [0x00000000ec280000,0x00000000ec3ddc10,0x00000000ec400000)
  to   space 512K, 0% used [0x00000000ec400000,0x00000000ec400000,0x00000000ec480000)
 ParOldGen       total 68608K, used 17264K [0x00000000c0000000, 0x00000000c4300000, 0x00000000eab00000)
  object space 68608K, 25% used [0x00000000c0000000,0x00000000c10dc0f8,0x00000000c4300000)
 Metaspace       used 41655K, committed 42560K, reserved 1114112K
  class space    used 4263K, committed 4672K, reserved 1048576K
}
Event: 16.104 GC heap after
{Heap after GC invocations=16 (full 2):
 PSYoungGen      total 22528K, used 501K [0x00000000eab00000, 0x00000000ec580000, 0x0000000100000000)
  eden space 22016K, 0% used [0x00000000eab00000,0x00000000eab00000,0x00000000ec080000)
  from space 512K, 97% used [0x00000000ec400000,0x00000000ec47d6f0,0x00000000ec480000)
  to   space 2560K, 0% used [0x00000000ec080000,0x00000000ec080000,0x00000000ec300000)
 ParOldGen       total 68608K, used 18732K [0x00000000c0000000, 0x00000000c4300000, 0x00000000eab00000)
  object space 68608K, 27% used [0x00000000c0000000,0x00000000c124b1a8,0x00000000c4300000)
 Metaspace       used 41655K, committed 42560K, reserved 1114112K
  class space    used 4263K, committed 4672K, reserved 1048576K
}
Event: 16.879 GC heap before
{Heap before GC invocations=17 (full 2):
 PSYoungGen      total 22528K, used 22517K [0x00000000eab00000, 0x00000000ec580000, 0x0000000100000000)
  eden space 22016K, 100% used [0x00000000eab00000,0x00000000ec080000,0x00000000ec080000)
  from space 512K, 97% used [0x00000000ec400000,0x00000000ec47d6f0,0x00000000ec480000)
  to   space 2560K, 0% used [0x00000000ec080000,0x00000000ec080000,0x00000000ec300000)
 ParOldGen       total 68608K, used 18732K [0x00000000c0000000, 0x00000000c4300000, 0x00000000eab00000)
  object space 68608K, 27% used [0x00000000c0000000,0x00000000c124b1a8,0x00000000c4300000)
 Metaspace       used 43842K, committed 44864K, reserved 1114112K
  class space    used 4542K, committed 4992K, reserved 1048576K
}
Event: 16.883 GC heap after
{Heap after GC invocations=17 (full 2):
 PSYoungGen      total 24064K, used 1664K [0x00000000eab00000, 0x00000000ec480000, 0x0000000100000000)
  eden space 22016K, 0% used [0x00000000eab00000,0x00000000eab00000,0x00000000ec080000)
  from space 2048K, 81% used [0x00000000ec080000,0x00000000ec220000,0x00000000ec280000)
  to   space 2048K, 0% used [0x00000000ec280000,0x00000000ec280000,0x00000000ec480000)
 ParOldGen       total 68608K, used 19210K [0x00000000c0000000, 0x00000000c4300000, 0x00000000eab00000)
  object space 68608K, 28% used [0x00000000c0000000,0x00000000c12c2b28,0x00000000c4300000)
 Metaspace       used 43842K, committed 44864K, reserved 1114112K
  class space    used 4542K, committed 4992K, reserved 1048576K
}
Event: 17.567 GC heap before
{Heap before GC invocations=18 (full 2):
 PSYoungGen      total 24064K, used 23680K [0x00000000eab00000, 0x00000000ec480000, 0x0000000100000000)
  eden space 22016K, 100% used [0x00000000eab00000,0x00000000ec080000,0x00000000ec080000)
  from space 2048K, 81% used [0x00000000ec080000,0x00000000ec220000,0x00000000ec280000)
  to   space 2048K, 0% used [0x00000000ec280000,0x00000000ec280000,0x00000000ec480000)
 ParOldGen       total 68608K, used 19210K [0x00000000c0000000, 0x00000000c4300000, 0x00000000eab00000)
  object space 68608K, 28% used [0x00000000c0000000,0x00000000c12c2b28,0x00000000c4300000)
 Metaspace       used 45401K, committed 46464K, reserved 1114112K
  class space    used 4726K, committed 5184K, reserved 1048576K
}
Event: 17.572 GC heap after
{Heap after GC invocations=18 (full 2):
 PSYoungGen      total 24064K, used 1552K [0x00000000eab00000, 0x00000000ec480000, 0x0000000100000000)
  eden space 22016K, 0% used [0x00000000eab00000,0x00000000eab00000,0x00000000ec080000)
  from space 2048K, 75% used [0x00000000ec280000,0x00000000ec404010,0x00000000ec480000)
  to   space 2048K, 0% used [0x00000000ec080000,0x00000000ec080000,0x00000000ec280000)
 ParOldGen       total 68608K, used 20745K [0x00000000c0000000, 0x00000000c4300000, 0x00000000eab00000)
  object space 68608K, 30% used [0x00000000c0000000,0x00000000c14427d8,0x00000000c4300000)
 Metaspace       used 45401K, committed 46464K, reserved 1114112K
  class space    used 4726K, committed 5184K, reserved 1048576K
}
Event: 18.014 GC heap before
{Heap before GC invocations=19 (full 2):
 PSYoungGen      total 24064K, used 23568K [0x00000000eab00000, 0x00000000ec480000, 0x0000000100000000)
  eden space 22016K, 100% used [0x00000000eab00000,0x00000000ec080000,0x00000000ec080000)
  from space 2048K, 75% used [0x00000000ec280000,0x00000000ec404010,0x00000000ec480000)
  to   space 2048K, 0% used [0x00000000ec080000,0x00000000ec080000,0x00000000ec280000)
 ParOldGen       total 68608K, used 20745K [0x00000000c0000000, 0x00000000c4300000, 0x00000000eab00000)
  object space 68608K, 30% used [0x00000000c0000000,0x00000000c14427d8,0x00000000c4300000)
 Metaspace       used 47017K, committed 48064K, reserved 1114112K
  class space    used 4931K, committed 5376K, reserved 1048576K
}
Event: 18.017 GC heap after
{Heap after GC invocations=19 (full 2):
 PSYoungGen      total 23040K, used 976K [0x00000000eab00000, 0x00000000ec380000, 0x0000000100000000)
  eden space 22016K, 0% used [0x00000000eab00000,0x00000000eab00000,0x00000000ec080000)
  from space 1024K, 95% used [0x00000000ec080000,0x00000000ec174010,0x00000000ec180000)
  to   space 1536K, 0% used [0x00000000ec200000,0x00000000ec200000,0x00000000ec380000)
 ParOldGen       total 68608K, used 22065K [0x00000000c0000000, 0x00000000c4300000, 0x00000000eab00000)
  object space 68608K, 32% used [0x00000000c0000000,0x00000000c158c4d8,0x00000000c4300000)
 Metaspace       used 47017K, committed 48064K, reserved 1114112K
  class space    used 4931K, committed 5376K, reserved 1048576K
}
Event: 18.555 GC heap before
{Heap before GC invocations=20 (full 2):
 PSYoungGen      total 23040K, used 22975K [0x00000000eab00000, 0x00000000ec380000, 0x0000000100000000)
  eden space 22016K, 99% used [0x00000000eab00000,0x00000000ec07bdf8,0x00000000ec080000)
  from space 1024K, 95% used [0x00000000ec080000,0x00000000ec174010,0x00000000ec180000)
  to   space 1536K, 0% used [0x00000000ec200000,0x00000000ec200000,0x00000000ec380000)
 ParOldGen       total 68608K, used 22065K [0x00000000c0000000, 0x00000000c4300000, 0x00000000eab00000)
  object space 68608K, 32% used [0x00000000c0000000,0x00000000c158c4d8,0x00000000c4300000)
 Metaspace       used 48910K, committed 49920K, reserved 1114112K
  class space    used 5203K, committed 5696K, reserved 1048576K
}
Event: 18.558 GC heap after
{Heap after GC invocations=20 (full 2):
 PSYoungGen      total 21504K, used 1517K [0x00000000eab00000, 0x00000000ec780000, 0x0000000100000000)
  eden space 19968K, 0% used [0x00000000eab00000,0x00000000eab00000,0x00000000ebe80000)
  from space 1536K, 98% used [0x00000000ec200000,0x00000000ec37b510,0x00000000ec380000)
  to   space 3584K, 0% used [0x00000000ebe80000,0x00000000ebe80000,0x00000000ec200000)
 ParOldGen       total 68608K, used 23313K [0x00000000c0000000, 0x00000000c4300000, 0x00000000eab00000)
  object space 68608K, 33% used [0x00000000c0000000,0x00000000c16c44f8,0x00000000c4300000)
 Metaspace       used 48910K, committed 49920K, reserved 1114112K
  class space    used 5203K, committed 5696K, reserved 1048576K
}

