# JRE version: Java(TM) SE Runtime Environment (17.0.9+11) (build 17.0.9+11-LTS-201)
# Java VM: Java HotSpot(TM) 64-Bit Server VM (17.0.9+11-LTS-201, mixed mode, sharing, tiered, compressed oops, compressed class ptrs, g1 gc, windows-amd64)
GC Precious Log:
 CPUs: 8 total, 8 available
 Memory: 32494M
 Large Page Support: Disabled
 NUMA Support: Disabled
 Compressed Oops: Enabled (Zero based)
 Heap Region Size: 4M
 Heap Min Capacity: 8M
 Heap Initial Capacity: 508M
 Heap Max Capacity: 8124M
 Pre-touch: Disabled
 Parallel Workers: 8
 Concurrent Workers: 2
 Concurrent Refinement Workers: 8
 Periodic GC: Disabled
Heap:
 garbage-first heap   total 69632K, used 40498K [0x0000000604400000, 0x0000000800000000)
  region size 4096K, 5 young (20480K), 1 survivors (4096K)
 Metaspace       used 57680K, committed 58240K, reserved 1114112K
  class space    used 7430K, committed 7744K, reserved 1048576K
GC Heap History (20 events):
Event: 15115.030 GC heap before
{Heap before GC invocations=43 (full 0):
 garbage-first heap   total 69632K, used 53116K [0x0000000604400000, 0x0000000800000000)
  region size 4096K, 7 young (28672K), 1 survivors (4096K)
 Metaspace       used 56948K, committed 57600K, reserved 1114112K
  class space    used 7412K, committed 7744K, reserved 1048576K
}
Event: 15115.057 GC heap after
{Heap after GC invocations=44 (full 0):
 garbage-first heap   total 69632K, used 28574K [0x0000000604400000, 0x0000000800000000)
  region size 4096K, 1 young (4096K), 1 survivors (4096K)
 Metaspace       used 56948K, committed 57600K, reserved 1114112K
  class space    used 7412K, committed 7744K, reserved 1048576K
}
Event: 16150.668 GC heap before
{Heap before GC invocations=45 (full 0):
 garbage-first heap   total 69632K, used 53150K [0x0000000604400000, 0x0000000800000000)
  region size 4096K, 7 young (28672K), 1 survivors (4096K)
 Metaspace       used 57100K, committed 57664K, reserved 1114112K
  class space    used 7412K, committed 7744K, reserved 1048576K
}
Event: 16150.682 GC heap after
{Heap after GC invocations=46 (full 0):
 garbage-first heap   total 69632K, used 28575K [0x0000000604400000, 0x0000000800000000)
  region size 4096K, 1 young (4096K), 1 survivors (4096K)
 Metaspace       used 57100K, committed 57664K, reserved 1114112K
  class space    used 7412K, committed 7744K, reserved 1048576K
}
Event: 17192.740 GC heap before
{Heap before GC invocations=46 (full 0):
 garbage-first heap   total 69632K, used 53151K [0x0000000604400000, 0x0000000800000000)
  region size 4096K, 7 young (28672K), 1 survivors (4096K)
 Metaspace       used 57112K, committed 57664K, reserved 1114112K
  class space    used 7412K, committed 7744K, reserved 1048576K
}
Event: 17192.782 GC heap after
{Heap after GC invocations=47 (full 0):
 garbage-first heap   total 69632K, used 28560K [0x0000000604400000, 0x0000000800000000)
  region size 4096K, 1 young (4096K), 1 survivors (4096K)
 Metaspace       used 57112K, committed 57664K, reserved 1114112K
  class space    used 7412K, committed 7744K, reserved 1048576K
}
Event: 18236.517 GC heap before
{Heap before GC invocations=48 (full 0):
 garbage-first heap   total 69632K, used 53136K [0x0000000604400000, 0x0000000800000000)
  region size 4096K, 7 young (28672K), 1 survivors (4096K)
 Metaspace       used 57126K, committed 57664K, reserved 1114112K
  class space    used 7412K, committed 7744K, reserved 1048576K
}
Event: 18236.524 GC heap after
{Heap after GC invocations=49 (full 0):
 garbage-first heap   total 69632K, used 28602K [0x0000000604400000, 0x0000000800000000)
  region size 4096K, 1 young (4096K), 1 survivors (4096K)
 Metaspace       used 57126K, committed 57664K, reserved 1114112K
  class space    used 7412K, committed 7744K, reserved 1048576K
}
Event: 18899.653 GC heap before
{Heap before GC invocations=49 (full 0):
 garbage-first heap   total 69632K, used 53178K [0x0000000604400000, 0x0000000800000000)
  region size 4096K, 7 young (28672K), 1 survivors (4096K)
 Metaspace       used 57289K, committed 57856K, reserved 1114112K
  class space    used 7428K, committed 7744K, reserved 1048576K
}
Event: 18899.658 GC heap after
{Heap after GC invocations=50 (full 0):
 garbage-first heap   total 69632K, used 28346K [0x0000000604400000, 0x0000000800000000)
  region size 4096K, 1 young (4096K), 1 survivors (4096K)
 Metaspace       used 57289K, committed 57856K, reserved 1114112K
  class space    used 7428K, committed 7744K, reserved 1048576K
}
Event: 19199.946 GC heap before
{Heap before GC invocations=51 (full 0):
 garbage-first heap   total 69632K, used 52922K [0x0000000604400000, 0x0000000800000000)
  region size 4096K, 7 young (28672K), 1 survivors (4096K)
 Metaspace       used 57378K, committed 57920K, reserved 1114112K
  class space    used 7428K, committed 7744K, reserved 1048576K
}
Event: 19199.949 GC heap after
{Heap after GC invocations=52 (full 0):
 garbage-first heap   total 69632K, used 28269K [0x0000000604400000, 0x0000000800000000)
  region size 4096K, 1 young (4096K), 1 survivors (4096K)
 Metaspace       used 57378K, committed 57920K, reserved 1114112K
  class space    used 7428K, committed 7744K, reserved 1048576K
}
Event: 19500.197 GC heap before
{Heap before GC invocations=52 (full 0):
 garbage-first heap   total 69632K, used 52845K [0x0000000604400000, 0x0000000800000000)
  region size 4096K, 7 young (28672K), 1 survivors (4096K)
 Metaspace       used 57451K, committed 57984K, reserved 1114112K
  class space    used 7429K, committed 7744K, reserved 1048576K
}
Event: 19500.200 GC heap after
{Heap after GC invocations=53 (full 0):
 garbage-first heap   total 69632K, used 28582K [0x0000000604400000, 0x0000000800000000)
  region size 4096K, 1 young (4096K), 1 survivors (4096K)
 Metaspace       used 57451K, committed 57984K, reserved 1114112K
  class space    used 7429K, committed 7744K, reserved 1048576K
}
Event: 19800.566 GC heap before
{Heap before GC invocations=54 (full 0):
 garbage-first heap   total 69632K, used 53158K [0x0000000604400000, 0x0000000800000000)
  region size 4096K, 7 young (28672K), 1 survivors (4096K)
 Metaspace       used 57519K, committed 58112K, reserved 1114112K
  class space    used 7429K, committed 7744K, reserved 1048576K
}
Event: 19800.569 GC heap after
{Heap after GC invocations=55 (full 0):
 garbage-first heap   total 69632K, used 28307K [0x0000000604400000, 0x0000000800000000)
  region size 4096K, 1 young (4096K), 1 survivors (4096K)
 Metaspace       used 57519K, committed 58112K, reserved 1114112K
  class space    used 7429K, committed 7744K, reserved 1048576K
}
Event: 20100.870 GC heap before
{Heap before GC invocations=55 (full 0):
 garbage-first heap   total 69632K, used 52883K [0x0000000604400000, 0x0000000800000000)
  region size 4096K, 7 young (28672K), 1 survivors (4096K)
 Metaspace       used 57587K, committed 58112K, reserved 1114112K
  class space    used 7430K, committed 7744K, reserved 1048576K
}
Event: 20100.873 GC heap after
{Heap after GC invocations=56 (full 0):
 garbage-first heap   total 69632K, used 28399K [0x0000000604400000, 0x0000000800000000)
  region size 4096K, 1 young (4096K), 1 survivors (4096K)
 Metaspace       used 57587K, committed 58112K, reserved 1114112K
  class space    used 7430K, committed 7744K, reserved 1048576K
}
Event: 20412.902 GC heap before
{Heap before GC invocations=57 (full 0):
 garbage-first heap   total 69632K, used 52975K [0x0000000604400000, 0x0000000800000000)
  region size 4096K, 7 young (28672K), 1 survivors (4096K)
 Metaspace       used 57659K, committed 58240K, reserved 1114112K
  class space    used 7430K, committed 7744K, reserved 1048576K
}
Event: 20412.906 GC heap after
{Heap after GC invocations=58 (full 0):
 garbage-first heap   total 69632K, used 28210K [0x0000000604400000, 0x0000000800000000)
  region size 4096K, 1 young (4096K), 1 survivors (4096K)
 Metaspace       used 57659K, committed 58240K, reserved 1114112K
  class space    used 7430K, committed 7744K, reserved 1048576K
}

